[0.028s] Invoking command in '/home/cafsanchezdi/ros2_ws/build/sdv_serial': DEBUGINFOD_URLS=https://debuginfod.ubuntu.com /usr/bin/cmake --build /home/cafsanchezdi/ros2_ws/build/sdv_serial -- -j4 -l4
[0.042s] Change Dir: '/home/cafsanchezdi/ros2_ws/build/sdv_serial'
[0.043s] 
[0.043s] Run Build Command(s): /usr/bin/cmake -E env VERBOSE=1 /usr/bin/gmake -f Makefile -j4 -l4
[0.063s] /usr/bin/cmake -S/home/cafsanchezdi/ros2_ws/src/sdv_un_ros/sdv_serial -B/home/cafsanchezdi/ros2_ws/build/sdv_serial --check-build-system CMakeFiles/Makefile.cmake 0
[0.083s] /usr/bin/cmake -E cmake_progress_start /home/cafsanchezdi/ros2_ws/build/sdv_serial/CMakeFiles /home/cafsanchezdi/ros2_ws/build/sdv_serial//CMakeFiles/progress.marks
[0.098s] /usr/bin/gmake  -f CMakeFiles/Makefile2 all
[0.102s] gmake[1]: Entering directory '/home/cafsanchezdi/ros2_ws/build/sdv_serial'
[0.102s] /usr/bin/gmake  -f CMakeFiles/sdv_serial__rosidl_generator_type_description.dir/build.make CMakeFiles/sdv_serial__rosidl_generator_type_description.dir/depend
[0.102s] /usr/bin/gmake  -f CMakeFiles/ament_cmake_python_copy_sdv_serial.dir/build.make CMakeFiles/ament_cmake_python_copy_sdv_serial.dir/depend
[0.104s] gmake[2]: Entering directory '/home/cafsanchezdi/ros2_ws/build/sdv_serial'
[0.105s] cd /home/cafsanchezdi/ros2_ws/build/sdv_serial && /usr/bin/cmake -E cmake_depends "Unix Makefiles" /home/cafsanchezdi/ros2_ws/src/sdv_un_ros/sdv_serial /home/cafsanchezdi/ros2_ws/src/sdv_un_ros/sdv_serial /home/cafsanchezdi/ros2_ws/build/sdv_serial /home/cafsanchezdi/ros2_ws/build/sdv_serial /home/cafsanchezdi/ros2_ws/build/sdv_serial/CMakeFiles/ament_cmake_python_copy_sdv_serial.dir/DependInfo.cmake "--color="
[0.105s] gmake[2]: Entering directory '/home/cafsanchezdi/ros2_ws/build/sdv_serial'
[0.106s] cd /home/cafsanchezdi/ros2_ws/build/sdv_serial && /usr/bin/cmake -E cmake_depends "Unix Makefiles" /home/cafsanchezdi/ros2_ws/src/sdv_un_ros/sdv_serial /home/cafsanchezdi/ros2_ws/src/sdv_un_ros/sdv_serial /home/cafsanchezdi/ros2_ws/build/sdv_serial /home/cafsanchezdi/ros2_ws/build/sdv_serial /home/cafsanchezdi/ros2_ws/build/sdv_serial/CMakeFiles/sdv_serial__rosidl_generator_type_description.dir/DependInfo.cmake "--color="
[0.126s] gmake[2]: Leaving directory '/home/cafsanchezdi/ros2_ws/build/sdv_serial'
[0.126s] gmake[2]: Leaving directory '/home/cafsanchezdi/ros2_ws/build/sdv_serial'
[0.126s] /usr/bin/gmake  -f CMakeFiles/ament_cmake_python_copy_sdv_serial.dir/build.make CMakeFiles/ament_cmake_python_copy_sdv_serial.dir/build
[0.127s] /usr/bin/gmake  -f CMakeFiles/sdv_serial__rosidl_generator_type_description.dir/build.make CMakeFiles/sdv_serial__rosidl_generator_type_description.dir/build
[0.128s] gmake[2]: Entering directory '/home/cafsanchezdi/ros2_ws/build/sdv_serial'
[0.129s] /usr/bin/cmake -E copy_directory /home/cafsanchezdi/ros2_ws/build/sdv_serial/rosidl_generator_py/sdv_serial /home/cafsanchezdi/ros2_ws/build/sdv_serial/ament_cmake_python/sdv_serial/sdv_serial
[0.129s] gmake[2]: Entering directory '/home/cafsanchezdi/ros2_ws/build/sdv_serial'
[0.129s] gmake[2]: Nothing to be done for 'CMakeFiles/sdv_serial__rosidl_generator_type_description.dir/build'.
[0.130s] gmake[2]: Leaving directory '/home/cafsanchezdi/ros2_ws/build/sdv_serial'
[0.141s] [  1%] Built target sdv_serial__rosidl_generator_type_description
[0.143s] /usr/bin/gmake  -f CMakeFiles/sdv_serial__cpp.dir/build.make CMakeFiles/sdv_serial__cpp.dir/depend
[0.143s] /usr/bin/gmake  -f CMakeFiles/sdv_serial__rosidl_generator_c.dir/build.make CMakeFiles/sdv_serial__rosidl_generator_c.dir/depend
[0.146s] gmake[2]: Entering directory '/home/cafsanchezdi/ros2_ws/build/sdv_serial'
[0.146s] cd /home/cafsanchezdi/ros2_ws/build/sdv_serial && /usr/bin/cmake -E cmake_depends "Unix Makefiles" /home/cafsanchezdi/ros2_ws/src/sdv_un_ros/sdv_serial /home/cafsanchezdi/ros2_ws/src/sdv_un_ros/sdv_serial /home/cafsanchezdi/ros2_ws/build/sdv_serial /home/cafsanchezdi/ros2_ws/build/sdv_serial /home/cafsanchezdi/ros2_ws/build/sdv_serial/CMakeFiles/sdv_serial__cpp.dir/DependInfo.cmake "--color="
[0.147s] gmake[2]: Leaving directory '/home/cafsanchezdi/ros2_ws/build/sdv_serial'
[0.152s] gmake[2]: Entering directory '/home/cafsanchezdi/ros2_ws/build/sdv_serial'
[0.152s] cd /home/cafsanchezdi/ros2_ws/build/sdv_serial && /usr/bin/cmake -E cmake_depends "Unix Makefiles" /home/cafsanchezdi/ros2_ws/src/sdv_un_ros/sdv_serial /home/cafsanchezdi/ros2_ws/src/sdv_un_ros/sdv_serial /home/cafsanchezdi/ros2_ws/build/sdv_serial /home/cafsanchezdi/ros2_ws/build/sdv_serial /home/cafsanchezdi/ros2_ws/build/sdv_serial/CMakeFiles/sdv_serial__rosidl_generator_c.dir/DependInfo.cmake "--color="
[0.162s] [  1%] Built target ament_cmake_python_copy_sdv_serial
[0.164s] /usr/bin/gmake  -f CMakeFiles/ament_cmake_python_build_sdv_serial_egg.dir/build.make CMakeFiles/ament_cmake_python_build_sdv_serial_egg.dir/depend
[0.166s] gmake[2]: Entering directory '/home/cafsanchezdi/ros2_ws/build/sdv_serial'
[0.166s] cd /home/cafsanchezdi/ros2_ws/build/sdv_serial && /usr/bin/cmake -E cmake_depends "Unix Makefiles" /home/cafsanchezdi/ros2_ws/src/sdv_un_ros/sdv_serial /home/cafsanchezdi/ros2_ws/src/sdv_un_ros/sdv_serial /home/cafsanchezdi/ros2_ws/build/sdv_serial /home/cafsanchezdi/ros2_ws/build/sdv_serial /home/cafsanchezdi/ros2_ws/build/sdv_serial/CMakeFiles/ament_cmake_python_build_sdv_serial_egg.dir/DependInfo.cmake "--color="
[0.167s] gmake[2]: Leaving directory '/home/cafsanchezdi/ros2_ws/build/sdv_serial'
[0.168s] /usr/bin/gmake  -f CMakeFiles/sdv_serial__cpp.dir/build.make CMakeFiles/sdv_serial__cpp.dir/build
[0.171s] gmake[2]: Entering directory '/home/cafsanchezdi/ros2_ws/build/sdv_serial'
[0.171s] gmake[2]: Nothing to be done for 'CMakeFiles/sdv_serial__cpp.dir/build'.
[0.172s] gmake[2]: Leaving directory '/home/cafsanchezdi/ros2_ws/build/sdv_serial'
[0.175s] gmake[2]: Leaving directory '/home/cafsanchezdi/ros2_ws/build/sdv_serial'
[0.176s] /usr/bin/gmake  -f CMakeFiles/sdv_serial__rosidl_generator_c.dir/build.make CMakeFiles/sdv_serial__rosidl_generator_c.dir/build
[0.182s] gmake[2]: Entering directory '/home/cafsanchezdi/ros2_ws/build/sdv_serial'
[0.182s] gmake[2]: Nothing to be done for 'CMakeFiles/sdv_serial__rosidl_generator_c.dir/build'.
[0.182s] gmake[2]: Leaving directory '/home/cafsanchezdi/ros2_ws/build/sdv_serial'
[0.187s] gmake[2]: Leaving directory '/home/cafsanchezdi/ros2_ws/build/sdv_serial'
[0.188s] /usr/bin/gmake  -f CMakeFiles/ament_cmake_python_build_sdv_serial_egg.dir/build.make CMakeFiles/ament_cmake_python_build_sdv_serial_egg.dir/build
[0.190s] gmake[2]: Entering directory '/home/cafsanchezdi/ros2_ws/build/sdv_serial'
[0.190s] cd /home/cafsanchezdi/ros2_ws/build/sdv_serial/ament_cmake_python/sdv_serial && /usr/bin/python3 setup.py egg_info
[0.191s] [  2%] Built target sdv_serial__cpp
[0.198s] [ 25%] Built target sdv_serial__rosidl_generator_c
[0.202s] /usr/bin/gmake  -f CMakeFiles/sdv_serial__rosidl_typesupport_cpp.dir/build.make CMakeFiles/sdv_serial__rosidl_typesupport_cpp.dir/depend
[0.203s] /usr/bin/gmake  -f CMakeFiles/sdv_serial__rosidl_typesupport_fastrtps_c.dir/build.make CMakeFiles/sdv_serial__rosidl_typesupport_fastrtps_c.dir/depend
[0.206s] /usr/bin/gmake  -f CMakeFiles/sdv_serial__rosidl_typesupport_fastrtps_cpp.dir/build.make CMakeFiles/sdv_serial__rosidl_typesupport_fastrtps_cpp.dir/depend
[0.211s] gmake[2]: Entering directory '/home/cafsanchezdi/ros2_ws/build/sdv_serial'
[0.211s] cd /home/cafsanchezdi/ros2_ws/build/sdv_serial && /usr/bin/cmake -E cmake_depends "Unix Makefiles" /home/cafsanchezdi/ros2_ws/src/sdv_un_ros/sdv_serial /home/cafsanchezdi/ros2_ws/src/sdv_un_ros/sdv_serial /home/cafsanchezdi/ros2_ws/build/sdv_serial /home/cafsanchezdi/ros2_ws/build/sdv_serial /home/cafsanchezdi/ros2_ws/build/sdv_serial/CMakeFiles/sdv_serial__rosidl_typesupport_cpp.dir/DependInfo.cmake "--color="
[0.212s] gmake[2]: Entering directory '/home/cafsanchezdi/ros2_ws/build/sdv_serial'
[0.213s] cd /home/cafsanchezdi/ros2_ws/build/sdv_serial && /usr/bin/cmake -E cmake_depends "Unix Makefiles" /home/cafsanchezdi/ros2_ws/src/sdv_un_ros/sdv_serial /home/cafsanchezdi/ros2_ws/src/sdv_un_ros/sdv_serial /home/cafsanchezdi/ros2_ws/build/sdv_serial /home/cafsanchezdi/ros2_ws/build/sdv_serial /home/cafsanchezdi/ros2_ws/build/sdv_serial/CMakeFiles/sdv_serial__rosidl_typesupport_fastrtps_c.dir/DependInfo.cmake "--color="
[0.218s] gmake[2]: Entering directory '/home/cafsanchezdi/ros2_ws/build/sdv_serial'
[0.218s] cd /home/cafsanchezdi/ros2_ws/build/sdv_serial && /usr/bin/cmake -E cmake_depends "Unix Makefiles" /home/cafsanchezdi/ros2_ws/src/sdv_un_ros/sdv_serial /home/cafsanchezdi/ros2_ws/src/sdv_un_ros/sdv_serial /home/cafsanchezdi/ros2_ws/build/sdv_serial /home/cafsanchezdi/ros2_ws/build/sdv_serial /home/cafsanchezdi/ros2_ws/build/sdv_serial/CMakeFiles/sdv_serial__rosidl_typesupport_fastrtps_cpp.dir/DependInfo.cmake "--color="
[0.237s] gmake[2]: Leaving directory '/home/cafsanchezdi/ros2_ws/build/sdv_serial'
[0.238s] gmake[2]: Leaving directory '/home/cafsanchezdi/ros2_ws/build/sdv_serial'
[0.238s] /usr/bin/gmake  -f CMakeFiles/sdv_serial__rosidl_typesupport_cpp.dir/build.make CMakeFiles/sdv_serial__rosidl_typesupport_cpp.dir/build
[0.238s] /usr/bin/gmake  -f CMakeFiles/sdv_serial__rosidl_typesupport_fastrtps_c.dir/build.make CMakeFiles/sdv_serial__rosidl_typesupport_fastrtps_c.dir/build
[0.243s] gmake[2]: Leaving directory '/home/cafsanchezdi/ros2_ws/build/sdv_serial'
[0.244s] /usr/bin/gmake  -f CMakeFiles/sdv_serial__rosidl_typesupport_fastrtps_cpp.dir/build.make CMakeFiles/sdv_serial__rosidl_typesupport_fastrtps_cpp.dir/build
[0.247s] gmake[2]: Entering directory '/home/cafsanchezdi/ros2_ws/build/sdv_serial'
[0.247s] gmake[2]: Nothing to be done for 'CMakeFiles/sdv_serial__rosidl_typesupport_cpp.dir/build'.
[0.247s] gmake[2]: Leaving directory '/home/cafsanchezdi/ros2_ws/build/sdv_serial'
[0.250s] gmake[2]: Entering directory '/home/cafsanchezdi/ros2_ws/build/sdv_serial'
[0.251s] gmake[2]: Nothing to be done for 'CMakeFiles/sdv_serial__rosidl_typesupport_fastrtps_c.dir/build'.
[0.251s] gmake[2]: Leaving directory '/home/cafsanchezdi/ros2_ws/build/sdv_serial'
[0.254s] gmake[2]: Entering directory '/home/cafsanchezdi/ros2_ws/build/sdv_serial'
[0.255s] gmake[2]: Nothing to be done for 'CMakeFiles/sdv_serial__rosidl_typesupport_fastrtps_cpp.dir/build'.
[0.255s] gmake[2]: Leaving directory '/home/cafsanchezdi/ros2_ws/build/sdv_serial'
[0.268s] [ 35%] Built target sdv_serial__rosidl_typesupport_cpp
[0.271s] /usr/bin/gmake  -f CMakeFiles/sdv_serial__rosidl_typesupport_introspection_c.dir/build.make CMakeFiles/sdv_serial__rosidl_typesupport_introspection_c.dir/depend
[0.278s] [ 44%] Built target sdv_serial__rosidl_typesupport_fastrtps_c
[0.278s] /usr/bin/gmake  -f CMakeFiles/sdv_serial__rosidl_typesupport_c.dir/build.make CMakeFiles/sdv_serial__rosidl_typesupport_c.dir/depend
[0.279s] gmake[2]: Entering directory '/home/cafsanchezdi/ros2_ws/build/sdv_serial'
[0.279s] cd /home/cafsanchezdi/ros2_ws/build/sdv_serial && /usr/bin/cmake -E cmake_depends "Unix Makefiles" /home/cafsanchezdi/ros2_ws/src/sdv_un_ros/sdv_serial /home/cafsanchezdi/ros2_ws/src/sdv_un_ros/sdv_serial /home/cafsanchezdi/ros2_ws/build/sdv_serial /home/cafsanchezdi/ros2_ws/build/sdv_serial /home/cafsanchezdi/ros2_ws/build/sdv_serial/CMakeFiles/sdv_serial__rosidl_typesupport_introspection_c.dir/DependInfo.cmake "--color="
[0.283s] [ 53%] Built target sdv_serial__rosidl_typesupport_fastrtps_cpp
[0.287s] gmake[2]: Entering directory '/home/cafsanchezdi/ros2_ws/build/sdv_serial'
[0.288s] /usr/bin/gmake  -f CMakeFiles/sdv_serial__rosidl_typesupport_introspection_cpp.dir/build.make CMakeFiles/sdv_serial__rosidl_typesupport_introspection_cpp.dir/depend
[0.289s] cd /home/cafsanchezdi/ros2_ws/build/sdv_serial && /usr/bin/cmake -E cmake_depends "Unix Makefiles" /home/cafsanchezdi/ros2_ws/src/sdv_un_ros/sdv_serial /home/cafsanchezdi/ros2_ws/src/sdv_un_ros/sdv_serial /home/cafsanchezdi/ros2_ws/build/sdv_serial /home/cafsanchezdi/ros2_ws/build/sdv_serial /home/cafsanchezdi/ros2_ws/build/sdv_serial/CMakeFiles/sdv_serial__rosidl_typesupport_c.dir/DependInfo.cmake "--color="
[0.297s] gmake[2]: Entering directory '/home/cafsanchezdi/ros2_ws/build/sdv_serial'
[0.297s] cd /home/cafsanchezdi/ros2_ws/build/sdv_serial && /usr/bin/cmake -E cmake_depends "Unix Makefiles" /home/cafsanchezdi/ros2_ws/src/sdv_un_ros/sdv_serial /home/cafsanchezdi/ros2_ws/src/sdv_un_ros/sdv_serial /home/cafsanchezdi/ros2_ws/build/sdv_serial /home/cafsanchezdi/ros2_ws/build/sdv_serial /home/cafsanchezdi/ros2_ws/build/sdv_serial/CMakeFiles/sdv_serial__rosidl_typesupport_introspection_cpp.dir/DependInfo.cmake "--color="
[0.306s] gmake[2]: Leaving directory '/home/cafsanchezdi/ros2_ws/build/sdv_serial'
[0.306s] /usr/bin/gmake  -f CMakeFiles/sdv_serial__rosidl_typesupport_introspection_c.dir/build.make CMakeFiles/sdv_serial__rosidl_typesupport_introspection_c.dir/build
[0.313s] gmake[2]: Entering directory '/home/cafsanchezdi/ros2_ws/build/sdv_serial'
[0.314s] gmake[2]: Nothing to be done for 'CMakeFiles/sdv_serial__rosidl_typesupport_introspection_c.dir/build'.
[0.314s] gmake[2]: Leaving directory '/home/cafsanchezdi/ros2_ws/build/sdv_serial'
[0.323s] gmake[2]: Leaving directory '/home/cafsanchezdi/ros2_ws/build/sdv_serial'
[0.323s] /usr/bin/gmake  -f CMakeFiles/sdv_serial__rosidl_typesupport_c.dir/build.make CMakeFiles/sdv_serial__rosidl_typesupport_c.dir/build
[0.330s] gmake[2]: Leaving directory '/home/cafsanchezdi/ros2_ws/build/sdv_serial'
[0.330s] /usr/bin/gmake  -f CMakeFiles/sdv_serial__rosidl_typesupport_introspection_cpp.dir/build.make CMakeFiles/sdv_serial__rosidl_typesupport_introspection_cpp.dir/build
[0.331s] gmake[2]: Entering directory '/home/cafsanchezdi/ros2_ws/build/sdv_serial'
[0.331s] gmake[2]: Nothing to be done for 'CMakeFiles/sdv_serial__rosidl_typesupport_c.dir/build'.
[0.332s] gmake[2]: Leaving directory '/home/cafsanchezdi/ros2_ws/build/sdv_serial'
[0.337s] gmake[2]: Entering directory '/home/cafsanchezdi/ros2_ws/build/sdv_serial'
[0.338s] gmake[2]: Nothing to be done for 'CMakeFiles/sdv_serial__rosidl_typesupport_introspection_cpp.dir/build'.
[0.339s] gmake[2]: Leaving directory '/home/cafsanchezdi/ros2_ws/build/sdv_serial'
[0.347s] [ 62%] Built target sdv_serial__rosidl_typesupport_introspection_c
[0.355s] [ 72%] Built target sdv_serial__rosidl_typesupport_c
[0.359s] [ 81%] Built target sdv_serial__rosidl_typesupport_introspection_cpp
[0.360s] /usr/bin/gmake  -f CMakeFiles/sdv_serial.dir/build.make CMakeFiles/sdv_serial.dir/depend
[0.362s] gmake[2]: Entering directory '/home/cafsanchezdi/ros2_ws/build/sdv_serial'
[0.362s] cd /home/cafsanchezdi/ros2_ws/build/sdv_serial && /usr/bin/cmake -E cmake_depends "Unix Makefiles" /home/cafsanchezdi/ros2_ws/src/sdv_un_ros/sdv_serial /home/cafsanchezdi/ros2_ws/src/sdv_un_ros/sdv_serial /home/cafsanchezdi/ros2_ws/build/sdv_serial /home/cafsanchezdi/ros2_ws/build/sdv_serial /home/cafsanchezdi/ros2_ws/build/sdv_serial/CMakeFiles/sdv_serial.dir/DependInfo.cmake "--color="
[0.378s] gmake[2]: Leaving directory '/home/cafsanchezdi/ros2_ws/build/sdv_serial'
[0.378s] /usr/bin/gmake  -f CMakeFiles/sdv_serial.dir/build.make CMakeFiles/sdv_serial.dir/build
[0.381s] gmake[2]: Entering directory '/home/cafsanchezdi/ros2_ws/build/sdv_serial'
[0.381s] gmake[2]: Nothing to be done for 'CMakeFiles/sdv_serial.dir/build'.
[0.381s] gmake[2]: Leaving directory '/home/cafsanchezdi/ros2_ws/build/sdv_serial'
[0.395s] [ 81%] Built target sdv_serial
[0.397s] /usr/bin/gmake  -f /home/cafsanchezdi/ros2_ws/build/sdv_serial/sdv_serial__py/CMakeFiles/sdv_serial__py.dir/build.make /home/cafsanchezdi/ros2_ws/build/sdv_serial/sdv_serial__py/CMakeFiles/sdv_serial__py.dir/depend
[0.397s] /usr/bin/gmake  -f CMakeFiles/sdv_serial_node2.dir/build.make CMakeFiles/sdv_serial_node2.dir/depend
[0.404s] gmake[2]: Entering directory '/home/cafsanchezdi/ros2_ws/build/sdv_serial'
[0.404s] cd /home/cafsanchezdi/ros2_ws/build/sdv_serial && /usr/bin/cmake -E cmake_depends "Unix Makefiles" /home/cafsanchezdi/ros2_ws/src/sdv_un_ros/sdv_serial /home/cafsanchezdi/ros2_ws/build/sdv_serial/sdv_serial__py /home/cafsanchezdi/ros2_ws/build/sdv_serial /home/cafsanchezdi/ros2_ws/build/sdv_serial/sdv_serial__py /home/cafsanchezdi/ros2_ws/build/sdv_serial/sdv_serial__py/CMakeFiles/sdv_serial__py.dir/DependInfo.cmake "--color="
[0.415s] gmake[2]: Entering directory '/home/cafsanchezdi/ros2_ws/build/sdv_serial'
[0.415s] cd /home/cafsanchezdi/ros2_ws/build/sdv_serial && /usr/bin/cmake -E cmake_depends "Unix Makefiles" /home/cafsanchezdi/ros2_ws/src/sdv_un_ros/sdv_serial /home/cafsanchezdi/ros2_ws/src/sdv_un_ros/sdv_serial /home/cafsanchezdi/ros2_ws/build/sdv_serial /home/cafsanchezdi/ros2_ws/build/sdv_serial /home/cafsanchezdi/ros2_ws/build/sdv_serial/CMakeFiles/sdv_serial_node2.dir/DependInfo.cmake "--color="
[0.422s] gmake[2]: Leaving directory '/home/cafsanchezdi/ros2_ws/build/sdv_serial'
[0.422s] /usr/bin/gmake  -f /home/cafsanchezdi/ros2_ws/build/sdv_serial/sdv_serial__py/CMakeFiles/sdv_serial__py.dir/build.make /home/cafsanchezdi/ros2_ws/build/sdv_serial/sdv_serial__py/CMakeFiles/sdv_serial__py.dir/build
[0.425s] gmake[2]: Entering directory '/home/cafsanchezdi/ros2_ws/build/sdv_serial'
[0.425s] gmake[2]: Nothing to be done for '/home/cafsanchezdi/ros2_ws/build/sdv_serial/sdv_serial__py/CMakeFiles/sdv_serial__py.dir/build'.
[0.425s] gmake[2]: Leaving directory '/home/cafsanchezdi/ros2_ws/build/sdv_serial'
[0.437s] Dependencies file "CMakeFiles/sdv_serial_node2.dir/src/sdv_serial_node2.cpp.o.d" is newer than depends file "/home/cafsanchezdi/ros2_ws/build/sdv_serial/CMakeFiles/sdv_serial_node2.dir/compiler_depend.internal".
[0.439s] [ 82%] Built target sdv_serial__py
[0.440s] /usr/bin/gmake  -f CMakeFiles/sdv_serial__rosidl_generator_py.dir/build.make CMakeFiles/sdv_serial__rosidl_generator_py.dir/depend
[0.441s] [35m[1mConsolidate compiler generated dependencies of target sdv_serial_node2[0m
[0.446s] gmake[2]: Entering directory '/home/cafsanchezdi/ros2_ws/build/sdv_serial'
[0.446s] cd /home/cafsanchezdi/ros2_ws/build/sdv_serial && /usr/bin/cmake -E cmake_depends "Unix Makefiles" /home/cafsanchezdi/ros2_ws/src/sdv_un_ros/sdv_serial /home/cafsanchezdi/ros2_ws/src/sdv_un_ros/sdv_serial /home/cafsanchezdi/ros2_ws/build/sdv_serial /home/cafsanchezdi/ros2_ws/build/sdv_serial /home/cafsanchezdi/ros2_ws/build/sdv_serial/CMakeFiles/sdv_serial__rosidl_generator_py.dir/DependInfo.cmake "--color="
[0.462s] gmake[2]: Leaving directory '/home/cafsanchezdi/ros2_ws/build/sdv_serial'
[0.462s] gmake[2]: Leaving directory '/home/cafsanchezdi/ros2_ws/build/sdv_serial'
[0.463s] /usr/bin/gmake  -f CMakeFiles/sdv_serial__rosidl_generator_py.dir/build.make CMakeFiles/sdv_serial__rosidl_generator_py.dir/build
[0.463s] /usr/bin/gmake  -f CMakeFiles/sdv_serial_node2.dir/build.make CMakeFiles/sdv_serial_node2.dir/build
[0.468s] gmake[2]: Entering directory '/home/cafsanchezdi/ros2_ws/build/sdv_serial'
[0.469s] gmake[2]: Nothing to be done for 'CMakeFiles/sdv_serial__rosidl_generator_py.dir/build'.
[0.469s] gmake[2]: Leaving directory '/home/cafsanchezdi/ros2_ws/build/sdv_serial'
[0.483s] [ 90%] Built target sdv_serial__rosidl_generator_py
[0.484s] /usr/bin/gmake  -f CMakeFiles/sdv_serial_s__rosidl_typesupport_fastrtps_c.dir/build.make CMakeFiles/sdv_serial_s__rosidl_typesupport_fastrtps_c.dir/depend
[0.487s] /usr/bin/gmake  -f CMakeFiles/sdv_serial_s__rosidl_typesupport_introspection_c.dir/build.make CMakeFiles/sdv_serial_s__rosidl_typesupport_introspection_c.dir/depend
[0.487s] gmake[2]: Entering directory '/home/cafsanchezdi/ros2_ws/build/sdv_serial'
[0.489s] gmake[2]: Entering directory '/home/cafsanchezdi/ros2_ws/build/sdv_serial'
[0.489s] cd /home/cafsanchezdi/ros2_ws/build/sdv_serial && /usr/bin/cmake -E cmake_depends "Unix Makefiles" /home/cafsanchezdi/ros2_ws/src/sdv_un_ros/sdv_serial /home/cafsanchezdi/ros2_ws/src/sdv_un_ros/sdv_serial /home/cafsanchezdi/ros2_ws/build/sdv_serial /home/cafsanchezdi/ros2_ws/build/sdv_serial /home/cafsanchezdi/ros2_ws/build/sdv_serial/CMakeFiles/sdv_serial_s__rosidl_typesupport_fastrtps_c.dir/DependInfo.cmake "--color="
[0.491s] gmake[2]: Entering directory '/home/cafsanchezdi/ros2_ws/build/sdv_serial'
[0.491s] cd /home/cafsanchezdi/ros2_ws/build/sdv_serial && /usr/bin/cmake -E cmake_depends "Unix Makefiles" /home/cafsanchezdi/ros2_ws/src/sdv_un_ros/sdv_serial /home/cafsanchezdi/ros2_ws/src/sdv_un_ros/sdv_serial /home/cafsanchezdi/ros2_ws/build/sdv_serial /home/cafsanchezdi/ros2_ws/build/sdv_serial /home/cafsanchezdi/ros2_ws/build/sdv_serial/CMakeFiles/sdv_serial_s__rosidl_typesupport_introspection_c.dir/DependInfo.cmake "--color="
[0.514s] gmake[2]: Leaving directory '/home/cafsanchezdi/ros2_ws/build/sdv_serial'
[0.515s] /usr/bin/gmake  -f CMakeFiles/sdv_serial_s__rosidl_typesupport_fastrtps_c.dir/build.make CMakeFiles/sdv_serial_s__rosidl_typesupport_fastrtps_c.dir/build
[0.516s] gmake[2]: Leaving directory '/home/cafsanchezdi/ros2_ws/build/sdv_serial'
[0.520s] /usr/bin/gmake  -f CMakeFiles/sdv_serial_s__rosidl_typesupport_introspection_c.dir/build.make CMakeFiles/sdv_serial_s__rosidl_typesupport_introspection_c.dir/build
[0.520s] [ 91%] [32mBuilding CXX object CMakeFiles/sdv_serial_node2.dir/src/sdv_serial_node2.cpp.o[0m
[0.522s] /usr/bin/c++ -DDEFAULT_RMW_IMPLEMENTATION=rmw_fastrtps_cpp -DFASTCDR_DYN_LINK -DROS_PACKAGE_NAME=\"sdv_serial\" -I/home/cafsanchezdi/ros2_ws/src/sdv_un_ros/sdv_serial/include -I/home/cafsanchezdi/ros2_ws/build/sdv_serial/rosidl_generator_cpp -I/opt/ros/jazzy/include -I/opt/ros/jazzy/include/rclcpp_components -I/opt/ros/jazzy/include/rclcpp_lifecycle -I/home/cafsanchezdi/ros2_ws/build/sdv_serial/rosidl_generator_c -isystem /opt/ros/jazzy/include/rclcpp -isystem /opt/ros/jazzy/include/std_msgs -isystem /opt/ros/jazzy/include/sensor_msgs -isystem /opt/ros/jazzy/include/geometry_msgs -isystem /opt/ros/jazzy/include/rcutils -isystem /opt/ros/jazzy/include/rosidl_typesupport_interface -isystem /opt/ros/jazzy/include/rosidl_runtime_c -isystem /opt/ros/jazzy/include/rosidl_runtime_cpp -isystem /opt/ros/jazzy/include/rcpputils -isystem /opt/ros/jazzy/include/rosidl_typesupport_c -isystem /opt/ros/jazzy/include/rosidl_typesupport_cpp -isystem /opt/ros/jazzy/include/rosidl_typesupport_introspection_c -isystem /opt/ros/jazzy/include/rosidl_typesupport_introspection_cpp -isystem /opt/ros/jazzy/include/udp_msgs -isystem /opt/ros/jazzy/include/builtin_interfaces -isystem /opt/ros/jazzy/include/fastcdr -isystem /opt/ros/jazzy/include/rosidl_typesupport_fastrtps_cpp -isystem /opt/ros/jazzy/include/rmw -isystem /opt/ros/jazzy/include/rosidl_dynamic_typesupport -isystem /opt/ros/jazzy/include/rosidl_typesupport_fastrtps_c -isystem /opt/ros/jazzy/include/libstatistics_collector -isystem /opt/ros/jazzy/include/rcl -isystem /opt/ros/jazzy/include/rcl_interfaces -isystem /opt/ros/jazzy/include/service_msgs -isystem /opt/ros/jazzy/include/rcl_logging_interface -isystem /opt/ros/jazzy/include/rcl_yaml_param_parser -isystem /opt/ros/jazzy/include/type_description_interfaces -isystem /opt/ros/jazzy/include/statistics_msgs -isystem /opt/ros/jazzy/include/rosgraph_msgs -isystem /opt/ros/jazzy/include/tracetools -isystem /opt/ros/jazzy/include/class_loader -isystem /opt/ros/jazzy/include/composition_interfaces -isystem /opt/ros/jazzy/include/lifecycle_msgs -isystem /opt/ros/jazzy/include/rcl_lifecycle -std=gnu++17 -MD -MT CMakeFiles/sdv_serial_node2.dir/src/sdv_serial_node2.cpp.o -MF CMakeFiles/sdv_serial_node2.dir/src/sdv_serial_node2.cpp.o.d -o CMakeFiles/sdv_serial_node2.dir/src/sdv_serial_node2.cpp.o -c /home/cafsanchezdi/ros2_ws/src/sdv_un_ros/sdv_serial/src/sdv_serial_node2.cpp
[0.523s] gmake[2]: Entering directory '/home/cafsanchezdi/ros2_ws/build/sdv_serial'
[0.523s] gmake[2]: Nothing to be done for 'CMakeFiles/sdv_serial_s__rosidl_typesupport_fastrtps_c.dir/build'.
[0.524s] gmake[2]: Leaving directory '/home/cafsanchezdi/ros2_ws/build/sdv_serial'
[0.527s] gmake[2]: Entering directory '/home/cafsanchezdi/ros2_ws/build/sdv_serial'
[0.528s] gmake[2]: Nothing to be done for 'CMakeFiles/sdv_serial_s__rosidl_typesupport_introspection_c.dir/build'.
[0.528s] gmake[2]: Leaving directory '/home/cafsanchezdi/ros2_ws/build/sdv_serial'
[0.546s] [ 93%] Built target sdv_serial_s__rosidl_typesupport_fastrtps_c
[0.547s] /usr/bin/gmake  -f CMakeFiles/sdv_serial_s__rosidl_typesupport_c.dir/build.make CMakeFiles/sdv_serial_s__rosidl_typesupport_c.dir/depend
[0.550s] [ 95%] Built target sdv_serial_s__rosidl_typesupport_introspection_c
[0.553s] gmake[2]: Entering directory '/home/cafsanchezdi/ros2_ws/build/sdv_serial'
[0.553s] cd /home/cafsanchezdi/ros2_ws/build/sdv_serial && /usr/bin/cmake -E cmake_depends "Unix Makefiles" /home/cafsanchezdi/ros2_ws/src/sdv_un_ros/sdv_serial /home/cafsanchezdi/ros2_ws/src/sdv_un_ros/sdv_serial /home/cafsanchezdi/ros2_ws/build/sdv_serial /home/cafsanchezdi/ros2_ws/build/sdv_serial /home/cafsanchezdi/ros2_ws/build/sdv_serial/CMakeFiles/sdv_serial_s__rosidl_typesupport_c.dir/DependInfo.cmake "--color="
[0.578s] gmake[2]: Leaving directory '/home/cafsanchezdi/ros2_ws/build/sdv_serial'
[0.578s] /usr/bin/gmake  -f CMakeFiles/sdv_serial_s__rosidl_typesupport_c.dir/build.make CMakeFiles/sdv_serial_s__rosidl_typesupport_c.dir/build
[0.584s] gmake[2]: Entering directory '/home/cafsanchezdi/ros2_ws/build/sdv_serial'
[0.584s] gmake[2]: Nothing to be done for 'CMakeFiles/sdv_serial_s__rosidl_typesupport_c.dir/build'.
[0.584s] gmake[2]: Leaving directory '/home/cafsanchezdi/ros2_ws/build/sdv_serial'
[0.609s] [ 97%] Built target sdv_serial_s__rosidl_typesupport_c
[0.754s] running egg_info
[0.795s] writing sdv_serial.egg-info/PKG-INFO
[0.796s] writing dependency_links to sdv_serial.egg-info/dependency_links.txt
[0.796s] writing top-level names to sdv_serial.egg-info/top_level.txt
[0.924s] reading manifest file 'sdv_serial.egg-info/SOURCES.txt'
[0.925s] writing manifest file 'sdv_serial.egg-info/SOURCES.txt'
[0.962s] gmake[2]: Leaving directory '/home/cafsanchezdi/ros2_ws/build/sdv_serial'
[0.975s] [ 97%] Built target ament_cmake_python_build_sdv_serial_egg
[5.835s] [01m[K/home/cafsanchezdi/ros2_ws/src/sdv_un_ros/sdv_serial/src/sdv_serial_node2.cpp:97:3:[m[K [01;31m[Kerror: [m[Kâ€˜[01m[Kserial[m[Kâ€™ does not name a type
[5.835s]    97 |   [01;31m[Kserial[m[K::Serial ser_;
[5.835s]       |   [01;31m[K^~~~~~[m[K
[5.977s] [01m[K/home/cafsanchezdi/ros2_ws/src/sdv_un_ros/sdv_serial/src/sdv_serial_node2.cpp:[m[K In constructor â€˜[01m[KSDVSerialNode::[01;32m[KSDVSerialNode[m[K()[m[Kâ€™:
[5.977s] [01m[K/home/cafsanchezdi/ros2_ws/src/sdv_un_ros/sdv_serial/src/sdv_serial_node2.cpp:77:10:[m[K [01;31m[Kerror: [m[Kâ€˜[01m[Kser_[m[Kâ€™ was not declared in this scope
[5.978s]    77 |       if([01;31m[Kser_[m[K.isOpen())
[5.978s]       |          [01;31m[K^~~~[m[K
[6.008s] [01m[K/home/cafsanchezdi/ros2_ws/src/sdv_un_ros/sdv_serial/src/sdv_serial_node2.cpp:[m[K In member function â€˜[01m[Kint SDVSerialNode::[01;32m[Kopen_serial_port[m[K(const std::string&)[m[Kâ€™:
[6.009s] [01m[K/home/cafsanchezdi/ros2_ws/src/sdv_un_ros/sdv_serial/src/sdv_serial_node2.cpp:174:7:[m[K [01;31m[Kerror: [m[Kâ€˜[01m[Kser_[m[Kâ€™ was not declared in this scope
[6.009s]   174 |       [01;31m[Kser_[m[K.setPort(portx);
[6.009s]       |       [01;31m[K^~~~[m[K
[6.009s] [01m[K/home/cafsanchezdi/ros2_ws/src/sdv_un_ros/sdv_serial/src/sdv_serial_node2.cpp:176:7:[m[K [01;31m[Kerror: [m[Kâ€˜[01m[Kserial[m[Kâ€™ has not been declared
[6.010s]   176 |       [01;31m[Kserial[m[K::Timeout to = serial::Timeout::simpleTimeout(10);
[6.010s]       |       [01;31m[K^~~~~~[m[K
[6.017s] [01m[K/home/cafsanchezdi/ros2_ws/src/sdv_un_ros/sdv_serial/src/sdv_serial_node2.cpp:177:23:[m[K [01;31m[Kerror: [m[Kâ€˜[01m[Kto[m[Kâ€™ was not declared in this scope; did you mean â€˜[01m[Ktm[m[Kâ€™?
[6.017s]   177 |       ser_.setTimeout([01;31m[Kto[m[K);
[6.017s]       |                       [01;31m[K^~[m[K
[6.017s]       |                       [32m[Ktm[m[K
[6.020s] [01m[K/home/cafsanchezdi/ros2_ws/src/sdv_un_ros/sdv_serial/src/sdv_serial_node2.cpp:179:14:[m[K [01;31m[Kerror: [m[Kâ€˜[01m[Kserial[m[Kâ€™ does not name a type
[6.021s]   179 |     } catch ([01;31m[Kserial[m[K::IOException &e) {
[6.021s]       |              [01;31m[K^~~~~~[m[K
[6.021s] [01m[K/home/cafsanchezdi/ros2_ws/src/sdv_un_ros/sdv_serial/src/sdv_serial_node2.cpp:179:34:[m[K [01;31m[Kerror: [m[Kexpected unqualified-id before â€˜[01m[K&[m[Kâ€™ token
[6.022s]   179 |     } catch (serial::IOException [01;31m[K&[m[Ke) {
[6.022s]       |                                  [01;31m[K^[m[K
[6.022s] [01m[K/home/cafsanchezdi/ros2_ws/src/sdv_un_ros/sdv_serial/src/sdv_serial_node2.cpp:179:34:[m[K [01;31m[Kerror: [m[Kexpected â€˜[01m[K)[m[Kâ€™ before â€˜[01m[K&[m[Kâ€™ token
[6.023s] [01m[K/home/cafsanchezdi/ros2_ws/src/sdv_un_ros/sdv_serial/src/sdv_serial_node2.cpp:179:13:[m[K [01;36m[Knote: [m[Kto match this â€˜[01m[K([m[Kâ€™
[6.023s]   179 |     } catch [01;36m[K([m[Kserial::IOException &e) {
[6.023s]       |             [01;36m[K^[m[K
[6.023s] [01m[K/home/cafsanchezdi/ros2_ws/src/sdv_un_ros/sdv_serial/src/sdv_serial_node2.cpp:179:34:[m[K [01;31m[Kerror: [m[Kexpected â€˜[01m[K{[m[Kâ€™ before â€˜[01m[K&[m[Kâ€™ token
[6.023s]   179 |     } catch (serial::IOException [01;31m[K&[m[Ke) {
[6.024s]       |                                  [01;31m[K^[m[K
[6.033s] [01m[K/home/cafsanchezdi/ros2_ws/src/sdv_un_ros/sdv_serial/src/sdv_serial_node2.cpp:179:35:[m[K [01;31m[Kerror: [m[Kâ€˜[01m[Ke[m[Kâ€™ was not declared in this scope
[6.033s]   179 |     } catch (serial::IOException &[01;31m[Ke[m[K) {
[6.034s]       |                                   [01;31m[K^[m[K
[6.043s] [01m[K/home/cafsanchezdi/ros2_ws/src/sdv_un_ros/sdv_serial/src/sdv_serial_node2.cpp:[m[K In member function â€˜[01m[Kvoid SDVSerialNode::[01;32m[Kstart_serial_communication[m[K()[m[Kâ€™:
[6.043s] [01m[K/home/cafsanchezdi/ros2_ws/src/sdv_un_ros/sdv_serial/src/sdv_serial_node2.cpp:190:5:[m[K [01;31m[Kerror: [m[Kâ€˜[01m[Kser_[m[Kâ€™ was not declared in this scope
[6.043s]   190 |     [01;31m[Kser_[m[K.write("if 0\r");
[6.044s]       |     [01;31m[K^~~~[m[K
[6.061s] [01m[K/home/cafsanchezdi/ros2_ws/src/sdv_un_ros/sdv_serial/src/sdv_serial_node2.cpp:[m[K In member function â€˜[01m[Kvoid SDVSerialNode::[01;32m[Kprocess_serial[m[K()[m[Kâ€™:
[6.062s] [01m[K/home/cafsanchezdi/ros2_ws/src/sdv_un_ros/sdv_serial/src/sdv_serial_node2.cpp:261:9:[m[K [01;31m[Kerror: [m[Kâ€˜[01m[Kser_[m[Kâ€™ was not declared in this scope
[6.062s]   261 |     if ([01;31m[Kser_[m[K.available()) {
[6.062s]       |         [01;31m[K^~~~[m[K
[6.073s] [01m[K/home/cafsanchezdi/ros2_ws/src/sdv_un_ros/sdv_serial/src/sdv_serial_node2.cpp:298:9:[m[K [01;31m[Kerror: [m[Kâ€˜[01m[Kser_[m[Kâ€™ was not declared in this scope
[6.073s]   298 |         [01;31m[Kser_[m[K.write(msg);
[6.073s]       |         [01;31m[K^~~~[m[K
[12.684s] gmake[2]: *** [CMakeFiles/sdv_serial_node2.dir/build.make:79: CMakeFiles/sdv_serial_node2.dir/src/sdv_serial_node2.cpp.o] Error 1
[12.685s] gmake[1]: *** [CMakeFiles/Makefile2:629: CMakeFiles/sdv_serial_node2.dir/all] Error 2
[12.685s] gmake: *** [Makefile:149: all] Error 2
[12.686s] gmake[2]: Leaving directory '/home/cafsanchezdi/ros2_ws/build/sdv_serial'
[12.686s] gmake[1]: Leaving directory '/home/cafsanchezdi/ros2_ws/build/sdv_serial'
[12.688s] 
[12.691s] Invoked command in '/home/cafsanchezdi/ros2_ws/build/sdv_serial' returned '2': DEBUGINFOD_URLS=https://debuginfod.ubuntu.com /usr/bin/cmake --build /home/cafsanchezdi/ros2_ws/build/sdv_serial -- -j4 -l4
