[0.031s] Invoking command in '/home/cafsanchezdi/ros2_ws/build/sdv_serial': DEBUGINFOD_URLS=https://debuginfod.ubuntu.com /usr/bin/cmake --build /home/cafsanchezdi/ros2_ws/build/sdv_serial -- -j4 -l4
[0.045s] Change Dir: '/home/cafsanchezdi/ros2_ws/build/sdv_serial'
[0.045s] 
[0.045s] Run Build Command(s): /usr/bin/cmake -E env VERBOSE=1 /usr/bin/gmake -f Makefile -j4 -l4
[0.065s] /usr/bin/cmake -S/home/cafsanchezdi/ros2_ws/src/sdv_un_ros/sdv_serial -B/home/cafsanchezdi/ros2_ws/build/sdv_serial --check-build-system CMakeFiles/Makefile.cmake 0
[0.087s] /usr/bin/cmake -E cmake_progress_start /home/cafsanchezdi/ros2_ws/build/sdv_serial/CMakeFiles /home/cafsanchezdi/ros2_ws/build/sdv_serial//CMakeFiles/progress.marks
[0.104s] /usr/bin/gmake  -f CMakeFiles/Makefile2 all
[0.107s] gmake[1]: Entering directory '/home/cafsanchezdi/ros2_ws/build/sdv_serial'
[0.107s] /usr/bin/gmake  -f CMakeFiles/sdv_serial__rosidl_generator_type_description.dir/build.make CMakeFiles/sdv_serial__rosidl_generator_type_description.dir/depend
[0.107s] /usr/bin/gmake  -f CMakeFiles/ament_cmake_python_copy_sdv_serial.dir/build.make CMakeFiles/ament_cmake_python_copy_sdv_serial.dir/depend
[0.110s] gmake[2]: Entering directory '/home/cafsanchezdi/ros2_ws/build/sdv_serial'
[0.110s] cd /home/cafsanchezdi/ros2_ws/build/sdv_serial && /usr/bin/cmake -E cmake_depends "Unix Makefiles" /home/cafsanchezdi/ros2_ws/src/sdv_un_ros/sdv_serial /home/cafsanchezdi/ros2_ws/src/sdv_un_ros/sdv_serial /home/cafsanchezdi/ros2_ws/build/sdv_serial /home/cafsanchezdi/ros2_ws/build/sdv_serial /home/cafsanchezdi/ros2_ws/build/sdv_serial/CMakeFiles/ament_cmake_python_copy_sdv_serial.dir/DependInfo.cmake "--color="
[0.110s] gmake[2]: Entering directory '/home/cafsanchezdi/ros2_ws/build/sdv_serial'
[0.111s] cd /home/cafsanchezdi/ros2_ws/build/sdv_serial && /usr/bin/cmake -E cmake_depends "Unix Makefiles" /home/cafsanchezdi/ros2_ws/src/sdv_un_ros/sdv_serial /home/cafsanchezdi/ros2_ws/src/sdv_un_ros/sdv_serial /home/cafsanchezdi/ros2_ws/build/sdv_serial /home/cafsanchezdi/ros2_ws/build/sdv_serial /home/cafsanchezdi/ros2_ws/build/sdv_serial/CMakeFiles/sdv_serial__rosidl_generator_type_description.dir/DependInfo.cmake "--color="
[0.126s] gmake[2]: Leaving directory '/home/cafsanchezdi/ros2_ws/build/sdv_serial'
[0.127s] gmake[2]: Leaving directory '/home/cafsanchezdi/ros2_ws/build/sdv_serial'
[0.127s] /usr/bin/gmake  -f CMakeFiles/sdv_serial__rosidl_generator_type_description.dir/build.make CMakeFiles/sdv_serial__rosidl_generator_type_description.dir/build
[0.127s] /usr/bin/gmake  -f CMakeFiles/ament_cmake_python_copy_sdv_serial.dir/build.make CMakeFiles/ament_cmake_python_copy_sdv_serial.dir/build
[0.130s] gmake[2]: Entering directory '/home/cafsanchezdi/ros2_ws/build/sdv_serial'
[0.130s] /usr/bin/cmake -E copy_directory /home/cafsanchezdi/ros2_ws/build/sdv_serial/rosidl_generator_py/sdv_serial /home/cafsanchezdi/ros2_ws/build/sdv_serial/ament_cmake_python/sdv_serial/sdv_serial
[0.130s] gmake[2]: Entering directory '/home/cafsanchezdi/ros2_ws/build/sdv_serial'
[0.131s] gmake[2]: Nothing to be done for 'CMakeFiles/sdv_serial__rosidl_generator_type_description.dir/build'.
[0.131s] gmake[2]: Leaving directory '/home/cafsanchezdi/ros2_ws/build/sdv_serial'
[0.144s] [  1%] Built target sdv_serial__rosidl_generator_type_description
[0.144s] /usr/bin/gmake  -f CMakeFiles/sdv_serial__cpp.dir/build.make CMakeFiles/sdv_serial__cpp.dir/depend
[0.145s] /usr/bin/gmake  -f CMakeFiles/sdv_serial__rosidl_generator_c.dir/build.make CMakeFiles/sdv_serial__rosidl_generator_c.dir/depend
[0.149s] gmake[2]: Entering directory '/home/cafsanchezdi/ros2_ws/build/sdv_serial'
[0.149s] cd /home/cafsanchezdi/ros2_ws/build/sdv_serial && /usr/bin/cmake -E cmake_depends "Unix Makefiles" /home/cafsanchezdi/ros2_ws/src/sdv_un_ros/sdv_serial /home/cafsanchezdi/ros2_ws/src/sdv_un_ros/sdv_serial /home/cafsanchezdi/ros2_ws/build/sdv_serial /home/cafsanchezdi/ros2_ws/build/sdv_serial /home/cafsanchezdi/ros2_ws/build/sdv_serial/CMakeFiles/sdv_serial__cpp.dir/DependInfo.cmake "--color="
[0.150s] gmake[2]: Leaving directory '/home/cafsanchezdi/ros2_ws/build/sdv_serial'
[0.155s] gmake[2]: Entering directory '/home/cafsanchezdi/ros2_ws/build/sdv_serial'
[0.156s] cd /home/cafsanchezdi/ros2_ws/build/sdv_serial && /usr/bin/cmake -E cmake_depends "Unix Makefiles" /home/cafsanchezdi/ros2_ws/src/sdv_un_ros/sdv_serial /home/cafsanchezdi/ros2_ws/src/sdv_un_ros/sdv_serial /home/cafsanchezdi/ros2_ws/build/sdv_serial /home/cafsanchezdi/ros2_ws/build/sdv_serial /home/cafsanchezdi/ros2_ws/build/sdv_serial/CMakeFiles/sdv_serial__rosidl_generator_c.dir/DependInfo.cmake "--color="
[0.168s] [  1%] Built target ament_cmake_python_copy_sdv_serial
[0.169s] gmake[2]: Leaving directory '/home/cafsanchezdi/ros2_ws/build/sdv_serial'
[0.170s] /usr/bin/gmake  -f CMakeFiles/ament_cmake_python_build_sdv_serial_egg.dir/build.make CMakeFiles/ament_cmake_python_build_sdv_serial_egg.dir/depend
[0.170s] /usr/bin/gmake  -f CMakeFiles/sdv_serial__cpp.dir/build.make CMakeFiles/sdv_serial__cpp.dir/build
[0.171s] gmake[2]: Entering directory '/home/cafsanchezdi/ros2_ws/build/sdv_serial'
[0.172s] cd /home/cafsanchezdi/ros2_ws/build/sdv_serial && /usr/bin/cmake -E cmake_depends "Unix Makefiles" /home/cafsanchezdi/ros2_ws/src/sdv_un_ros/sdv_serial /home/cafsanchezdi/ros2_ws/src/sdv_un_ros/sdv_serial /home/cafsanchezdi/ros2_ws/build/sdv_serial /home/cafsanchezdi/ros2_ws/build/sdv_serial /home/cafsanchezdi/ros2_ws/build/sdv_serial/CMakeFiles/ament_cmake_python_build_sdv_serial_egg.dir/DependInfo.cmake "--color="
[0.173s] gmake[2]: Entering directory '/home/cafsanchezdi/ros2_ws/build/sdv_serial'
[0.173s] gmake[2]: Nothing to be done for 'CMakeFiles/sdv_serial__cpp.dir/build'.
[0.174s] gmake[2]: Leaving directory '/home/cafsanchezdi/ros2_ws/build/sdv_serial'
[0.181s] gmake[2]: Leaving directory '/home/cafsanchezdi/ros2_ws/build/sdv_serial'
[0.182s] /usr/bin/gmake  -f CMakeFiles/sdv_serial__rosidl_generator_c.dir/build.make CMakeFiles/sdv_serial__rosidl_generator_c.dir/build
[0.189s] gmake[2]: Leaving directory '/home/cafsanchezdi/ros2_ws/build/sdv_serial'
[0.190s] /usr/bin/gmake  -f CMakeFiles/ament_cmake_python_build_sdv_serial_egg.dir/build.make CMakeFiles/ament_cmake_python_build_sdv_serial_egg.dir/build
[0.191s] gmake[2]: Entering directory '/home/cafsanchezdi/ros2_ws/build/sdv_serial'
[0.191s] gmake[2]: Nothing to be done for 'CMakeFiles/sdv_serial__rosidl_generator_c.dir/build'.
[0.192s] gmake[2]: Leaving directory '/home/cafsanchezdi/ros2_ws/build/sdv_serial'
[0.192s] gmake[2]: Entering directory '/home/cafsanchezdi/ros2_ws/build/sdv_serial'
[0.193s] cd /home/cafsanchezdi/ros2_ws/build/sdv_serial/ament_cmake_python/sdv_serial && /usr/bin/python3 setup.py egg_info
[0.196s] [  2%] Built target sdv_serial__cpp
[0.211s] [ 25%] Built target sdv_serial__rosidl_generator_c
[0.214s] /usr/bin/gmake  -f CMakeFiles/sdv_serial__rosidl_typesupport_cpp.dir/build.make CMakeFiles/sdv_serial__rosidl_typesupport_cpp.dir/depend
[0.215s] /usr/bin/gmake  -f CMakeFiles/sdv_serial__rosidl_typesupport_fastrtps_c.dir/build.make CMakeFiles/sdv_serial__rosidl_typesupport_fastrtps_c.dir/depend
[0.218s] /usr/bin/gmake  -f CMakeFiles/sdv_serial__rosidl_typesupport_fastrtps_cpp.dir/build.make CMakeFiles/sdv_serial__rosidl_typesupport_fastrtps_cpp.dir/depend
[0.222s] gmake[2]: Entering directory '/home/cafsanchezdi/ros2_ws/build/sdv_serial'
[0.222s] cd /home/cafsanchezdi/ros2_ws/build/sdv_serial && /usr/bin/cmake -E cmake_depends "Unix Makefiles" /home/cafsanchezdi/ros2_ws/src/sdv_un_ros/sdv_serial /home/cafsanchezdi/ros2_ws/src/sdv_un_ros/sdv_serial /home/cafsanchezdi/ros2_ws/build/sdv_serial /home/cafsanchezdi/ros2_ws/build/sdv_serial /home/cafsanchezdi/ros2_ws/build/sdv_serial/CMakeFiles/sdv_serial__rosidl_typesupport_cpp.dir/DependInfo.cmake "--color="
[0.222s] gmake[2]: Entering directory '/home/cafsanchezdi/ros2_ws/build/sdv_serial'
[0.223s] cd /home/cafsanchezdi/ros2_ws/build/sdv_serial && /usr/bin/cmake -E cmake_depends "Unix Makefiles" /home/cafsanchezdi/ros2_ws/src/sdv_un_ros/sdv_serial /home/cafsanchezdi/ros2_ws/src/sdv_un_ros/sdv_serial /home/cafsanchezdi/ros2_ws/build/sdv_serial /home/cafsanchezdi/ros2_ws/build/sdv_serial /home/cafsanchezdi/ros2_ws/build/sdv_serial/CMakeFiles/sdv_serial__rosidl_typesupport_fastrtps_c.dir/DependInfo.cmake "--color="
[0.225s] gmake[2]: Entering directory '/home/cafsanchezdi/ros2_ws/build/sdv_serial'
[0.226s] cd /home/cafsanchezdi/ros2_ws/build/sdv_serial && /usr/bin/cmake -E cmake_depends "Unix Makefiles" /home/cafsanchezdi/ros2_ws/src/sdv_un_ros/sdv_serial /home/cafsanchezdi/ros2_ws/src/sdv_un_ros/sdv_serial /home/cafsanchezdi/ros2_ws/build/sdv_serial /home/cafsanchezdi/ros2_ws/build/sdv_serial /home/cafsanchezdi/ros2_ws/build/sdv_serial/CMakeFiles/sdv_serial__rosidl_typesupport_fastrtps_cpp.dir/DependInfo.cmake "--color="
[0.249s] gmake[2]: Leaving directory '/home/cafsanchezdi/ros2_ws/build/sdv_serial'
[0.249s] /usr/bin/gmake  -f CMakeFiles/sdv_serial__rosidl_typesupport_cpp.dir/build.make CMakeFiles/sdv_serial__rosidl_typesupport_cpp.dir/build
[0.254s] gmake[2]: Leaving directory '/home/cafsanchezdi/ros2_ws/build/sdv_serial'
[0.255s] /usr/bin/gmake  -f CMakeFiles/sdv_serial__rosidl_typesupport_fastrtps_c.dir/build.make CMakeFiles/sdv_serial__rosidl_typesupport_fastrtps_c.dir/build
[0.255s] gmake[2]: Leaving directory '/home/cafsanchezdi/ros2_ws/build/sdv_serial'
[0.256s] /usr/bin/gmake  -f CMakeFiles/sdv_serial__rosidl_typesupport_fastrtps_cpp.dir/build.make CMakeFiles/sdv_serial__rosidl_typesupport_fastrtps_cpp.dir/build
[0.257s] gmake[2]: Entering directory '/home/cafsanchezdi/ros2_ws/build/sdv_serial'
[0.257s] gmake[2]: Nothing to be done for 'CMakeFiles/sdv_serial__rosidl_typesupport_cpp.dir/build'.
[0.258s] gmake[2]: Leaving directory '/home/cafsanchezdi/ros2_ws/build/sdv_serial'
[0.265s] gmake[2]: Entering directory '/home/cafsanchezdi/ros2_ws/build/sdv_serial'
[0.266s] gmake[2]: Nothing to be done for 'CMakeFiles/sdv_serial__rosidl_typesupport_fastrtps_cpp.dir/build'.
[0.266s] gmake[2]: Leaving directory '/home/cafsanchezdi/ros2_ws/build/sdv_serial'
[0.269s] gmake[2]: Entering directory '/home/cafsanchezdi/ros2_ws/build/sdv_serial'
[0.271s] gmake[2]: Nothing to be done for 'CMakeFiles/sdv_serial__rosidl_typesupport_fastrtps_c.dir/build'.
[0.271s] gmake[2]: Leaving directory '/home/cafsanchezdi/ros2_ws/build/sdv_serial'
[0.280s] [ 35%] Built target sdv_serial__rosidl_typesupport_cpp
[0.284s] /usr/bin/gmake  -f CMakeFiles/sdv_serial__rosidl_typesupport_introspection_c.dir/build.make CMakeFiles/sdv_serial__rosidl_typesupport_introspection_c.dir/depend
[0.290s] [ 44%] Built target sdv_serial__rosidl_typesupport_fastrtps_cpp
[0.290s] /usr/bin/gmake  -f CMakeFiles/sdv_serial__rosidl_typesupport_c.dir/build.make CMakeFiles/sdv_serial__rosidl_typesupport_c.dir/depend
[0.291s] gmake[2]: Entering directory '/home/cafsanchezdi/ros2_ws/build/sdv_serial'
[0.291s] [ 53%] Built target sdv_serial__rosidl_typesupport_fastrtps_c
[0.292s] cd /home/cafsanchezdi/ros2_ws/build/sdv_serial && /usr/bin/cmake -E cmake_depends "Unix Makefiles" /home/cafsanchezdi/ros2_ws/src/sdv_un_ros/sdv_serial /home/cafsanchezdi/ros2_ws/src/sdv_un_ros/sdv_serial /home/cafsanchezdi/ros2_ws/build/sdv_serial /home/cafsanchezdi/ros2_ws/build/sdv_serial /home/cafsanchezdi/ros2_ws/build/sdv_serial/CMakeFiles/sdv_serial__rosidl_typesupport_introspection_c.dir/DependInfo.cmake "--color="
[0.294s] /usr/bin/gmake  -f CMakeFiles/sdv_serial__rosidl_typesupport_introspection_cpp.dir/build.make CMakeFiles/sdv_serial__rosidl_typesupport_introspection_cpp.dir/depend
[0.298s] gmake[2]: Entering directory '/home/cafsanchezdi/ros2_ws/build/sdv_serial'
[0.299s] cd /home/cafsanchezdi/ros2_ws/build/sdv_serial && /usr/bin/cmake -E cmake_depends "Unix Makefiles" /home/cafsanchezdi/ros2_ws/src/sdv_un_ros/sdv_serial /home/cafsanchezdi/ros2_ws/src/sdv_un_ros/sdv_serial /home/cafsanchezdi/ros2_ws/build/sdv_serial /home/cafsanchezdi/ros2_ws/build/sdv_serial /home/cafsanchezdi/ros2_ws/build/sdv_serial/CMakeFiles/sdv_serial__rosidl_typesupport_c.dir/DependInfo.cmake "--color="
[0.305s] gmake[2]: Entering directory '/home/cafsanchezdi/ros2_ws/build/sdv_serial'
[0.305s] cd /home/cafsanchezdi/ros2_ws/build/sdv_serial && /usr/bin/cmake -E cmake_depends "Unix Makefiles" /home/cafsanchezdi/ros2_ws/src/sdv_un_ros/sdv_serial /home/cafsanchezdi/ros2_ws/src/sdv_un_ros/sdv_serial /home/cafsanchezdi/ros2_ws/build/sdv_serial /home/cafsanchezdi/ros2_ws/build/sdv_serial /home/cafsanchezdi/ros2_ws/build/sdv_serial/CMakeFiles/sdv_serial__rosidl_typesupport_introspection_cpp.dir/DependInfo.cmake "--color="
[0.320s] gmake[2]: Leaving directory '/home/cafsanchezdi/ros2_ws/build/sdv_serial'
[0.321s] /usr/bin/gmake  -f CMakeFiles/sdv_serial__rosidl_typesupport_c.dir/build.make CMakeFiles/sdv_serial__rosidl_typesupport_c.dir/build
[0.324s] gmake[2]: Leaving directory '/home/cafsanchezdi/ros2_ws/build/sdv_serial'
[0.325s] /usr/bin/gmake  -f CMakeFiles/sdv_serial__rosidl_typesupport_introspection_c.dir/build.make CMakeFiles/sdv_serial__rosidl_typesupport_introspection_c.dir/build
[0.328s] gmake[2]: Entering directory '/home/cafsanchezdi/ros2_ws/build/sdv_serial'
[0.328s] gmake[2]: Nothing to be done for 'CMakeFiles/sdv_serial__rosidl_typesupport_c.dir/build'.
[0.328s] gmake[2]: Leaving directory '/home/cafsanchezdi/ros2_ws/build/sdv_serial'
[0.333s] gmake[2]: Entering directory '/home/cafsanchezdi/ros2_ws/build/sdv_serial'
[0.333s] gmake[2]: Nothing to be done for 'CMakeFiles/sdv_serial__rosidl_typesupport_introspection_c.dir/build'.
[0.333s] gmake[2]: Leaving directory '/home/cafsanchezdi/ros2_ws/build/sdv_serial'
[0.345s] gmake[2]: Leaving directory '/home/cafsanchezdi/ros2_ws/build/sdv_serial'
[0.346s] /usr/bin/gmake  -f CMakeFiles/sdv_serial__rosidl_typesupport_introspection_cpp.dir/build.make CMakeFiles/sdv_serial__rosidl_typesupport_introspection_cpp.dir/build
[0.353s] gmake[2]: Entering directory '/home/cafsanchezdi/ros2_ws/build/sdv_serial'
[0.353s] gmake[2]: Nothing to be done for 'CMakeFiles/sdv_serial__rosidl_typesupport_introspection_cpp.dir/build'.
[0.356s] gmake[2]: Leaving directory '/home/cafsanchezdi/ros2_ws/build/sdv_serial'
[0.356s] [ 62%] Built target sdv_serial__rosidl_typesupport_introspection_c
[0.357s] [ 72%] Built target sdv_serial__rosidl_typesupport_c
[0.370s] [ 81%] Built target sdv_serial__rosidl_typesupport_introspection_cpp
[0.372s] /usr/bin/gmake  -f CMakeFiles/sdv_serial.dir/build.make CMakeFiles/sdv_serial.dir/depend
[0.374s] gmake[2]: Entering directory '/home/cafsanchezdi/ros2_ws/build/sdv_serial'
[0.374s] cd /home/cafsanchezdi/ros2_ws/build/sdv_serial && /usr/bin/cmake -E cmake_depends "Unix Makefiles" /home/cafsanchezdi/ros2_ws/src/sdv_un_ros/sdv_serial /home/cafsanchezdi/ros2_ws/src/sdv_un_ros/sdv_serial /home/cafsanchezdi/ros2_ws/build/sdv_serial /home/cafsanchezdi/ros2_ws/build/sdv_serial /home/cafsanchezdi/ros2_ws/build/sdv_serial/CMakeFiles/sdv_serial.dir/DependInfo.cmake "--color="
[0.390s] gmake[2]: Leaving directory '/home/cafsanchezdi/ros2_ws/build/sdv_serial'
[0.391s] /usr/bin/gmake  -f CMakeFiles/sdv_serial.dir/build.make CMakeFiles/sdv_serial.dir/build
[0.394s] gmake[2]: Entering directory '/home/cafsanchezdi/ros2_ws/build/sdv_serial'
[0.394s] gmake[2]: Nothing to be done for 'CMakeFiles/sdv_serial.dir/build'.
[0.394s] gmake[2]: Leaving directory '/home/cafsanchezdi/ros2_ws/build/sdv_serial'
[0.412s] [ 81%] Built target sdv_serial
[0.415s] /usr/bin/gmake  -f /home/cafsanchezdi/ros2_ws/build/sdv_serial/sdv_serial__py/CMakeFiles/sdv_serial__py.dir/build.make /home/cafsanchezdi/ros2_ws/build/sdv_serial/sdv_serial__py/CMakeFiles/sdv_serial__py.dir/depend
[0.415s] /usr/bin/gmake  -f CMakeFiles/sdv_serial_node2.dir/build.make CMakeFiles/sdv_serial_node2.dir/depend
[0.418s] gmake[2]: Entering directory '/home/cafsanchezdi/ros2_ws/build/sdv_serial'
[0.418s] cd /home/cafsanchezdi/ros2_ws/build/sdv_serial && /usr/bin/cmake -E cmake_depends "Unix Makefiles" /home/cafsanchezdi/ros2_ws/src/sdv_un_ros/sdv_serial /home/cafsanchezdi/ros2_ws/build/sdv_serial/sdv_serial__py /home/cafsanchezdi/ros2_ws/build/sdv_serial /home/cafsanchezdi/ros2_ws/build/sdv_serial/sdv_serial__py /home/cafsanchezdi/ros2_ws/build/sdv_serial/sdv_serial__py/CMakeFiles/sdv_serial__py.dir/DependInfo.cmake "--color="
[0.428s] gmake[2]: Entering directory '/home/cafsanchezdi/ros2_ws/build/sdv_serial'
[0.428s] cd /home/cafsanchezdi/ros2_ws/build/sdv_serial && /usr/bin/cmake -E cmake_depends "Unix Makefiles" /home/cafsanchezdi/ros2_ws/src/sdv_un_ros/sdv_serial /home/cafsanchezdi/ros2_ws/src/sdv_un_ros/sdv_serial /home/cafsanchezdi/ros2_ws/build/sdv_serial /home/cafsanchezdi/ros2_ws/build/sdv_serial /home/cafsanchezdi/ros2_ws/build/sdv_serial/CMakeFiles/sdv_serial_node2.dir/DependInfo.cmake "--color="
[0.443s] gmake[2]: Leaving directory '/home/cafsanchezdi/ros2_ws/build/sdv_serial'
[0.444s] /usr/bin/gmake  -f /home/cafsanchezdi/ros2_ws/build/sdv_serial/sdv_serial__py/CMakeFiles/sdv_serial__py.dir/build.make /home/cafsanchezdi/ros2_ws/build/sdv_serial/sdv_serial__py/CMakeFiles/sdv_serial__py.dir/build
[0.447s] Dependencies file "CMakeFiles/sdv_serial_node2.dir/src/sdv_serial_node2.cpp.o.d" is newer than depends file "/home/cafsanchezdi/ros2_ws/build/sdv_serial/CMakeFiles/sdv_serial_node2.dir/compiler_depend.internal".
[0.449s] gmake[2]: Entering directory '/home/cafsanchezdi/ros2_ws/build/sdv_serial'
[0.449s] [35m[1mConsolidate compiler generated dependencies of target sdv_serial_node2[0m
[0.450s] gmake[2]: Nothing to be done for '/home/cafsanchezdi/ros2_ws/build/sdv_serial/sdv_serial__py/CMakeFiles/sdv_serial__py.dir/build'.
[0.450s] gmake[2]: Leaving directory '/home/cafsanchezdi/ros2_ws/build/sdv_serial'
[0.469s] gmake[2]: Leaving directory '/home/cafsanchezdi/ros2_ws/build/sdv_serial'
[0.470s] /usr/bin/gmake  -f CMakeFiles/sdv_serial_node2.dir/build.make CMakeFiles/sdv_serial_node2.dir/build
[0.471s] [ 82%] Built target sdv_serial__py
[0.474s] /usr/bin/gmake  -f CMakeFiles/sdv_serial__rosidl_generator_py.dir/build.make CMakeFiles/sdv_serial__rosidl_generator_py.dir/depend
[0.481s] gmake[2]: Entering directory '/home/cafsanchezdi/ros2_ws/build/sdv_serial'
[0.481s] cd /home/cafsanchezdi/ros2_ws/build/sdv_serial && /usr/bin/cmake -E cmake_depends "Unix Makefiles" /home/cafsanchezdi/ros2_ws/src/sdv_un_ros/sdv_serial /home/cafsanchezdi/ros2_ws/src/sdv_un_ros/sdv_serial /home/cafsanchezdi/ros2_ws/build/sdv_serial /home/cafsanchezdi/ros2_ws/build/sdv_serial /home/cafsanchezdi/ros2_ws/build/sdv_serial/CMakeFiles/sdv_serial__rosidl_generator_py.dir/DependInfo.cmake "--color="
[0.489s] gmake[2]: Entering directory '/home/cafsanchezdi/ros2_ws/build/sdv_serial'
[0.508s] gmake[2]: Leaving directory '/home/cafsanchezdi/ros2_ws/build/sdv_serial'
[0.509s] /usr/bin/gmake  -f CMakeFiles/sdv_serial__rosidl_generator_py.dir/build.make CMakeFiles/sdv_serial__rosidl_generator_py.dir/build
[0.513s] [ 83%] [32mBuilding CXX object CMakeFiles/sdv_serial_node2.dir/src/sdv_serial_node2.cpp.o[0m
[0.513s] /usr/bin/c++ -DDEFAULT_RMW_IMPLEMENTATION=rmw_fastrtps_cpp -DFASTCDR_DYN_LINK -DROS_PACKAGE_NAME=\"sdv_serial\" -I/home/cafsanchezdi/ros2_ws/src/sdv_un_ros/sdv_serial/include -I/home/cafsanchezdi/ros2_ws/build/sdv_serial/rosidl_generator_cpp -I/opt/ros/jazzy/include -I/opt/ros/jazzy/include/rclcpp_components -I/opt/ros/jazzy/include/rclcpp_lifecycle -I/home/cafsanchezdi/ros2_ws/build/sdv_serial/rosidl_generator_c -isystem /opt/ros/jazzy/include/rclcpp -isystem /opt/ros/jazzy/include/std_msgs -isystem /opt/ros/jazzy/include/sensor_msgs -isystem /opt/ros/jazzy/include/geometry_msgs -isystem /opt/ros/jazzy/include/rcutils -isystem /opt/ros/jazzy/include/rosidl_typesupport_interface -isystem /opt/ros/jazzy/include/rosidl_runtime_c -isystem /opt/ros/jazzy/include/rosidl_runtime_cpp -isystem /opt/ros/jazzy/include/rcpputils -isystem /opt/ros/jazzy/include/rosidl_typesupport_c -isystem /opt/ros/jazzy/include/rosidl_typesupport_cpp -isystem /opt/ros/jazzy/include/rosidl_typesupport_introspection_c -isystem /opt/ros/jazzy/include/rosidl_typesupport_introspection_cpp -isystem /opt/ros/jazzy/include/udp_msgs -isystem /opt/ros/jazzy/include/builtin_interfaces -isystem /opt/ros/jazzy/include/fastcdr -isystem /opt/ros/jazzy/include/rosidl_typesupport_fastrtps_cpp -isystem /opt/ros/jazzy/include/rmw -isystem /opt/ros/jazzy/include/rosidl_dynamic_typesupport -isystem /opt/ros/jazzy/include/rosidl_typesupport_fastrtps_c -isystem /opt/ros/jazzy/include/libstatistics_collector -isystem /opt/ros/jazzy/include/rcl -isystem /opt/ros/jazzy/include/rcl_interfaces -isystem /opt/ros/jazzy/include/service_msgs -isystem /opt/ros/jazzy/include/rcl_logging_interface -isystem /opt/ros/jazzy/include/rcl_yaml_param_parser -isystem /opt/ros/jazzy/include/type_description_interfaces -isystem /opt/ros/jazzy/include/statistics_msgs -isystem /opt/ros/jazzy/include/rosgraph_msgs -isystem /opt/ros/jazzy/include/tracetools -isystem /opt/ros/jazzy/include/class_loader -isystem /opt/ros/jazzy/include/composition_interfaces -isystem /opt/ros/jazzy/include/lifecycle_msgs -isystem /opt/ros/jazzy/include/rcl_lifecycle -std=gnu++17 -MD -MT CMakeFiles/sdv_serial_node2.dir/src/sdv_serial_node2.cpp.o -MF CMakeFiles/sdv_serial_node2.dir/src/sdv_serial_node2.cpp.o.d -o CMakeFiles/sdv_serial_node2.dir/src/sdv_serial_node2.cpp.o -c /home/cafsanchezdi/ros2_ws/src/sdv_un_ros/sdv_serial/src/sdv_serial_node2.cpp
[0.518s] gmake[2]: Entering directory '/home/cafsanchezdi/ros2_ws/build/sdv_serial'
[0.519s] gmake[2]: Nothing to be done for 'CMakeFiles/sdv_serial__rosidl_generator_py.dir/build'.
[0.519s] gmake[2]: Leaving directory '/home/cafsanchezdi/ros2_ws/build/sdv_serial'
[0.535s] [ 91%] Built target sdv_serial__rosidl_generator_py
[0.537s] /usr/bin/gmake  -f CMakeFiles/sdv_serial_s__rosidl_typesupport_fastrtps_c.dir/build.make CMakeFiles/sdv_serial_s__rosidl_typesupport_fastrtps_c.dir/depend
[0.541s] /usr/bin/gmake  -f CMakeFiles/sdv_serial_s__rosidl_typesupport_introspection_c.dir/build.make CMakeFiles/sdv_serial_s__rosidl_typesupport_introspection_c.dir/depend
[0.542s] gmake[2]: Entering directory '/home/cafsanchezdi/ros2_ws/build/sdv_serial'
[0.542s] cd /home/cafsanchezdi/ros2_ws/build/sdv_serial && /usr/bin/cmake -E cmake_depends "Unix Makefiles" /home/cafsanchezdi/ros2_ws/src/sdv_un_ros/sdv_serial /home/cafsanchezdi/ros2_ws/src/sdv_un_ros/sdv_serial /home/cafsanchezdi/ros2_ws/build/sdv_serial /home/cafsanchezdi/ros2_ws/build/sdv_serial /home/cafsanchezdi/ros2_ws/build/sdv_serial/CMakeFiles/sdv_serial_s__rosidl_typesupport_fastrtps_c.dir/DependInfo.cmake "--color="
[0.543s] gmake[2]: Entering directory '/home/cafsanchezdi/ros2_ws/build/sdv_serial'
[0.544s] cd /home/cafsanchezdi/ros2_ws/build/sdv_serial && /usr/bin/cmake -E cmake_depends "Unix Makefiles" /home/cafsanchezdi/ros2_ws/src/sdv_un_ros/sdv_serial /home/cafsanchezdi/ros2_ws/src/sdv_un_ros/sdv_serial /home/cafsanchezdi/ros2_ws/build/sdv_serial /home/cafsanchezdi/ros2_ws/build/sdv_serial /home/cafsanchezdi/ros2_ws/build/sdv_serial/CMakeFiles/sdv_serial_s__rosidl_typesupport_introspection_c.dir/DependInfo.cmake "--color="
[0.566s] gmake[2]: Leaving directory '/home/cafsanchezdi/ros2_ws/build/sdv_serial'
[0.567s] /usr/bin/gmake  -f CMakeFiles/sdv_serial_s__rosidl_typesupport_fastrtps_c.dir/build.make CMakeFiles/sdv_serial_s__rosidl_typesupport_fastrtps_c.dir/build
[0.569s] gmake[2]: Leaving directory '/home/cafsanchezdi/ros2_ws/build/sdv_serial'
[0.572s] /usr/bin/gmake  -f CMakeFiles/sdv_serial_s__rosidl_typesupport_introspection_c.dir/build.make CMakeFiles/sdv_serial_s__rosidl_typesupport_introspection_c.dir/build
[0.574s] gmake[2]: Entering directory '/home/cafsanchezdi/ros2_ws/build/sdv_serial'
[0.574s] gmake[2]: Nothing to be done for 'CMakeFiles/sdv_serial_s__rosidl_typesupport_fastrtps_c.dir/build'.
[0.574s] gmake[2]: Leaving directory '/home/cafsanchezdi/ros2_ws/build/sdv_serial'
[0.578s] gmake[2]: Entering directory '/home/cafsanchezdi/ros2_ws/build/sdv_serial'
[0.578s] gmake[2]: Nothing to be done for 'CMakeFiles/sdv_serial_s__rosidl_typesupport_introspection_c.dir/build'.
[0.578s] gmake[2]: Leaving directory '/home/cafsanchezdi/ros2_ws/build/sdv_serial'
[0.596s] [ 93%] Built target sdv_serial_s__rosidl_typesupport_fastrtps_c
[0.597s] [ 95%] Built target sdv_serial_s__rosidl_typesupport_introspection_c
[0.598s] /usr/bin/gmake  -f CMakeFiles/sdv_serial_s__rosidl_typesupport_c.dir/build.make CMakeFiles/sdv_serial_s__rosidl_typesupport_c.dir/depend
[0.603s] gmake[2]: Entering directory '/home/cafsanchezdi/ros2_ws/build/sdv_serial'
[0.606s] cd /home/cafsanchezdi/ros2_ws/build/sdv_serial && /usr/bin/cmake -E cmake_depends "Unix Makefiles" /home/cafsanchezdi/ros2_ws/src/sdv_un_ros/sdv_serial /home/cafsanchezdi/ros2_ws/src/sdv_un_ros/sdv_serial /home/cafsanchezdi/ros2_ws/build/sdv_serial /home/cafsanchezdi/ros2_ws/build/sdv_serial /home/cafsanchezdi/ros2_ws/build/sdv_serial/CMakeFiles/sdv_serial_s__rosidl_typesupport_c.dir/DependInfo.cmake "--color="
[0.628s] gmake[2]: Leaving directory '/home/cafsanchezdi/ros2_ws/build/sdv_serial'
[0.629s] /usr/bin/gmake  -f CMakeFiles/sdv_serial_s__rosidl_typesupport_c.dir/build.make CMakeFiles/sdv_serial_s__rosidl_typesupport_c.dir/build
[0.636s] gmake[2]: Entering directory '/home/cafsanchezdi/ros2_ws/build/sdv_serial'
[0.636s] gmake[2]: Nothing to be done for 'CMakeFiles/sdv_serial_s__rosidl_typesupport_c.dir/build'.
[0.636s] gmake[2]: Leaving directory '/home/cafsanchezdi/ros2_ws/build/sdv_serial'
[0.658s] [ 97%] Built target sdv_serial_s__rosidl_typesupport_c
[0.777s] running egg_info
[0.822s] writing sdv_serial.egg-info/PKG-INFO
[0.823s] writing dependency_links to sdv_serial.egg-info/dependency_links.txt
[0.823s] writing top-level names to sdv_serial.egg-info/top_level.txt
[0.952s] reading manifest file 'sdv_serial.egg-info/SOURCES.txt'
[0.953s] writing manifest file 'sdv_serial.egg-info/SOURCES.txt'
[0.994s] gmake[2]: Leaving directory '/home/cafsanchezdi/ros2_ws/build/sdv_serial'
[1.011s] [ 97%] Built target ament_cmake_python_build_sdv_serial_egg
[6.258s] [01m[K/home/cafsanchezdi/ros2_ws/src/sdv_un_ros/sdv_serial/src/sdv_serial_node2.cpp:97:12:[m[K [01;31m[Kerror: [m[Kâ€˜[01m[KSerialDriver[m[Kâ€™ in namespace â€˜[01m[Kdrivers[m[Kâ€™ does not name a type; did you mean â€˜[01m[Kserial_driver[m[Kâ€™?
[6.258s]    97 |   drivers::[01;31m[KSerialDriver[m[K ser_;
[6.258s]       |            [01;31m[K^~~~~~~~~~~~[m[K
[6.259s]       |            [32m[Kserial_driver[m[K
[6.412s] [01m[K/home/cafsanchezdi/ros2_ws/src/sdv_un_ros/sdv_serial/src/sdv_serial_node2.cpp:[m[K In constructor â€˜[01m[KSDVSerialNode::[01;32m[KSDVSerialNode[m[K()[m[Kâ€™:
[6.412s] [01m[K/home/cafsanchezdi/ros2_ws/src/sdv_un_ros/sdv_serial/src/sdv_serial_node2.cpp:77:10:[m[K [01;31m[Kerror: [m[Kâ€˜[01m[Kser_[m[Kâ€™ was not declared in this scope
[6.413s]    77 |       if([01;31m[Kser_[m[K.isOpen())
[6.413s]       |          [01;31m[K^~~~[m[K
[6.450s] [01m[K/home/cafsanchezdi/ros2_ws/src/sdv_un_ros/sdv_serial/src/sdv_serial_node2.cpp:[m[K In member function â€˜[01m[Kint SDVSerialNode::[01;32m[Kopen_serial_port[m[K(const std::string&)[m[Kâ€™:
[6.450s] [01m[K/home/cafsanchezdi/ros2_ws/src/sdv_un_ros/sdv_serial/src/sdv_serial_node2.cpp:174:7:[m[K [01;31m[Kerror: [m[Kâ€˜[01m[Kser_[m[Kâ€™ was not declared in this scope
[6.450s]   174 |       [01;31m[Kser_[m[K.setPort(portx);
[6.451s]       |       [01;31m[K^~~~[m[K
[6.451s] [01m[K/home/cafsanchezdi/ros2_ws/src/sdv_un_ros/sdv_serial/src/sdv_serial_node2.cpp:176:7:[m[K [01;31m[Kerror: [m[Kâ€˜[01m[Kserial[m[Kâ€™ has not been declared
[6.451s]   176 |       [01;31m[Kserial[m[K::Timeout to = serial::Timeout::simpleTimeout(10);
[6.451s]       |       [01;31m[K^~~~~~[m[K
[6.459s] [01m[K/home/cafsanchezdi/ros2_ws/src/sdv_un_ros/sdv_serial/src/sdv_serial_node2.cpp:177:23:[m[K [01;31m[Kerror: [m[Kâ€˜[01m[Kto[m[Kâ€™ was not declared in this scope; did you mean â€˜[01m[Ktm[m[Kâ€™?
[6.459s]   177 |       ser_.setTimeout([01;31m[Kto[m[K);
[6.460s]       |                       [01;31m[K^~[m[K
[6.460s]       |                       [32m[Ktm[m[K
[6.463s] [01m[K/home/cafsanchezdi/ros2_ws/src/sdv_un_ros/sdv_serial/src/sdv_serial_node2.cpp:179:14:[m[K [01;31m[Kerror: [m[Kâ€˜[01m[Kserial[m[Kâ€™ does not name a type
[6.463s]   179 |     } catch ([01;31m[Kserial[m[K::IOException &e) {
[6.463s]       |              [01;31m[K^~~~~~[m[K
[6.463s] [01m[K/home/cafsanchezdi/ros2_ws/src/sdv_un_ros/sdv_serial/src/sdv_serial_node2.cpp:179:34:[m[K [01;31m[Kerror: [m[Kexpected unqualified-id before â€˜[01m[K&[m[Kâ€™ token
[6.464s]   179 |     } catch (serial::IOException [01;31m[K&[m[Ke) {
[6.464s]       |                                  [01;31m[K^[m[K
[6.464s] [01m[K/home/cafsanchezdi/ros2_ws/src/sdv_un_ros/sdv_serial/src/sdv_serial_node2.cpp:179:34:[m[K [01;31m[Kerror: [m[Kexpected â€˜[01m[K)[m[Kâ€™ before â€˜[01m[K&[m[Kâ€™ token
[6.464s] [01m[K/home/cafsanchezdi/ros2_ws/src/sdv_un_ros/sdv_serial/src/sdv_serial_node2.cpp:179:13:[m[K [01;36m[Knote: [m[Kto match this â€˜[01m[K([m[Kâ€™
[6.464s]   179 |     } catch [01;36m[K([m[Kserial::IOException &e) {
[6.465s]       |             [01;36m[K^[m[K
[6.465s] [01m[K/home/cafsanchezdi/ros2_ws/src/sdv_un_ros/sdv_serial/src/sdv_serial_node2.cpp:179:34:[m[K [01;31m[Kerror: [m[Kexpected â€˜[01m[K{[m[Kâ€™ before â€˜[01m[K&[m[Kâ€™ token
[6.465s]   179 |     } catch (serial::IOException [01;31m[K&[m[Ke) {
[6.465s]       |                                  [01;31m[K^[m[K
[6.473s] [01m[K/home/cafsanchezdi/ros2_ws/src/sdv_un_ros/sdv_serial/src/sdv_serial_node2.cpp:179:35:[m[K [01;31m[Kerror: [m[Kâ€˜[01m[Ke[m[Kâ€™ was not declared in this scope
[6.473s]   179 |     } catch (serial::IOException &[01;31m[Ke[m[K) {
[6.474s]       |                                   [01;31m[K^[m[K
[6.483s] [01m[K/home/cafsanchezdi/ros2_ws/src/sdv_un_ros/sdv_serial/src/sdv_serial_node2.cpp:[m[K In member function â€˜[01m[Kvoid SDVSerialNode::[01;32m[Kstart_serial_communication[m[K()[m[Kâ€™:
[6.483s] [01m[K/home/cafsanchezdi/ros2_ws/src/sdv_un_ros/sdv_serial/src/sdv_serial_node2.cpp:190:5:[m[K [01;31m[Kerror: [m[Kâ€˜[01m[Kser_[m[Kâ€™ was not declared in this scope
[6.483s]   190 |     [01;31m[Kser_[m[K.write("if 0\r");
[6.484s]       |     [01;31m[K^~~~[m[K
[6.503s] [01m[K/home/cafsanchezdi/ros2_ws/src/sdv_un_ros/sdv_serial/src/sdv_serial_node2.cpp:[m[K In member function â€˜[01m[Kvoid SDVSerialNode::[01;32m[Kprocess_serial[m[K()[m[Kâ€™:
[6.503s] [01m[K/home/cafsanchezdi/ros2_ws/src/sdv_un_ros/sdv_serial/src/sdv_serial_node2.cpp:261:9:[m[K [01;31m[Kerror: [m[Kâ€˜[01m[Kser_[m[Kâ€™ was not declared in this scope
[6.503s]   261 |     if ([01;31m[Kser_[m[K.available()) {
[6.503s]       |         [01;31m[K^~~~[m[K
[6.514s] [01m[K/home/cafsanchezdi/ros2_ws/src/sdv_un_ros/sdv_serial/src/sdv_serial_node2.cpp:298:9:[m[K [01;31m[Kerror: [m[Kâ€˜[01m[Kser_[m[Kâ€™ was not declared in this scope
[6.515s]   298 |         [01;31m[Kser_[m[K.write(msg);
[6.515s]       |         [01;31m[K^~~~[m[K
[13.579s] gmake[2]: *** [CMakeFiles/sdv_serial_node2.dir/build.make:79: CMakeFiles/sdv_serial_node2.dir/src/sdv_serial_node2.cpp.o] Error 1
[13.579s] gmake[2]: Leaving directory '/home/cafsanchezdi/ros2_ws/build/sdv_serial'
[13.580s] gmake[1]: *** [CMakeFiles/Makefile2:629: CMakeFiles/sdv_serial_node2.dir/all] Error 2
[13.580s] gmake: *** [Makefile:149: all] Error 2
[13.580s] gmake[1]: Leaving directory '/home/cafsanchezdi/ros2_ws/build/sdv_serial'
[13.584s] 
[13.587s] Invoked command in '/home/cafsanchezdi/ros2_ws/build/sdv_serial' returned '2': DEBUGINFOD_URLS=https://debuginfod.ubuntu.com /usr/bin/cmake --build /home/cafsanchezdi/ros2_ws/build/sdv_serial -- -j4 -l4
