[0.030s] Invoking command in '/home/cafsanchezdi/ros2_ws/build/sdv_serial': DEBUGINFOD_URLS=https://debuginfod.ubuntu.com /usr/bin/cmake --build /home/cafsanchezdi/ros2_ws/build/sdv_serial -- -j4 -l4
[0.043s] Change Dir: '/home/cafsanchezdi/ros2_ws/build/sdv_serial'
[0.043s] 
[0.043s] Run Build Command(s): /usr/bin/cmake -E env VERBOSE=1 /usr/bin/gmake -f Makefile -j4 -l4
[0.061s] /usr/bin/cmake -S/home/cafsanchezdi/ros2_ws/src/sdv_un_ros/sdv_serial -B/home/cafsanchezdi/ros2_ws/build/sdv_serial --check-build-system CMakeFiles/Makefile.cmake 0
[0.088s] /usr/bin/cmake -E cmake_progress_start /home/cafsanchezdi/ros2_ws/build/sdv_serial/CMakeFiles /home/cafsanchezdi/ros2_ws/build/sdv_serial//CMakeFiles/progress.marks
[0.107s] /usr/bin/gmake  -f CMakeFiles/Makefile2 all
[0.110s] gmake[1]: Entering directory '/home/cafsanchezdi/ros2_ws/build/sdv_serial'
[0.110s] /usr/bin/gmake  -f CMakeFiles/sdv_serial__rosidl_generator_type_description.dir/build.make CMakeFiles/sdv_serial__rosidl_generator_type_description.dir/depend
[0.111s] /usr/bin/gmake  -f CMakeFiles/ament_cmake_python_copy_sdv_serial.dir/build.make CMakeFiles/ament_cmake_python_copy_sdv_serial.dir/depend
[0.112s] gmake[2]: Entering directory '/home/cafsanchezdi/ros2_ws/build/sdv_serial'
[0.112s] cd /home/cafsanchezdi/ros2_ws/build/sdv_serial && /usr/bin/cmake -E cmake_depends "Unix Makefiles" /home/cafsanchezdi/ros2_ws/src/sdv_un_ros/sdv_serial /home/cafsanchezdi/ros2_ws/src/sdv_un_ros/sdv_serial /home/cafsanchezdi/ros2_ws/build/sdv_serial /home/cafsanchezdi/ros2_ws/build/sdv_serial /home/cafsanchezdi/ros2_ws/build/sdv_serial/CMakeFiles/ament_cmake_python_copy_sdv_serial.dir/DependInfo.cmake "--color="
[0.113s] gmake[2]: Entering directory '/home/cafsanchezdi/ros2_ws/build/sdv_serial'
[0.113s] cd /home/cafsanchezdi/ros2_ws/build/sdv_serial && /usr/bin/cmake -E cmake_depends "Unix Makefiles" /home/cafsanchezdi/ros2_ws/src/sdv_un_ros/sdv_serial /home/cafsanchezdi/ros2_ws/src/sdv_un_ros/sdv_serial /home/cafsanchezdi/ros2_ws/build/sdv_serial /home/cafsanchezdi/ros2_ws/build/sdv_serial /home/cafsanchezdi/ros2_ws/build/sdv_serial/CMakeFiles/sdv_serial__rosidl_generator_type_description.dir/DependInfo.cmake "--color="
[0.127s] gmake[2]: Leaving directory '/home/cafsanchezdi/ros2_ws/build/sdv_serial'
[0.127s] gmake[2]: Leaving directory '/home/cafsanchezdi/ros2_ws/build/sdv_serial'
[0.128s] /usr/bin/gmake  -f CMakeFiles/ament_cmake_python_copy_sdv_serial.dir/build.make CMakeFiles/ament_cmake_python_copy_sdv_serial.dir/build
[0.128s] /usr/bin/gmake  -f CMakeFiles/sdv_serial__rosidl_generator_type_description.dir/build.make CMakeFiles/sdv_serial__rosidl_generator_type_description.dir/build
[0.129s] gmake[2]: Entering directory '/home/cafsanchezdi/ros2_ws/build/sdv_serial'
[0.130s] /usr/bin/cmake -E copy_directory /home/cafsanchezdi/ros2_ws/build/sdv_serial/rosidl_generator_py/sdv_serial /home/cafsanchezdi/ros2_ws/build/sdv_serial/ament_cmake_python/sdv_serial/sdv_serial
[0.130s] gmake[2]: Entering directory '/home/cafsanchezdi/ros2_ws/build/sdv_serial'
[0.130s] gmake[2]: Nothing to be done for 'CMakeFiles/sdv_serial__rosidl_generator_type_description.dir/build'.
[0.130s] gmake[2]: Leaving directory '/home/cafsanchezdi/ros2_ws/build/sdv_serial'
[0.143s] [  1%] Built target sdv_serial__rosidl_generator_type_description
[0.145s] /usr/bin/gmake  -f CMakeFiles/sdv_serial__cpp.dir/build.make CMakeFiles/sdv_serial__cpp.dir/depend
[0.145s] /usr/bin/gmake  -f CMakeFiles/sdv_serial__rosidl_generator_c.dir/build.make CMakeFiles/sdv_serial__rosidl_generator_c.dir/depend
[0.146s] gmake[2]: Leaving directory '/home/cafsanchezdi/ros2_ws/build/sdv_serial'
[0.148s] gmake[2]: Entering directory '/home/cafsanchezdi/ros2_ws/build/sdv_serial'
[0.148s] cd /home/cafsanchezdi/ros2_ws/build/sdv_serial && /usr/bin/cmake -E cmake_depends "Unix Makefiles" /home/cafsanchezdi/ros2_ws/src/sdv_un_ros/sdv_serial /home/cafsanchezdi/ros2_ws/src/sdv_un_ros/sdv_serial /home/cafsanchezdi/ros2_ws/build/sdv_serial /home/cafsanchezdi/ros2_ws/build/sdv_serial /home/cafsanchezdi/ros2_ws/build/sdv_serial/CMakeFiles/sdv_serial__cpp.dir/DependInfo.cmake "--color="
[0.150s] gmake[2]: Entering directory '/home/cafsanchezdi/ros2_ws/build/sdv_serial'
[0.151s] cd /home/cafsanchezdi/ros2_ws/build/sdv_serial && /usr/bin/cmake -E cmake_depends "Unix Makefiles" /home/cafsanchezdi/ros2_ws/src/sdv_un_ros/sdv_serial /home/cafsanchezdi/ros2_ws/src/sdv_un_ros/sdv_serial /home/cafsanchezdi/ros2_ws/build/sdv_serial /home/cafsanchezdi/ros2_ws/build/sdv_serial /home/cafsanchezdi/ros2_ws/build/sdv_serial/CMakeFiles/sdv_serial__rosidl_generator_c.dir/DependInfo.cmake "--color="
[0.162s] [  1%] Built target ament_cmake_python_copy_sdv_serial
[0.164s] /usr/bin/gmake  -f CMakeFiles/ament_cmake_python_build_sdv_serial_egg.dir/build.make CMakeFiles/ament_cmake_python_build_sdv_serial_egg.dir/depend
[0.166s] gmake[2]: Entering directory '/home/cafsanchezdi/ros2_ws/build/sdv_serial'
[0.166s] cd /home/cafsanchezdi/ros2_ws/build/sdv_serial && /usr/bin/cmake -E cmake_depends "Unix Makefiles" /home/cafsanchezdi/ros2_ws/src/sdv_un_ros/sdv_serial /home/cafsanchezdi/ros2_ws/src/sdv_un_ros/sdv_serial /home/cafsanchezdi/ros2_ws/build/sdv_serial /home/cafsanchezdi/ros2_ws/build/sdv_serial /home/cafsanchezdi/ros2_ws/build/sdv_serial/CMakeFiles/ament_cmake_python_build_sdv_serial_egg.dir/DependInfo.cmake "--color="
[0.170s] gmake[2]: Leaving directory '/home/cafsanchezdi/ros2_ws/build/sdv_serial'
[0.170s] /usr/bin/gmake  -f CMakeFiles/sdv_serial__cpp.dir/build.make CMakeFiles/sdv_serial__cpp.dir/build
[0.171s] Dependencies file "CMakeFiles/sdv_serial__rosidl_generator_c.dir/rosidl_generator_c/sdv_serial/msg/detail/battery__description.c.o.d" is newer than depends file "/home/cafsanchezdi/ros2_ws/build/sdv_serial/CMakeFiles/sdv_serial__rosidl_generator_c.dir/compiler_depend.internal".
[0.172s] Dependencies file "CMakeFiles/sdv_serial__rosidl_generator_c.dir/rosidl_generator_c/sdv_serial/msg/detail/battery__functions.c.o.d" is newer than depends file "/home/cafsanchezdi/ros2_ws/build/sdv_serial/CMakeFiles/sdv_serial__rosidl_generator_c.dir/compiler_depend.internal".
[0.172s] Dependencies file "CMakeFiles/sdv_serial__rosidl_generator_c.dir/rosidl_generator_c/sdv_serial/msg/detail/battery__type_support.c.o.d" is newer than depends file "/home/cafsanchezdi/ros2_ws/build/sdv_serial/CMakeFiles/sdv_serial__rosidl_generator_c.dir/compiler_depend.internal".
[0.173s] Dependencies file "CMakeFiles/sdv_serial__rosidl_generator_c.dir/rosidl_generator_c/sdv_serial/msg/detail/encoder__description.c.o.d" is newer than depends file "/home/cafsanchezdi/ros2_ws/build/sdv_serial/CMakeFiles/sdv_serial__rosidl_generator_c.dir/compiler_depend.internal".
[0.173s] Dependencies file "CMakeFiles/sdv_serial__rosidl_generator_c.dir/rosidl_generator_c/sdv_serial/msg/detail/encoder__functions.c.o.d" is newer than depends file "/home/cafsanchezdi/ros2_ws/build/sdv_serial/CMakeFiles/sdv_serial__rosidl_generator_c.dir/compiler_depend.internal".
[0.173s] Dependencies file "CMakeFiles/sdv_serial__rosidl_generator_c.dir/rosidl_generator_c/sdv_serial/msg/detail/encoder__type_support.c.o.d" is newer than depends file "/home/cafsanchezdi/ros2_ws/build/sdv_serial/CMakeFiles/sdv_serial__rosidl_generator_c.dir/compiler_depend.internal".
[0.174s] Dependencies file "CMakeFiles/sdv_serial__rosidl_generator_c.dir/rosidl_generator_c/sdv_serial/msg/detail/flexiforce__description.c.o.d" is newer than depends file "/home/cafsanchezdi/ros2_ws/build/sdv_serial/CMakeFiles/sdv_serial__rosidl_generator_c.dir/compiler_depend.internal".
[0.174s] Dependencies file "CMakeFiles/sdv_serial__rosidl_generator_c.dir/rosidl_generator_c/sdv_serial/msg/detail/flexiforce__functions.c.o.d" is newer than depends file "/home/cafsanchezdi/ros2_ws/build/sdv_serial/CMakeFiles/sdv_serial__rosidl_generator_c.dir/compiler_depend.internal".
[0.174s] gmake[2]: Entering directory '/home/cafsanchezdi/ros2_ws/build/sdv_serial'
[0.175s] gmake[2]: Nothing to be done for 'CMakeFiles/sdv_serial__cpp.dir/build'.
[0.175s] gmake[2]: Leaving directory '/home/cafsanchezdi/ros2_ws/build/sdv_serial'
[0.175s] Dependencies file "CMakeFiles/sdv_serial__rosidl_generator_c.dir/rosidl_generator_c/sdv_serial/msg/detail/flexiforce__type_support.c.o.d" is newer than depends file "/home/cafsanchezdi/ros2_ws/build/sdv_serial/CMakeFiles/sdv_serial__rosidl_generator_c.dir/compiler_depend.internal".
[0.176s] Dependencies file "CMakeFiles/sdv_serial__rosidl_generator_c.dir/rosidl_generator_c/sdv_serial/msg/detail/motors__description.c.o.d" is newer than depends file "/home/cafsanchezdi/ros2_ws/build/sdv_serial/CMakeFiles/sdv_serial__rosidl_generator_c.dir/compiler_depend.internal".
[0.176s] Dependencies file "CMakeFiles/sdv_serial__rosidl_generator_c.dir/rosidl_generator_c/sdv_serial/msg/detail/motors__functions.c.o.d" is newer than depends file "/home/cafsanchezdi/ros2_ws/build/sdv_serial/CMakeFiles/sdv_serial__rosidl_generator_c.dir/compiler_depend.internal".
[0.176s] Dependencies file "CMakeFiles/sdv_serial__rosidl_generator_c.dir/rosidl_generator_c/sdv_serial/msg/detail/motors__type_support.c.o.d" is newer than depends file "/home/cafsanchezdi/ros2_ws/build/sdv_serial/CMakeFiles/sdv_serial__rosidl_generator_c.dir/compiler_depend.internal".
[0.177s] Dependencies file "CMakeFiles/sdv_serial__rosidl_generator_c.dir/rosidl_generator_c/sdv_serial/msg/detail/sdv_status__description.c.o.d" is newer than depends file "/home/cafsanchezdi/ros2_ws/build/sdv_serial/CMakeFiles/sdv_serial__rosidl_generator_c.dir/compiler_depend.internal".
[0.177s] Dependencies file "CMakeFiles/sdv_serial__rosidl_generator_c.dir/rosidl_generator_c/sdv_serial/msg/detail/sdv_status__functions.c.o.d" is newer than depends file "/home/cafsanchezdi/ros2_ws/build/sdv_serial/CMakeFiles/sdv_serial__rosidl_generator_c.dir/compiler_depend.internal".
[0.177s] Dependencies file "CMakeFiles/sdv_serial__rosidl_generator_c.dir/rosidl_generator_c/sdv_serial/msg/detail/sdv_status__type_support.c.o.d" is newer than depends file "/home/cafsanchezdi/ros2_ws/build/sdv_serial/CMakeFiles/sdv_serial__rosidl_generator_c.dir/compiler_depend.internal".
[0.177s] Dependencies file "CMakeFiles/sdv_serial__rosidl_generator_c.dir/rosidl_generator_c/sdv_serial/msg/detail/tag_rfid__description.c.o.d" is newer than depends file "/home/cafsanchezdi/ros2_ws/build/sdv_serial/CMakeFiles/sdv_serial__rosidl_generator_c.dir/compiler_depend.internal".
[0.178s] Dependencies file "CMakeFiles/sdv_serial__rosidl_generator_c.dir/rosidl_generator_c/sdv_serial/msg/detail/tag_rfid__functions.c.o.d" is newer than depends file "/home/cafsanchezdi/ros2_ws/build/sdv_serial/CMakeFiles/sdv_serial__rosidl_generator_c.dir/compiler_depend.internal".
[0.178s] Dependencies file "CMakeFiles/sdv_serial__rosidl_generator_c.dir/rosidl_generator_c/sdv_serial/msg/detail/tag_rfid__type_support.c.o.d" is newer than depends file "/home/cafsanchezdi/ros2_ws/build/sdv_serial/CMakeFiles/sdv_serial__rosidl_generator_c.dir/compiler_depend.internal".
[0.178s] Dependencies file "CMakeFiles/sdv_serial__rosidl_generator_c.dir/rosidl_generator_c/sdv_serial/msg/detail/ultrasound__description.c.o.d" is newer than depends file "/home/cafsanchezdi/ros2_ws/build/sdv_serial/CMakeFiles/sdv_serial__rosidl_generator_c.dir/compiler_depend.internal".
[0.178s] Dependencies file "CMakeFiles/sdv_serial__rosidl_generator_c.dir/rosidl_generator_c/sdv_serial/msg/detail/ultrasound__functions.c.o.d" is newer than depends file "/home/cafsanchezdi/ros2_ws/build/sdv_serial/CMakeFiles/sdv_serial__rosidl_generator_c.dir/compiler_depend.internal".
[0.179s] Dependencies file "CMakeFiles/sdv_serial__rosidl_generator_c.dir/rosidl_generator_c/sdv_serial/msg/detail/ultrasound__type_support.c.o.d" is newer than depends file "/home/cafsanchezdi/ros2_ws/build/sdv_serial/CMakeFiles/sdv_serial__rosidl_generator_c.dir/compiler_depend.internal".
[0.179s] [35m[1mConsolidate compiler generated dependencies of target sdv_serial__rosidl_generator_c[0m
[0.184s] gmake[2]: Leaving directory '/home/cafsanchezdi/ros2_ws/build/sdv_serial'
[0.185s] /usr/bin/gmake  -f CMakeFiles/ament_cmake_python_build_sdv_serial_egg.dir/build.make CMakeFiles/ament_cmake_python_build_sdv_serial_egg.dir/build
[0.187s] gmake[2]: Entering directory '/home/cafsanchezdi/ros2_ws/build/sdv_serial'
[0.187s] cd /home/cafsanchezdi/ros2_ws/build/sdv_serial/ament_cmake_python/sdv_serial && /usr/bin/python3 setup.py egg_info
[0.191s] gmake[2]: Leaving directory '/home/cafsanchezdi/ros2_ws/build/sdv_serial'
[0.191s] /usr/bin/gmake  -f CMakeFiles/sdv_serial__rosidl_generator_c.dir/build.make CMakeFiles/sdv_serial__rosidl_generator_c.dir/build
[0.195s] [  2%] Built target sdv_serial__cpp
[0.199s] gmake[2]: Entering directory '/home/cafsanchezdi/ros2_ws/build/sdv_serial'
[0.199s] gmake[2]: Nothing to be done for 'CMakeFiles/sdv_serial__rosidl_generator_c.dir/build'.
[0.200s] gmake[2]: Leaving directory '/home/cafsanchezdi/ros2_ws/build/sdv_serial'
[0.222s] [ 25%] Built target sdv_serial__rosidl_generator_c
[0.225s] /usr/bin/gmake  -f CMakeFiles/sdv_serial__rosidl_typesupport_cpp.dir/build.make CMakeFiles/sdv_serial__rosidl_typesupport_cpp.dir/depend
[0.225s] /usr/bin/gmake  -f CMakeFiles/sdv_serial__rosidl_typesupport_fastrtps_c.dir/build.make CMakeFiles/sdv_serial__rosidl_typesupport_fastrtps_c.dir/depend
[0.228s] /usr/bin/gmake  -f CMakeFiles/sdv_serial__rosidl_typesupport_fastrtps_cpp.dir/build.make CMakeFiles/sdv_serial__rosidl_typesupport_fastrtps_cpp.dir/depend
[0.228s] gmake[2]: Entering directory '/home/cafsanchezdi/ros2_ws/build/sdv_serial'
[0.229s] cd /home/cafsanchezdi/ros2_ws/build/sdv_serial && /usr/bin/cmake -E cmake_depends "Unix Makefiles" /home/cafsanchezdi/ros2_ws/src/sdv_un_ros/sdv_serial /home/cafsanchezdi/ros2_ws/src/sdv_un_ros/sdv_serial /home/cafsanchezdi/ros2_ws/build/sdv_serial /home/cafsanchezdi/ros2_ws/build/sdv_serial /home/cafsanchezdi/ros2_ws/build/sdv_serial/CMakeFiles/sdv_serial__rosidl_typesupport_cpp.dir/DependInfo.cmake "--color="
[0.232s] gmake[2]: Entering directory '/home/cafsanchezdi/ros2_ws/build/sdv_serial'
[0.232s] cd /home/cafsanchezdi/ros2_ws/build/sdv_serial && /usr/bin/cmake -E cmake_depends "Unix Makefiles" /home/cafsanchezdi/ros2_ws/src/sdv_un_ros/sdv_serial /home/cafsanchezdi/ros2_ws/src/sdv_un_ros/sdv_serial /home/cafsanchezdi/ros2_ws/build/sdv_serial /home/cafsanchezdi/ros2_ws/build/sdv_serial /home/cafsanchezdi/ros2_ws/build/sdv_serial/CMakeFiles/sdv_serial__rosidl_typesupport_fastrtps_c.dir/DependInfo.cmake "--color="
[0.233s] gmake[2]: Entering directory '/home/cafsanchezdi/ros2_ws/build/sdv_serial'
[0.234s] cd /home/cafsanchezdi/ros2_ws/build/sdv_serial && /usr/bin/cmake -E cmake_depends "Unix Makefiles" /home/cafsanchezdi/ros2_ws/src/sdv_un_ros/sdv_serial /home/cafsanchezdi/ros2_ws/src/sdv_un_ros/sdv_serial /home/cafsanchezdi/ros2_ws/build/sdv_serial /home/cafsanchezdi/ros2_ws/build/sdv_serial /home/cafsanchezdi/ros2_ws/build/sdv_serial/CMakeFiles/sdv_serial__rosidl_typesupport_fastrtps_cpp.dir/DependInfo.cmake "--color="
[0.249s] Dependencies file "CMakeFiles/sdv_serial__rosidl_typesupport_cpp.dir/rosidl_typesupport_cpp/sdv_serial/msg/battery__type_support.cpp.o.d" is newer than depends file "/home/cafsanchezdi/ros2_ws/build/sdv_serial/CMakeFiles/sdv_serial__rosidl_typesupport_cpp.dir/compiler_depend.internal".
[0.250s] Dependencies file "CMakeFiles/sdv_serial__rosidl_typesupport_cpp.dir/rosidl_typesupport_cpp/sdv_serial/msg/encoder__type_support.cpp.o.d" is newer than depends file "/home/cafsanchezdi/ros2_ws/build/sdv_serial/CMakeFiles/sdv_serial__rosidl_typesupport_cpp.dir/compiler_depend.internal".
[0.251s] Dependencies file "CMakeFiles/sdv_serial__rosidl_typesupport_cpp.dir/rosidl_typesupport_cpp/sdv_serial/msg/flexiforce__type_support.cpp.o.d" is newer than depends file "/home/cafsanchezdi/ros2_ws/build/sdv_serial/CMakeFiles/sdv_serial__rosidl_typesupport_cpp.dir/compiler_depend.internal".
[0.252s] Dependencies file "CMakeFiles/sdv_serial__rosidl_typesupport_cpp.dir/rosidl_typesupport_cpp/sdv_serial/msg/motors__type_support.cpp.o.d" is newer than depends file "/home/cafsanchezdi/ros2_ws/build/sdv_serial/CMakeFiles/sdv_serial__rosidl_typesupport_cpp.dir/compiler_depend.internal".
[0.253s] Dependencies file "CMakeFiles/sdv_serial__rosidl_typesupport_cpp.dir/rosidl_typesupport_cpp/sdv_serial/msg/sdv_status__type_support.cpp.o.d" is newer than depends file "/home/cafsanchezdi/ros2_ws/build/sdv_serial/CMakeFiles/sdv_serial__rosidl_typesupport_cpp.dir/compiler_depend.internal".
[0.253s] Dependencies file "CMakeFiles/sdv_serial__rosidl_typesupport_fastrtps_c.dir/rosidl_typesupport_fastrtps_c/sdv_serial/msg/detail/battery__type_support_c.cpp.o.d" is newer than depends file "/home/cafsanchezdi/ros2_ws/build/sdv_serial/CMakeFiles/sdv_serial__rosidl_typesupport_fastrtps_c.dir/compiler_depend.internal".
[0.253s] Dependencies file "CMakeFiles/sdv_serial__rosidl_typesupport_cpp.dir/rosidl_typesupport_cpp/sdv_serial/msg/tag_rfid__type_support.cpp.o.d" is newer than depends file "/home/cafsanchezdi/ros2_ws/build/sdv_serial/CMakeFiles/sdv_serial__rosidl_typesupport_cpp.dir/compiler_depend.internal".
[0.254s] Dependencies file "CMakeFiles/sdv_serial__rosidl_typesupport_fastrtps_c.dir/rosidl_typesupport_fastrtps_c/sdv_serial/msg/detail/encoder__type_support_c.cpp.o.d" is newer than depends file "/home/cafsanchezdi/ros2_ws/build/sdv_serial/CMakeFiles/sdv_serial__rosidl_typesupport_fastrtps_c.dir/compiler_depend.internal".
[0.254s] Dependencies file "CMakeFiles/sdv_serial__rosidl_typesupport_cpp.dir/rosidl_typesupport_cpp/sdv_serial/msg/ultrasound__type_support.cpp.o.d" is newer than depends file "/home/cafsanchezdi/ros2_ws/build/sdv_serial/CMakeFiles/sdv_serial__rosidl_typesupport_cpp.dir/compiler_depend.internal".
[0.255s] Dependencies file "CMakeFiles/sdv_serial__rosidl_typesupport_fastrtps_c.dir/rosidl_typesupport_fastrtps_c/sdv_serial/msg/detail/flexiforce__type_support_c.cpp.o.d" is newer than depends file "/home/cafsanchezdi/ros2_ws/build/sdv_serial/CMakeFiles/sdv_serial__rosidl_typesupport_fastrtps_c.dir/compiler_depend.internal".
[0.255s] Dependencies file "CMakeFiles/sdv_serial__rosidl_typesupport_fastrtps_cpp.dir/rosidl_typesupport_fastrtps_cpp/sdv_serial/msg/detail/dds_fastrtps/battery__type_support.cpp.o.d" is newer than depends file "/home/cafsanchezdi/ros2_ws/build/sdv_serial/CMakeFiles/sdv_serial__rosidl_typesupport_fastrtps_cpp.dir/compiler_depend.internal".
[0.256s] Dependencies file "CMakeFiles/sdv_serial__rosidl_typesupport_fastrtps_c.dir/rosidl_typesupport_fastrtps_c/sdv_serial/msg/detail/motors__type_support_c.cpp.o.d" is newer than depends file "/home/cafsanchezdi/ros2_ws/build/sdv_serial/CMakeFiles/sdv_serial__rosidl_typesupport_fastrtps_c.dir/compiler_depend.internal".
[0.257s] Dependencies file "CMakeFiles/sdv_serial__rosidl_typesupport_fastrtps_cpp.dir/rosidl_typesupport_fastrtps_cpp/sdv_serial/msg/detail/dds_fastrtps/encoder__type_support.cpp.o.d" is newer than depends file "/home/cafsanchezdi/ros2_ws/build/sdv_serial/CMakeFiles/sdv_serial__rosidl_typesupport_fastrtps_cpp.dir/compiler_depend.internal".
[0.257s] Dependencies file "CMakeFiles/sdv_serial__rosidl_typesupport_fastrtps_c.dir/rosidl_typesupport_fastrtps_c/sdv_serial/msg/detail/sdv_status__type_support_c.cpp.o.d" is newer than depends file "/home/cafsanchezdi/ros2_ws/build/sdv_serial/CMakeFiles/sdv_serial__rosidl_typesupport_fastrtps_c.dir/compiler_depend.internal".
[0.259s] Dependencies file "CMakeFiles/sdv_serial__rosidl_typesupport_fastrtps_cpp.dir/rosidl_typesupport_fastrtps_cpp/sdv_serial/msg/detail/dds_fastrtps/flexiforce__type_support.cpp.o.d" is newer than depends file "/home/cafsanchezdi/ros2_ws/build/sdv_serial/CMakeFiles/sdv_serial__rosidl_typesupport_fastrtps_cpp.dir/compiler_depend.internal".
[0.259s] Dependencies file "CMakeFiles/sdv_serial__rosidl_typesupport_fastrtps_c.dir/rosidl_typesupport_fastrtps_c/sdv_serial/msg/detail/tag_rfid__type_support_c.cpp.o.d" is newer than depends file "/home/cafsanchezdi/ros2_ws/build/sdv_serial/CMakeFiles/sdv_serial__rosidl_typesupport_fastrtps_c.dir/compiler_depend.internal".
[0.260s] [35m[1mConsolidate compiler generated dependencies of target sdv_serial__rosidl_typesupport_cpp[0m
[0.260s] Dependencies file "CMakeFiles/sdv_serial__rosidl_typesupport_fastrtps_cpp.dir/rosidl_typesupport_fastrtps_cpp/sdv_serial/msg/detail/dds_fastrtps/motors__type_support.cpp.o.d" is newer than depends file "/home/cafsanchezdi/ros2_ws/build/sdv_serial/CMakeFiles/sdv_serial__rosidl_typesupport_fastrtps_cpp.dir/compiler_depend.internal".
[0.261s] Dependencies file "CMakeFiles/sdv_serial__rosidl_typesupport_fastrtps_c.dir/rosidl_typesupport_fastrtps_c/sdv_serial/msg/detail/ultrasound__type_support_c.cpp.o.d" is newer than depends file "/home/cafsanchezdi/ros2_ws/build/sdv_serial/CMakeFiles/sdv_serial__rosidl_typesupport_fastrtps_c.dir/compiler_depend.internal".
[0.261s] Dependencies file "CMakeFiles/sdv_serial__rosidl_typesupport_fastrtps_cpp.dir/rosidl_typesupport_fastrtps_cpp/sdv_serial/msg/detail/dds_fastrtps/sdv_status__type_support.cpp.o.d" is newer than depends file "/home/cafsanchezdi/ros2_ws/build/sdv_serial/CMakeFiles/sdv_serial__rosidl_typesupport_fastrtps_cpp.dir/compiler_depend.internal".
[0.261s] [35m[1mConsolidate compiler generated dependencies of target sdv_serial__rosidl_typesupport_fastrtps_c[0m
[0.261s] Dependencies file "CMakeFiles/sdv_serial__rosidl_typesupport_fastrtps_cpp.dir/rosidl_typesupport_fastrtps_cpp/sdv_serial/msg/detail/dds_fastrtps/tag_rfid__type_support.cpp.o.d" is newer than depends file "/home/cafsanchezdi/ros2_ws/build/sdv_serial/CMakeFiles/sdv_serial__rosidl_typesupport_fastrtps_cpp.dir/compiler_depend.internal".
[0.264s] Dependencies file "CMakeFiles/sdv_serial__rosidl_typesupport_fastrtps_cpp.dir/rosidl_typesupport_fastrtps_cpp/sdv_serial/msg/detail/dds_fastrtps/ultrasound__type_support.cpp.o.d" is newer than depends file "/home/cafsanchezdi/ros2_ws/build/sdv_serial/CMakeFiles/sdv_serial__rosidl_typesupport_fastrtps_cpp.dir/compiler_depend.internal".
[0.264s] [35m[1mConsolidate compiler generated dependencies of target sdv_serial__rosidl_typesupport_fastrtps_cpp[0m
[0.272s] gmake[2]: Leaving directory '/home/cafsanchezdi/ros2_ws/build/sdv_serial'
[0.273s] /usr/bin/gmake  -f CMakeFiles/sdv_serial__rosidl_typesupport_fastrtps_c.dir/build.make CMakeFiles/sdv_serial__rosidl_typesupport_fastrtps_c.dir/build
[0.274s] gmake[2]: Leaving directory '/home/cafsanchezdi/ros2_ws/build/sdv_serial'
[0.275s] /usr/bin/gmake  -f CMakeFiles/sdv_serial__rosidl_typesupport_fastrtps_cpp.dir/build.make CMakeFiles/sdv_serial__rosidl_typesupport_fastrtps_cpp.dir/build
[0.275s] gmake[2]: Leaving directory '/home/cafsanchezdi/ros2_ws/build/sdv_serial'
[0.279s] /usr/bin/gmake  -f CMakeFiles/sdv_serial__rosidl_typesupport_cpp.dir/build.make CMakeFiles/sdv_serial__rosidl_typesupport_cpp.dir/build
[0.284s] gmake[2]: Entering directory '/home/cafsanchezdi/ros2_ws/build/sdv_serial'
[0.284s] gmake[2]: Nothing to be done for 'CMakeFiles/sdv_serial__rosidl_typesupport_fastrtps_c.dir/build'.
[0.285s] gmake[2]: Leaving directory '/home/cafsanchezdi/ros2_ws/build/sdv_serial'
[0.285s] gmake[2]: Entering directory '/home/cafsanchezdi/ros2_ws/build/sdv_serial'
[0.285s] gmake[2]: Nothing to be done for 'CMakeFiles/sdv_serial__rosidl_typesupport_fastrtps_cpp.dir/build'.
[0.286s] gmake[2]: Leaving directory '/home/cafsanchezdi/ros2_ws/build/sdv_serial'
[0.286s] gmake[2]: Entering directory '/home/cafsanchezdi/ros2_ws/build/sdv_serial'
[0.286s] gmake[2]: Nothing to be done for 'CMakeFiles/sdv_serial__rosidl_typesupport_cpp.dir/build'.
[0.287s] gmake[2]: Leaving directory '/home/cafsanchezdi/ros2_ws/build/sdv_serial'
[0.310s] [ 44%] Built target sdv_serial__rosidl_typesupport_fastrtps_cpp
[0.310s] [ 44%] Built target sdv_serial__rosidl_typesupport_cpp
[0.310s] /usr/bin/gmake  -f CMakeFiles/sdv_serial__rosidl_typesupport_introspection_c.dir/build.make CMakeFiles/sdv_serial__rosidl_typesupport_introspection_c.dir/depend
[0.314s] [ 53%] Built target sdv_serial__rosidl_typesupport_fastrtps_c
[0.314s] /usr/bin/gmake  -f CMakeFiles/sdv_serial__rosidl_typesupport_c.dir/build.make CMakeFiles/sdv_serial__rosidl_typesupport_c.dir/depend
[0.316s] /usr/bin/gmake  -f CMakeFiles/sdv_serial__rosidl_typesupport_introspection_cpp.dir/build.make CMakeFiles/sdv_serial__rosidl_typesupport_introspection_cpp.dir/depend
[0.317s] gmake[2]: Entering directory '/home/cafsanchezdi/ros2_ws/build/sdv_serial'
[0.318s] cd /home/cafsanchezdi/ros2_ws/build/sdv_serial && /usr/bin/cmake -E cmake_depends "Unix Makefiles" /home/cafsanchezdi/ros2_ws/src/sdv_un_ros/sdv_serial /home/cafsanchezdi/ros2_ws/src/sdv_un_ros/sdv_serial /home/cafsanchezdi/ros2_ws/build/sdv_serial /home/cafsanchezdi/ros2_ws/build/sdv_serial /home/cafsanchezdi/ros2_ws/build/sdv_serial/CMakeFiles/sdv_serial__rosidl_typesupport_introspection_c.dir/DependInfo.cmake "--color="
[0.319s] gmake[2]: Entering directory '/home/cafsanchezdi/ros2_ws/build/sdv_serial'
[0.319s] cd /home/cafsanchezdi/ros2_ws/build/sdv_serial && /usr/bin/cmake -E cmake_depends "Unix Makefiles" /home/cafsanchezdi/ros2_ws/src/sdv_un_ros/sdv_serial /home/cafsanchezdi/ros2_ws/src/sdv_un_ros/sdv_serial /home/cafsanchezdi/ros2_ws/build/sdv_serial /home/cafsanchezdi/ros2_ws/build/sdv_serial /home/cafsanchezdi/ros2_ws/build/sdv_serial/CMakeFiles/sdv_serial__rosidl_typesupport_c.dir/DependInfo.cmake "--color="
[0.321s] gmake[2]: Entering directory '/home/cafsanchezdi/ros2_ws/build/sdv_serial'
[0.321s] cd /home/cafsanchezdi/ros2_ws/build/sdv_serial && /usr/bin/cmake -E cmake_depends "Unix Makefiles" /home/cafsanchezdi/ros2_ws/src/sdv_un_ros/sdv_serial /home/cafsanchezdi/ros2_ws/src/sdv_un_ros/sdv_serial /home/cafsanchezdi/ros2_ws/build/sdv_serial /home/cafsanchezdi/ros2_ws/build/sdv_serial /home/cafsanchezdi/ros2_ws/build/sdv_serial/CMakeFiles/sdv_serial__rosidl_typesupport_introspection_cpp.dir/DependInfo.cmake "--color="
[0.339s] Dependencies file "CMakeFiles/sdv_serial__rosidl_typesupport_c.dir/rosidl_typesupport_c/sdv_serial/msg/battery__type_support.cpp.o.d" is newer than depends file "/home/cafsanchezdi/ros2_ws/build/sdv_serial/CMakeFiles/sdv_serial__rosidl_typesupport_c.dir/compiler_depend.internal".
[0.340s] Dependencies file "CMakeFiles/sdv_serial__rosidl_typesupport_introspection_c.dir/rosidl_typesupport_introspection_c/sdv_serial/msg/detail/battery__type_support.c.o.d" is newer than depends file "/home/cafsanchezdi/ros2_ws/build/sdv_serial/CMakeFiles/sdv_serial__rosidl_typesupport_introspection_c.dir/compiler_depend.internal".
[0.340s] Dependencies file "CMakeFiles/sdv_serial__rosidl_typesupport_c.dir/rosidl_typesupport_c/sdv_serial/msg/encoder__type_support.cpp.o.d" is newer than depends file "/home/cafsanchezdi/ros2_ws/build/sdv_serial/CMakeFiles/sdv_serial__rosidl_typesupport_c.dir/compiler_depend.internal".
[0.341s] Dependencies file "CMakeFiles/sdv_serial__rosidl_typesupport_introspection_c.dir/rosidl_typesupport_introspection_c/sdv_serial/msg/detail/encoder__type_support.c.o.d" is newer than depends file "/home/cafsanchezdi/ros2_ws/build/sdv_serial/CMakeFiles/sdv_serial__rosidl_typesupport_introspection_c.dir/compiler_depend.internal".
[0.341s] Dependencies file "CMakeFiles/sdv_serial__rosidl_typesupport_c.dir/rosidl_typesupport_c/sdv_serial/msg/flexiforce__type_support.cpp.o.d" is newer than depends file "/home/cafsanchezdi/ros2_ws/build/sdv_serial/CMakeFiles/sdv_serial__rosidl_typesupport_c.dir/compiler_depend.internal".
[0.342s] Dependencies file "CMakeFiles/sdv_serial__rosidl_typesupport_introspection_c.dir/rosidl_typesupport_introspection_c/sdv_serial/msg/detail/flexiforce__type_support.c.o.d" is newer than depends file "/home/cafsanchezdi/ros2_ws/build/sdv_serial/CMakeFiles/sdv_serial__rosidl_typesupport_introspection_c.dir/compiler_depend.internal".
[0.342s] Dependencies file "CMakeFiles/sdv_serial__rosidl_typesupport_c.dir/rosidl_typesupport_c/sdv_serial/msg/motors__type_support.cpp.o.d" is newer than depends file "/home/cafsanchezdi/ros2_ws/build/sdv_serial/CMakeFiles/sdv_serial__rosidl_typesupport_c.dir/compiler_depend.internal".
[0.342s] Dependencies file "CMakeFiles/sdv_serial__rosidl_typesupport_introspection_c.dir/rosidl_typesupport_introspection_c/sdv_serial/msg/detail/motors__type_support.c.o.d" is newer than depends file "/home/cafsanchezdi/ros2_ws/build/sdv_serial/CMakeFiles/sdv_serial__rosidl_typesupport_introspection_c.dir/compiler_depend.internal".
[0.344s] Dependencies file "CMakeFiles/sdv_serial__rosidl_typesupport_c.dir/rosidl_typesupport_c/sdv_serial/msg/sdv_status__type_support.cpp.o.d" is newer than depends file "/home/cafsanchezdi/ros2_ws/build/sdv_serial/CMakeFiles/sdv_serial__rosidl_typesupport_c.dir/compiler_depend.internal".
[0.345s] Dependencies file "CMakeFiles/sdv_serial__rosidl_typesupport_introspection_c.dir/rosidl_typesupport_introspection_c/sdv_serial/msg/detail/sdv_status__type_support.c.o.d" is newer than depends file "/home/cafsanchezdi/ros2_ws/build/sdv_serial/CMakeFiles/sdv_serial__rosidl_typesupport_introspection_c.dir/compiler_depend.internal".
[0.346s] Dependencies file "CMakeFiles/sdv_serial__rosidl_typesupport_c.dir/rosidl_typesupport_c/sdv_serial/msg/tag_rfid__type_support.cpp.o.d" is newer than depends file "/home/cafsanchezdi/ros2_ws/build/sdv_serial/CMakeFiles/sdv_serial__rosidl_typesupport_c.dir/compiler_depend.internal".
[0.347s] Dependencies file "CMakeFiles/sdv_serial__rosidl_typesupport_introspection_c.dir/rosidl_typesupport_introspection_c/sdv_serial/msg/detail/tag_rfid__type_support.c.o.d" is newer than depends file "/home/cafsanchezdi/ros2_ws/build/sdv_serial/CMakeFiles/sdv_serial__rosidl_typesupport_introspection_c.dir/compiler_depend.internal".
[0.347s] Dependencies file "CMakeFiles/sdv_serial__rosidl_typesupport_c.dir/rosidl_typesupport_c/sdv_serial/msg/ultrasound__type_support.cpp.o.d" is newer than depends file "/home/cafsanchezdi/ros2_ws/build/sdv_serial/CMakeFiles/sdv_serial__rosidl_typesupport_c.dir/compiler_depend.internal".
[0.348s] Dependencies file "CMakeFiles/sdv_serial__rosidl_typesupport_introspection_c.dir/rosidl_typesupport_introspection_c/sdv_serial/msg/detail/ultrasound__type_support.c.o.d" is newer than depends file "/home/cafsanchezdi/ros2_ws/build/sdv_serial/CMakeFiles/sdv_serial__rosidl_typesupport_introspection_c.dir/compiler_depend.internal".
[0.349s] [35m[1mConsolidate compiler generated dependencies of target sdv_serial__rosidl_typesupport_c[0m
[0.349s] [35m[1mConsolidate compiler generated dependencies of target sdv_serial__rosidl_typesupport_introspection_c[0m
[0.349s] Dependencies file "CMakeFiles/sdv_serial__rosidl_typesupport_introspection_cpp.dir/rosidl_typesupport_introspection_cpp/sdv_serial/msg/detail/battery__type_support.cpp.o.d" is newer than depends file "/home/cafsanchezdi/ros2_ws/build/sdv_serial/CMakeFiles/sdv_serial__rosidl_typesupport_introspection_cpp.dir/compiler_depend.internal".
[0.349s] Dependencies file "CMakeFiles/sdv_serial__rosidl_typesupport_introspection_cpp.dir/rosidl_typesupport_introspection_cpp/sdv_serial/msg/detail/encoder__type_support.cpp.o.d" is newer than depends file "/home/cafsanchezdi/ros2_ws/build/sdv_serial/CMakeFiles/sdv_serial__rosidl_typesupport_introspection_cpp.dir/compiler_depend.internal".
[0.350s] Dependencies file "CMakeFiles/sdv_serial__rosidl_typesupport_introspection_cpp.dir/rosidl_typesupport_introspection_cpp/sdv_serial/msg/detail/flexiforce__type_support.cpp.o.d" is newer than depends file "/home/cafsanchezdi/ros2_ws/build/sdv_serial/CMakeFiles/sdv_serial__rosidl_typesupport_introspection_cpp.dir/compiler_depend.internal".
[0.350s] Dependencies file "CMakeFiles/sdv_serial__rosidl_typesupport_introspection_cpp.dir/rosidl_typesupport_introspection_cpp/sdv_serial/msg/detail/motors__type_support.cpp.o.d" is newer than depends file "/home/cafsanchezdi/ros2_ws/build/sdv_serial/CMakeFiles/sdv_serial__rosidl_typesupport_introspection_cpp.dir/compiler_depend.internal".
[0.350s] Dependencies file "CMakeFiles/sdv_serial__rosidl_typesupport_introspection_cpp.dir/rosidl_typesupport_introspection_cpp/sdv_serial/msg/detail/sdv_status__type_support.cpp.o.d" is newer than depends file "/home/cafsanchezdi/ros2_ws/build/sdv_serial/CMakeFiles/sdv_serial__rosidl_typesupport_introspection_cpp.dir/compiler_depend.internal".
[0.350s] Dependencies file "CMakeFiles/sdv_serial__rosidl_typesupport_introspection_cpp.dir/rosidl_typesupport_introspection_cpp/sdv_serial/msg/detail/tag_rfid__type_support.cpp.o.d" is newer than depends file "/home/cafsanchezdi/ros2_ws/build/sdv_serial/CMakeFiles/sdv_serial__rosidl_typesupport_introspection_cpp.dir/compiler_depend.internal".
[0.351s] Dependencies file "CMakeFiles/sdv_serial__rosidl_typesupport_introspection_cpp.dir/rosidl_typesupport_introspection_cpp/sdv_serial/msg/detail/ultrasound__type_support.cpp.o.d" is newer than depends file "/home/cafsanchezdi/ros2_ws/build/sdv_serial/CMakeFiles/sdv_serial__rosidl_typesupport_introspection_cpp.dir/compiler_depend.internal".
[0.351s] [35m[1mConsolidate compiler generated dependencies of target sdv_serial__rosidl_typesupport_introspection_cpp[0m
[0.351s] gmake[2]: Leaving directory '/home/cafsanchezdi/ros2_ws/build/sdv_serial'
[0.351s] /usr/bin/gmake  -f CMakeFiles/sdv_serial__rosidl_typesupport_introspection_c.dir/build.make CMakeFiles/sdv_serial__rosidl_typesupport_introspection_c.dir/build
[0.355s] gmake[2]: Leaving directory '/home/cafsanchezdi/ros2_ws/build/sdv_serial'
[0.355s] /usr/bin/gmake  -f CMakeFiles/sdv_serial__rosidl_typesupport_c.dir/build.make CMakeFiles/sdv_serial__rosidl_typesupport_c.dir/build
[0.355s] gmake[2]: Entering directory '/home/cafsanchezdi/ros2_ws/build/sdv_serial'
[0.356s] gmake[2]: Nothing to be done for 'CMakeFiles/sdv_serial__rosidl_typesupport_introspection_c.dir/build'.
[0.356s] gmake[2]: Leaving directory '/home/cafsanchezdi/ros2_ws/build/sdv_serial'
[0.356s] gmake[2]: Entering directory '/home/cafsanchezdi/ros2_ws/build/sdv_serial'
[0.357s] gmake[2]: Nothing to be done for 'CMakeFiles/sdv_serial__rosidl_typesupport_c.dir/build'.
[0.357s] gmake[2]: Leaving directory '/home/cafsanchezdi/ros2_ws/build/sdv_serial'
[0.363s] gmake[2]: Leaving directory '/home/cafsanchezdi/ros2_ws/build/sdv_serial'
[0.363s] /usr/bin/gmake  -f CMakeFiles/sdv_serial__rosidl_typesupport_introspection_cpp.dir/build.make CMakeFiles/sdv_serial__rosidl_typesupport_introspection_cpp.dir/build
[0.371s] gmake[2]: Entering directory '/home/cafsanchezdi/ros2_ws/build/sdv_serial'
[0.371s] gmake[2]: Nothing to be done for 'CMakeFiles/sdv_serial__rosidl_typesupport_introspection_cpp.dir/build'.
[0.371s] gmake[2]: Leaving directory '/home/cafsanchezdi/ros2_ws/build/sdv_serial'
[0.377s] [ 63%] Built target sdv_serial__rosidl_typesupport_introspection_c
[0.377s] [ 72%] Built target sdv_serial__rosidl_typesupport_c
[0.387s] [ 81%] Built target sdv_serial__rosidl_typesupport_introspection_cpp
[0.389s] /usr/bin/gmake  -f CMakeFiles/sdv_serial.dir/build.make CMakeFiles/sdv_serial.dir/depend
[0.391s] gmake[2]: Entering directory '/home/cafsanchezdi/ros2_ws/build/sdv_serial'
[0.391s] cd /home/cafsanchezdi/ros2_ws/build/sdv_serial && /usr/bin/cmake -E cmake_depends "Unix Makefiles" /home/cafsanchezdi/ros2_ws/src/sdv_un_ros/sdv_serial /home/cafsanchezdi/ros2_ws/src/sdv_un_ros/sdv_serial /home/cafsanchezdi/ros2_ws/build/sdv_serial /home/cafsanchezdi/ros2_ws/build/sdv_serial /home/cafsanchezdi/ros2_ws/build/sdv_serial/CMakeFiles/sdv_serial.dir/DependInfo.cmake "--color="
[0.411s] gmake[2]: Leaving directory '/home/cafsanchezdi/ros2_ws/build/sdv_serial'
[0.411s] /usr/bin/gmake  -f CMakeFiles/sdv_serial.dir/build.make CMakeFiles/sdv_serial.dir/build
[0.413s] gmake[2]: Entering directory '/home/cafsanchezdi/ros2_ws/build/sdv_serial'
[0.413s] gmake[2]: Nothing to be done for 'CMakeFiles/sdv_serial.dir/build'.
[0.414s] gmake[2]: Leaving directory '/home/cafsanchezdi/ros2_ws/build/sdv_serial'
[0.426s] [ 81%] Built target sdv_serial
[0.428s] /usr/bin/gmake  -f /home/cafsanchezdi/ros2_ws/build/sdv_serial/sdv_serial__py/CMakeFiles/sdv_serial__py.dir/build.make /home/cafsanchezdi/ros2_ws/build/sdv_serial/sdv_serial__py/CMakeFiles/sdv_serial__py.dir/depend
[0.428s] /usr/bin/gmake  -f CMakeFiles/sdv_serial_node2.dir/build.make CMakeFiles/sdv_serial_node2.dir/depend
[0.431s] gmake[2]: Entering directory '/home/cafsanchezdi/ros2_ws/build/sdv_serial'
[0.432s] cd /home/cafsanchezdi/ros2_ws/build/sdv_serial && /usr/bin/cmake -E cmake_depends "Unix Makefiles" /home/cafsanchezdi/ros2_ws/src/sdv_un_ros/sdv_serial /home/cafsanchezdi/ros2_ws/build/sdv_serial/sdv_serial__py /home/cafsanchezdi/ros2_ws/build/sdv_serial /home/cafsanchezdi/ros2_ws/build/sdv_serial/sdv_serial__py /home/cafsanchezdi/ros2_ws/build/sdv_serial/sdv_serial__py/CMakeFiles/sdv_serial__py.dir/DependInfo.cmake "--color="
[0.432s] gmake[2]: Entering directory '/home/cafsanchezdi/ros2_ws/build/sdv_serial'
[0.432s] cd /home/cafsanchezdi/ros2_ws/build/sdv_serial && /usr/bin/cmake -E cmake_depends "Unix Makefiles" /home/cafsanchezdi/ros2_ws/src/sdv_un_ros/sdv_serial /home/cafsanchezdi/ros2_ws/src/sdv_un_ros/sdv_serial /home/cafsanchezdi/ros2_ws/build/sdv_serial /home/cafsanchezdi/ros2_ws/build/sdv_serial /home/cafsanchezdi/ros2_ws/build/sdv_serial/CMakeFiles/sdv_serial_node2.dir/DependInfo.cmake "--color="
[0.448s] gmake[2]: Leaving directory '/home/cafsanchezdi/ros2_ws/build/sdv_serial'
[0.448s] /usr/bin/gmake  -f /home/cafsanchezdi/ros2_ws/build/sdv_serial/sdv_serial__py/CMakeFiles/sdv_serial__py.dir/build.make /home/cafsanchezdi/ros2_ws/build/sdv_serial/sdv_serial__py/CMakeFiles/sdv_serial__py.dir/build
[0.450s] gmake[2]: Entering directory '/home/cafsanchezdi/ros2_ws/build/sdv_serial'
[0.451s] gmake[2]: Nothing to be done for '/home/cafsanchezdi/ros2_ws/build/sdv_serial/sdv_serial__py/CMakeFiles/sdv_serial__py.dir/build'.
[0.451s] gmake[2]: Leaving directory '/home/cafsanchezdi/ros2_ws/build/sdv_serial'
[0.452s] Dependencies file "CMakeFiles/sdv_serial_node2.dir/src/motor.cpp.o.d" is newer than depends file "/home/cafsanchezdi/ros2_ws/build/sdv_serial/CMakeFiles/sdv_serial_node2.dir/compiler_depend.internal".
[0.454s] Dependencies file "CMakeFiles/sdv_serial_node2.dir/src/sdv_serial_node2.cpp.o.d" is newer than depends file "/home/cafsanchezdi/ros2_ws/build/sdv_serial/CMakeFiles/sdv_serial_node2.dir/compiler_depend.internal".
[0.458s] [35m[1mConsolidate compiler generated dependencies of target sdv_serial_node2[0m
[0.465s] [ 82%] Built target sdv_serial__py
[0.467s] /usr/bin/gmake  -f CMakeFiles/sdv_serial__rosidl_generator_py.dir/build.make CMakeFiles/sdv_serial__rosidl_generator_py.dir/depend
[0.469s] gmake[2]: Entering directory '/home/cafsanchezdi/ros2_ws/build/sdv_serial'
[0.469s] cd /home/cafsanchezdi/ros2_ws/build/sdv_serial && /usr/bin/cmake -E cmake_depends "Unix Makefiles" /home/cafsanchezdi/ros2_ws/src/sdv_un_ros/sdv_serial /home/cafsanchezdi/ros2_ws/src/sdv_un_ros/sdv_serial /home/cafsanchezdi/ros2_ws/build/sdv_serial /home/cafsanchezdi/ros2_ws/build/sdv_serial /home/cafsanchezdi/ros2_ws/build/sdv_serial/CMakeFiles/sdv_serial__rosidl_generator_py.dir/DependInfo.cmake "--color="
[0.479s] gmake[2]: Leaving directory '/home/cafsanchezdi/ros2_ws/build/sdv_serial'
[0.479s] /usr/bin/gmake  -f CMakeFiles/sdv_serial_node2.dir/build.make CMakeFiles/sdv_serial_node2.dir/build
[0.483s] Dependencies file "CMakeFiles/sdv_serial__rosidl_generator_py.dir/rosidl_generator_py/sdv_serial/msg/_battery_s.c.o.d" is newer than depends file "/home/cafsanchezdi/ros2_ws/build/sdv_serial/CMakeFiles/sdv_serial__rosidl_generator_py.dir/compiler_depend.internal".
[0.484s] Dependencies file "CMakeFiles/sdv_serial__rosidl_generator_py.dir/rosidl_generator_py/sdv_serial/msg/_encoder_s.c.o.d" is newer than depends file "/home/cafsanchezdi/ros2_ws/build/sdv_serial/CMakeFiles/sdv_serial__rosidl_generator_py.dir/compiler_depend.internal".
[0.484s] Dependencies file "CMakeFiles/sdv_serial__rosidl_generator_py.dir/rosidl_generator_py/sdv_serial/msg/_flexiforce_s.c.o.d" is newer than depends file "/home/cafsanchezdi/ros2_ws/build/sdv_serial/CMakeFiles/sdv_serial__rosidl_generator_py.dir/compiler_depend.internal".
[0.485s] Dependencies file "CMakeFiles/sdv_serial__rosidl_generator_py.dir/rosidl_generator_py/sdv_serial/msg/_motors_s.c.o.d" is newer than depends file "/home/cafsanchezdi/ros2_ws/build/sdv_serial/CMakeFiles/sdv_serial__rosidl_generator_py.dir/compiler_depend.internal".
[0.485s] Dependencies file "CMakeFiles/sdv_serial__rosidl_generator_py.dir/rosidl_generator_py/sdv_serial/msg/_sdv_status_s.c.o.d" is newer than depends file "/home/cafsanchezdi/ros2_ws/build/sdv_serial/CMakeFiles/sdv_serial__rosidl_generator_py.dir/compiler_depend.internal".
[0.486s] Dependencies file "CMakeFiles/sdv_serial__rosidl_generator_py.dir/rosidl_generator_py/sdv_serial/msg/_tag_rfid_s.c.o.d" is newer than depends file "/home/cafsanchezdi/ros2_ws/build/sdv_serial/CMakeFiles/sdv_serial__rosidl_generator_py.dir/compiler_depend.internal".
[0.487s] Dependencies file "CMakeFiles/sdv_serial__rosidl_generator_py.dir/rosidl_generator_py/sdv_serial/msg/_ultrasound_s.c.o.d" is newer than depends file "/home/cafsanchezdi/ros2_ws/build/sdv_serial/CMakeFiles/sdv_serial__rosidl_generator_py.dir/compiler_depend.internal".
[0.487s] [35m[1mConsolidate compiler generated dependencies of target sdv_serial__rosidl_generator_py[0m
[0.496s] gmake[2]: Leaving directory '/home/cafsanchezdi/ros2_ws/build/sdv_serial'
[0.497s] /usr/bin/gmake  -f CMakeFiles/sdv_serial__rosidl_generator_py.dir/build.make CMakeFiles/sdv_serial__rosidl_generator_py.dir/build
[0.504s] gmake[2]: Entering directory '/home/cafsanchezdi/ros2_ws/build/sdv_serial'
[0.507s] gmake[2]: Entering directory '/home/cafsanchezdi/ros2_ws/build/sdv_serial'
[0.507s] gmake[2]: Nothing to be done for 'CMakeFiles/sdv_serial__rosidl_generator_py.dir/build'.
[0.508s] gmake[2]: Leaving directory '/home/cafsanchezdi/ros2_ws/build/sdv_serial'
[0.521s] [ 90%] Built target sdv_serial__rosidl_generator_py
[0.523s] /usr/bin/gmake  -f CMakeFiles/sdv_serial_s__rosidl_typesupport_fastrtps_c.dir/build.make CMakeFiles/sdv_serial_s__rosidl_typesupport_fastrtps_c.dir/depend
[0.527s] /usr/bin/gmake  -f CMakeFiles/sdv_serial_s__rosidl_typesupport_introspection_c.dir/build.make CMakeFiles/sdv_serial_s__rosidl_typesupport_introspection_c.dir/depend
[0.527s] gmake[2]: Entering directory '/home/cafsanchezdi/ros2_ws/build/sdv_serial'
[0.528s] cd /home/cafsanchezdi/ros2_ws/build/sdv_serial && /usr/bin/cmake -E cmake_depends "Unix Makefiles" /home/cafsanchezdi/ros2_ws/src/sdv_un_ros/sdv_serial /home/cafsanchezdi/ros2_ws/src/sdv_un_ros/sdv_serial /home/cafsanchezdi/ros2_ws/build/sdv_serial /home/cafsanchezdi/ros2_ws/build/sdv_serial /home/cafsanchezdi/ros2_ws/build/sdv_serial/CMakeFiles/sdv_serial_s__rosidl_typesupport_fastrtps_c.dir/DependInfo.cmake "--color="
[0.528s] gmake[2]: Entering directory '/home/cafsanchezdi/ros2_ws/build/sdv_serial'
[0.528s] cd /home/cafsanchezdi/ros2_ws/build/sdv_serial && /usr/bin/cmake -E cmake_depends "Unix Makefiles" /home/cafsanchezdi/ros2_ws/src/sdv_un_ros/sdv_serial /home/cafsanchezdi/ros2_ws/src/sdv_un_ros/sdv_serial /home/cafsanchezdi/ros2_ws/build/sdv_serial /home/cafsanchezdi/ros2_ws/build/sdv_serial /home/cafsanchezdi/ros2_ws/build/sdv_serial/CMakeFiles/sdv_serial_s__rosidl_typesupport_introspection_c.dir/DependInfo.cmake "--color="
[0.529s] [ 91%] [32mBuilding CXX object CMakeFiles/sdv_serial_node2.dir/src/sdv_serial_node2.cpp.o[0m
[0.531s] /usr/bin/c++ -DDEFAULT_RMW_IMPLEMENTATION=rmw_fastrtps_cpp -DFASTCDR_DYN_LINK -DROS_PACKAGE_NAME=\"sdv_serial\" -I/home/cafsanchezdi/ros2_ws/src/sdv_un_ros/sdv_serial/include -I/home/cafsanchezdi/ros2_ws/build/sdv_serial/rosidl_generator_cpp -I/opt/ros/jazzy/include -I/opt/ros/jazzy/include/rclcpp_components -I/opt/ros/jazzy/include/rclcpp_lifecycle -I/home/cafsanchezdi/ros2_ws/build/sdv_serial/rosidl_generator_c -isystem /opt/ros/jazzy/include/rclcpp -isystem /opt/ros/jazzy/include/std_msgs -isystem /opt/ros/jazzy/include/sensor_msgs -isystem /opt/ros/jazzy/include/geometry_msgs -isystem /opt/ros/jazzy/include/rcutils -isystem /opt/ros/jazzy/include/rosidl_typesupport_interface -isystem /opt/ros/jazzy/include/rosidl_runtime_c -isystem /opt/ros/jazzy/include/rosidl_runtime_cpp -isystem /opt/ros/jazzy/include/rcpputils -isystem /opt/ros/jazzy/include/rosidl_typesupport_c -isystem /opt/ros/jazzy/include/rosidl_typesupport_cpp -isystem /opt/ros/jazzy/include/rosidl_typesupport_introspection_c -isystem /opt/ros/jazzy/include/rosidl_typesupport_introspection_cpp -isystem /opt/ros/jazzy/include/udp_msgs -isystem /opt/ros/jazzy/include/builtin_interfaces -isystem /opt/ros/jazzy/include/fastcdr -isystem /opt/ros/jazzy/include/rosidl_typesupport_fastrtps_cpp -isystem /opt/ros/jazzy/include/rmw -isystem /opt/ros/jazzy/include/rosidl_dynamic_typesupport -isystem /opt/ros/jazzy/include/rosidl_typesupport_fastrtps_c -isystem /opt/ros/jazzy/include/libstatistics_collector -isystem /opt/ros/jazzy/include/rcl -isystem /opt/ros/jazzy/include/rcl_interfaces -isystem /opt/ros/jazzy/include/service_msgs -isystem /opt/ros/jazzy/include/rcl_logging_interface -isystem /opt/ros/jazzy/include/rcl_yaml_param_parser -isystem /opt/ros/jazzy/include/type_description_interfaces -isystem /opt/ros/jazzy/include/statistics_msgs -isystem /opt/ros/jazzy/include/rosgraph_msgs -isystem /opt/ros/jazzy/include/tracetools -isystem /opt/ros/jazzy/include/class_loader -isystem /opt/ros/jazzy/include/composition_interfaces -isystem /opt/ros/jazzy/include/lifecycle_msgs -isystem /opt/ros/jazzy/include/rcl_lifecycle -std=gnu++17 -MD -MT CMakeFiles/sdv_serial_node2.dir/src/sdv_serial_node2.cpp.o -MF CMakeFiles/sdv_serial_node2.dir/src/sdv_serial_node2.cpp.o.d -o CMakeFiles/sdv_serial_node2.dir/src/sdv_serial_node2.cpp.o -c /home/cafsanchezdi/ros2_ws/src/sdv_un_ros/sdv_serial/src/sdv_serial_node2.cpp
[0.548s] Dependencies file "CMakeFiles/sdv_serial_s__rosidl_typesupport_fastrtps_c.dir/rosidl_generator_py/sdv_serial/_sdv_serial_s.ep.rosidl_typesupport_fastrtps_c.c.o.d" is newer than depends file "/home/cafsanchezdi/ros2_ws/build/sdv_serial/CMakeFiles/sdv_serial_s__rosidl_typesupport_fastrtps_c.dir/compiler_depend.internal".
[0.549s] Dependencies file "CMakeFiles/sdv_serial_s__rosidl_typesupport_introspection_c.dir/rosidl_generator_py/sdv_serial/_sdv_serial_s.ep.rosidl_typesupport_introspection_c.c.o.d" is newer than depends file "/home/cafsanchezdi/ros2_ws/build/sdv_serial/CMakeFiles/sdv_serial_s__rosidl_typesupport_introspection_c.dir/compiler_depend.internal".
[0.551s] [35m[1mConsolidate compiler generated dependencies of target sdv_serial_s__rosidl_typesupport_fastrtps_c[0m
[0.551s] [35m[1mConsolidate compiler generated dependencies of target sdv_serial_s__rosidl_typesupport_introspection_c[0m
[0.555s] gmake[2]: Leaving directory '/home/cafsanchezdi/ros2_ws/build/sdv_serial'
[0.556s] /usr/bin/gmake  -f CMakeFiles/sdv_serial_s__rosidl_typesupport_fastrtps_c.dir/build.make CMakeFiles/sdv_serial_s__rosidl_typesupport_fastrtps_c.dir/build
[0.556s] gmake[2]: Leaving directory '/home/cafsanchezdi/ros2_ws/build/sdv_serial'
[0.556s] /usr/bin/gmake  -f CMakeFiles/sdv_serial_s__rosidl_typesupport_introspection_c.dir/build.make CMakeFiles/sdv_serial_s__rosidl_typesupport_introspection_c.dir/build
[0.562s] gmake[2]: Entering directory '/home/cafsanchezdi/ros2_ws/build/sdv_serial'
[0.563s] gmake[2]: Nothing to be done for 'CMakeFiles/sdv_serial_s__rosidl_typesupport_introspection_c.dir/build'.
[0.563s] gmake[2]: Leaving directory '/home/cafsanchezdi/ros2_ws/build/sdv_serial'
[0.563s] gmake[2]: Entering directory '/home/cafsanchezdi/ros2_ws/build/sdv_serial'
[0.563s] gmake[2]: Nothing to be done for 'CMakeFiles/sdv_serial_s__rosidl_typesupport_fastrtps_c.dir/build'.
[0.564s] gmake[2]: Leaving directory '/home/cafsanchezdi/ros2_ws/build/sdv_serial'
[0.584s] [ 95%] Built target sdv_serial_s__rosidl_typesupport_introspection_c
[0.584s] [ 95%] Built target sdv_serial_s__rosidl_typesupport_fastrtps_c
[0.587s] /usr/bin/gmake  -f CMakeFiles/sdv_serial_s__rosidl_typesupport_c.dir/build.make CMakeFiles/sdv_serial_s__rosidl_typesupport_c.dir/depend
[0.589s] gmake[2]: Entering directory '/home/cafsanchezdi/ros2_ws/build/sdv_serial'
[0.589s] cd /home/cafsanchezdi/ros2_ws/build/sdv_serial && /usr/bin/cmake -E cmake_depends "Unix Makefiles" /home/cafsanchezdi/ros2_ws/src/sdv_un_ros/sdv_serial /home/cafsanchezdi/ros2_ws/src/sdv_un_ros/sdv_serial /home/cafsanchezdi/ros2_ws/build/sdv_serial /home/cafsanchezdi/ros2_ws/build/sdv_serial /home/cafsanchezdi/ros2_ws/build/sdv_serial/CMakeFiles/sdv_serial_s__rosidl_typesupport_c.dir/DependInfo.cmake "--color="
[0.614s] Dependencies file "CMakeFiles/sdv_serial_s__rosidl_typesupport_c.dir/rosidl_generator_py/sdv_serial/_sdv_serial_s.ep.rosidl_typesupport_c.c.o.d" is newer than depends file "/home/cafsanchezdi/ros2_ws/build/sdv_serial/CMakeFiles/sdv_serial_s__rosidl_typesupport_c.dir/compiler_depend.internal".
[0.617s] [35m[1mConsolidate compiler generated dependencies of target sdv_serial_s__rosidl_typesupport_c[0m
[0.621s] gmake[2]: Leaving directory '/home/cafsanchezdi/ros2_ws/build/sdv_serial'
[0.621s] /usr/bin/gmake  -f CMakeFiles/sdv_serial_s__rosidl_typesupport_c.dir/build.make CMakeFiles/sdv_serial_s__rosidl_typesupport_c.dir/build
[0.625s] gmake[2]: Entering directory '/home/cafsanchezdi/ros2_ws/build/sdv_serial'
[0.625s] gmake[2]: Nothing to be done for 'CMakeFiles/sdv_serial_s__rosidl_typesupport_c.dir/build'.
[0.625s] gmake[2]: Leaving directory '/home/cafsanchezdi/ros2_ws/build/sdv_serial'
[0.639s] [ 97%] Built target sdv_serial_s__rosidl_typesupport_c
[0.780s] running egg_info
[0.825s] writing sdv_serial.egg-info/PKG-INFO
[0.826s] writing dependency_links to sdv_serial.egg-info/dependency_links.txt
[0.826s] writing top-level names to sdv_serial.egg-info/top_level.txt
[0.951s] reading manifest file 'sdv_serial.egg-info/SOURCES.txt'
[0.952s] writing manifest file 'sdv_serial.egg-info/SOURCES.txt'
[0.989s] gmake[2]: Leaving directory '/home/cafsanchezdi/ros2_ws/build/sdv_serial'
[1.004s] [ 97%] Built target ament_cmake_python_build_sdv_serial_egg
[5.937s] [01m[K/home/cafsanchezdi/ros2_ws/src/sdv_un_ros/sdv_serial/src/sdv_serial_node2.cpp:97:3:[m[K [01;31m[Kerror: [m[K‘[01m[Kserial[m[K’ does not name a type
[5.937s]    97 |   [01;31m[Kserial[m[K::Serial ser_;
[5.938s]       |   [01;31m[K^~~~~~[m[K
[6.080s] [01m[K/home/cafsanchezdi/ros2_ws/src/sdv_un_ros/sdv_serial/src/sdv_serial_node2.cpp:[m[K In constructor ‘[01m[KSDVSerialNode::[01;32m[KSDVSerialNode[m[K()[m[K’:
[6.081s] [01m[K/home/cafsanchezdi/ros2_ws/src/sdv_un_ros/sdv_serial/src/sdv_serial_node2.cpp:77:10:[m[K [01;31m[Kerror: [m[K‘[01m[Kser_[m[K’ was not declared in this scope
[6.081s]    77 |       if([01;31m[Kser_[m[K.isOpen())
[6.081s]       |          [01;31m[K^~~~[m[K
[6.111s] [01m[K/home/cafsanchezdi/ros2_ws/src/sdv_un_ros/sdv_serial/src/sdv_serial_node2.cpp:[m[K In member function ‘[01m[Kint SDVSerialNode::[01;32m[Kopen_serial_port[m[K(const std::string&)[m[K’:
[6.112s] [01m[K/home/cafsanchezdi/ros2_ws/src/sdv_un_ros/sdv_serial/src/sdv_serial_node2.cpp:174:7:[m[K [01;31m[Kerror: [m[K‘[01m[Kser_[m[K’ was not declared in this scope
[6.112s]   174 |       [01;31m[Kser_[m[K.setPort(portx);
[6.112s]       |       [01;31m[K^~~~[m[K
[6.112s] [01m[K/home/cafsanchezdi/ros2_ws/src/sdv_un_ros/sdv_serial/src/sdv_serial_node2.cpp:176:7:[m[K [01;31m[Kerror: [m[K‘[01m[Kserial[m[K’ has not been declared
[6.113s]   176 |       [01;31m[Kserial[m[K::Timeout to = serial::Timeout::simpleTimeout(10);
[6.113s]       |       [01;31m[K^~~~~~[m[K
[6.120s] [01m[K/home/cafsanchezdi/ros2_ws/src/sdv_un_ros/sdv_serial/src/sdv_serial_node2.cpp:177:23:[m[K [01;31m[Kerror: [m[K‘[01m[Kto[m[K’ was not declared in this scope; did you mean ‘[01m[Ktm[m[K’?
[6.120s]   177 |       ser_.setTimeout([01;31m[Kto[m[K);
[6.120s]       |                       [01;31m[K^~[m[K
[6.120s]       |                       [32m[Ktm[m[K
[6.124s] [01m[K/home/cafsanchezdi/ros2_ws/src/sdv_un_ros/sdv_serial/src/sdv_serial_node2.cpp:179:14:[m[K [01;31m[Kerror: [m[K‘[01m[Kserial[m[K’ does not name a type
[6.125s]   179 |     } catch ([01;31m[Kserial[m[K::IOException &e) {
[6.125s]       |              [01;31m[K^~~~~~[m[K
[6.125s] [01m[K/home/cafsanchezdi/ros2_ws/src/sdv_un_ros/sdv_serial/src/sdv_serial_node2.cpp:179:34:[m[K [01;31m[Kerror: [m[Kexpected unqualified-id before ‘[01m[K&[m[K’ token
[6.126s]   179 |     } catch (serial::IOException [01;31m[K&[m[Ke) {
[6.126s]       |                                  [01;31m[K^[m[K
[6.126s] [01m[K/home/cafsanchezdi/ros2_ws/src/sdv_un_ros/sdv_serial/src/sdv_serial_node2.cpp:179:34:[m[K [01;31m[Kerror: [m[Kexpected ‘[01m[K)[m[K’ before ‘[01m[K&[m[K’ token
[6.126s] [01m[K/home/cafsanchezdi/ros2_ws/src/sdv_un_ros/sdv_serial/src/sdv_serial_node2.cpp:179:13:[m[K [01;36m[Knote: [m[Kto match this ‘[01m[K([m[K’
[6.126s]   179 |     } catch [01;36m[K([m[Kserial::IOException &e) {
[6.127s]       |             [01;36m[K^[m[K
[6.127s] [01m[K/home/cafsanchezdi/ros2_ws/src/sdv_un_ros/sdv_serial/src/sdv_serial_node2.cpp:179:34:[m[K [01;31m[Kerror: [m[Kexpected ‘[01m[K{[m[K’ before ‘[01m[K&[m[K’ token
[6.127s]   179 |     } catch (serial::IOException [01;31m[K&[m[Ke) {
[6.127s]       |                                  [01;31m[K^[m[K
[6.135s] [01m[K/home/cafsanchezdi/ros2_ws/src/sdv_un_ros/sdv_serial/src/sdv_serial_node2.cpp:179:35:[m[K [01;31m[Kerror: [m[K‘[01m[Ke[m[K’ was not declared in this scope
[6.136s]   179 |     } catch (serial::IOException &[01;31m[Ke[m[K) {
[6.136s]       |                                   [01;31m[K^[m[K
[6.145s] [01m[K/home/cafsanchezdi/ros2_ws/src/sdv_un_ros/sdv_serial/src/sdv_serial_node2.cpp:[m[K In member function ‘[01m[Kvoid SDVSerialNode::[01;32m[Kstart_serial_communication[m[K()[m[K’:
[6.145s] [01m[K/home/cafsanchezdi/ros2_ws/src/sdv_un_ros/sdv_serial/src/sdv_serial_node2.cpp:190:5:[m[K [01;31m[Kerror: [m[K‘[01m[Kser_[m[K’ was not declared in this scope
[6.146s]   190 |     [01;31m[Kser_[m[K.write("if 0\r");
[6.146s]       |     [01;31m[K^~~~[m[K
[6.163s] [01m[K/home/cafsanchezdi/ros2_ws/src/sdv_un_ros/sdv_serial/src/sdv_serial_node2.cpp:[m[K In member function ‘[01m[Kvoid SDVSerialNode::[01;32m[Kprocess_serial[m[K()[m[K’:
[6.163s] [01m[K/home/cafsanchezdi/ros2_ws/src/sdv_un_ros/sdv_serial/src/sdv_serial_node2.cpp:261:9:[m[K [01;31m[Kerror: [m[K‘[01m[Kser_[m[K’ was not declared in this scope
[6.163s]   261 |     if ([01;31m[Kser_[m[K.available()) {
[6.164s]       |         [01;31m[K^~~~[m[K
[6.175s] [01m[K/home/cafsanchezdi/ros2_ws/src/sdv_un_ros/sdv_serial/src/sdv_serial_node2.cpp:298:9:[m[K [01;31m[Kerror: [m[K‘[01m[Kser_[m[K’ was not declared in this scope
[6.175s]   298 |         [01;31m[Kser_[m[K.write(msg);
[6.175s]       |         [01;31m[K^~~~[m[K
[12.742s] gmake[2]: *** [CMakeFiles/sdv_serial_node2.dir/build.make:79: CMakeFiles/sdv_serial_node2.dir/src/sdv_serial_node2.cpp.o] Error 1
[12.743s] gmake[2]: Leaving directory '/home/cafsanchezdi/ros2_ws/build/sdv_serial'
[12.743s] gmake[1]: Leaving directory '/home/cafsanchezdi/ros2_ws/build/sdv_serial'
[12.743s] gmake[1]: *** [CMakeFiles/Makefile2:629: CMakeFiles/sdv_serial_node2.dir/all] Error 2
[12.744s] gmake: *** [Makefile:149: all] Error 2
[12.745s] 
[12.749s] Invoked command in '/home/cafsanchezdi/ros2_ws/build/sdv_serial' returned '2': DEBUGINFOD_URLS=https://debuginfod.ubuntu.com /usr/bin/cmake --build /home/cafsanchezdi/ros2_ws/build/sdv_serial -- -j4 -l4
