[0.030s] Invoking command in '/home/cafsanchezdi/ros2_ws/build/sdv_serial': DEBUGINFOD_URLS=https://debuginfod.ubuntu.com /usr/bin/cmake --build /home/cafsanchezdi/ros2_ws/build/sdv_serial -- -j4 -l4
[0.044s] Change Dir: '/home/cafsanchezdi/ros2_ws/build/sdv_serial'
[0.045s] 
[0.045s] Run Build Command(s): /usr/bin/cmake -E env VERBOSE=1 /usr/bin/gmake -f Makefile -j4 -l4
[0.064s] /usr/bin/cmake -S/home/cafsanchezdi/ros2_ws/src/sdv_un_ros/sdv_serial -B/home/cafsanchezdi/ros2_ws/build/sdv_serial --check-build-system CMakeFiles/Makefile.cmake 0
[0.084s] /usr/bin/cmake -E cmake_progress_start /home/cafsanchezdi/ros2_ws/build/sdv_serial/CMakeFiles /home/cafsanchezdi/ros2_ws/build/sdv_serial//CMakeFiles/progress.marks
[0.102s] /usr/bin/gmake  -f CMakeFiles/Makefile2 all
[0.105s] gmake[1]: Entering directory '/home/cafsanchezdi/ros2_ws/build/sdv_serial'
[0.106s] /usr/bin/gmake  -f CMakeFiles/sdv_serial__rosidl_generator_type_description.dir/build.make CMakeFiles/sdv_serial__rosidl_generator_type_description.dir/depend
[0.106s] /usr/bin/gmake  -f CMakeFiles/ament_cmake_python_copy_sdv_serial.dir/build.make CMakeFiles/ament_cmake_python_copy_sdv_serial.dir/depend
[0.109s] gmake[2]: Entering directory '/home/cafsanchezdi/ros2_ws/build/sdv_serial'
[0.110s] cd /home/cafsanchezdi/ros2_ws/build/sdv_serial && /usr/bin/cmake -E cmake_depends "Unix Makefiles" /home/cafsanchezdi/ros2_ws/src/sdv_un_ros/sdv_serial /home/cafsanchezdi/ros2_ws/src/sdv_un_ros/sdv_serial /home/cafsanchezdi/ros2_ws/build/sdv_serial /home/cafsanchezdi/ros2_ws/build/sdv_serial /home/cafsanchezdi/ros2_ws/build/sdv_serial/CMakeFiles/sdv_serial__rosidl_generator_type_description.dir/DependInfo.cmake "--color="
[0.110s] gmake[2]: Entering directory '/home/cafsanchezdi/ros2_ws/build/sdv_serial'
[0.110s] cd /home/cafsanchezdi/ros2_ws/build/sdv_serial && /usr/bin/cmake -E cmake_depends "Unix Makefiles" /home/cafsanchezdi/ros2_ws/src/sdv_un_ros/sdv_serial /home/cafsanchezdi/ros2_ws/src/sdv_un_ros/sdv_serial /home/cafsanchezdi/ros2_ws/build/sdv_serial /home/cafsanchezdi/ros2_ws/build/sdv_serial /home/cafsanchezdi/ros2_ws/build/sdv_serial/CMakeFiles/ament_cmake_python_copy_sdv_serial.dir/DependInfo.cmake "--color="
[0.125s] gmake[2]: Leaving directory '/home/cafsanchezdi/ros2_ws/build/sdv_serial'
[0.125s] gmake[2]: Leaving directory '/home/cafsanchezdi/ros2_ws/build/sdv_serial'
[0.125s] /usr/bin/gmake  -f CMakeFiles/ament_cmake_python_copy_sdv_serial.dir/build.make CMakeFiles/ament_cmake_python_copy_sdv_serial.dir/build
[0.125s] /usr/bin/gmake  -f CMakeFiles/sdv_serial__rosidl_generator_type_description.dir/build.make CMakeFiles/sdv_serial__rosidl_generator_type_description.dir/build
[0.127s] gmake[2]: Entering directory '/home/cafsanchezdi/ros2_ws/build/sdv_serial'
[0.127s] /usr/bin/cmake -E copy_directory /home/cafsanchezdi/ros2_ws/build/sdv_serial/rosidl_generator_py/sdv_serial /home/cafsanchezdi/ros2_ws/build/sdv_serial/ament_cmake_python/sdv_serial/sdv_serial
[0.128s] gmake[2]: Entering directory '/home/cafsanchezdi/ros2_ws/build/sdv_serial'
[0.128s] gmake[2]: Nothing to be done for 'CMakeFiles/sdv_serial__rosidl_generator_type_description.dir/build'.
[0.128s] gmake[2]: Leaving directory '/home/cafsanchezdi/ros2_ws/build/sdv_serial'
[0.141s] [  1%] Built target sdv_serial__rosidl_generator_type_description
[0.143s] /usr/bin/gmake  -f CMakeFiles/sdv_serial__cpp.dir/build.make CMakeFiles/sdv_serial__cpp.dir/depend
[0.143s] /usr/bin/gmake  -f CMakeFiles/sdv_serial__rosidl_generator_c.dir/build.make CMakeFiles/sdv_serial__rosidl_generator_c.dir/depend
[0.146s] gmake[2]: Leaving directory '/home/cafsanchezdi/ros2_ws/build/sdv_serial'
[0.146s] gmake[2]: Entering directory '/home/cafsanchezdi/ros2_ws/build/sdv_serial'
[0.146s] cd /home/cafsanchezdi/ros2_ws/build/sdv_serial && /usr/bin/cmake -E cmake_depends "Unix Makefiles" /home/cafsanchezdi/ros2_ws/src/sdv_un_ros/sdv_serial /home/cafsanchezdi/ros2_ws/src/sdv_un_ros/sdv_serial /home/cafsanchezdi/ros2_ws/build/sdv_serial /home/cafsanchezdi/ros2_ws/build/sdv_serial /home/cafsanchezdi/ros2_ws/build/sdv_serial/CMakeFiles/sdv_serial__cpp.dir/DependInfo.cmake "--color="
[0.150s] gmake[2]: Entering directory '/home/cafsanchezdi/ros2_ws/build/sdv_serial'
[0.151s] cd /home/cafsanchezdi/ros2_ws/build/sdv_serial && /usr/bin/cmake -E cmake_depends "Unix Makefiles" /home/cafsanchezdi/ros2_ws/src/sdv_un_ros/sdv_serial /home/cafsanchezdi/ros2_ws/src/sdv_un_ros/sdv_serial /home/cafsanchezdi/ros2_ws/build/sdv_serial /home/cafsanchezdi/ros2_ws/build/sdv_serial /home/cafsanchezdi/ros2_ws/build/sdv_serial/CMakeFiles/sdv_serial__rosidl_generator_c.dir/DependInfo.cmake "--color="
[0.165s] [  1%] Built target ament_cmake_python_copy_sdv_serial
[0.167s] /usr/bin/gmake  -f CMakeFiles/ament_cmake_python_build_sdv_serial_egg.dir/build.make CMakeFiles/ament_cmake_python_build_sdv_serial_egg.dir/depend
[0.168s] gmake[2]: Leaving directory '/home/cafsanchezdi/ros2_ws/build/sdv_serial'
[0.168s] gmake[2]: Leaving directory '/home/cafsanchezdi/ros2_ws/build/sdv_serial'
[0.168s] /usr/bin/gmake  -f CMakeFiles/sdv_serial__cpp.dir/build.make CMakeFiles/sdv_serial__cpp.dir/build
[0.169s] /usr/bin/gmake  -f CMakeFiles/sdv_serial__rosidl_generator_c.dir/build.make CMakeFiles/sdv_serial__rosidl_generator_c.dir/build
[0.170s] gmake[2]: Entering directory '/home/cafsanchezdi/ros2_ws/build/sdv_serial'
[0.170s] cd /home/cafsanchezdi/ros2_ws/build/sdv_serial && /usr/bin/cmake -E cmake_depends "Unix Makefiles" /home/cafsanchezdi/ros2_ws/src/sdv_un_ros/sdv_serial /home/cafsanchezdi/ros2_ws/src/sdv_un_ros/sdv_serial /home/cafsanchezdi/ros2_ws/build/sdv_serial /home/cafsanchezdi/ros2_ws/build/sdv_serial /home/cafsanchezdi/ros2_ws/build/sdv_serial/CMakeFiles/ament_cmake_python_build_sdv_serial_egg.dir/DependInfo.cmake "--color="
[0.171s] gmake[2]: Entering directory '/home/cafsanchezdi/ros2_ws/build/sdv_serial'
[0.171s] gmake[2]: Nothing to be done for 'CMakeFiles/sdv_serial__cpp.dir/build'.
[0.172s] gmake[2]: Leaving directory '/home/cafsanchezdi/ros2_ws/build/sdv_serial'
[0.179s] gmake[2]: Entering directory '/home/cafsanchezdi/ros2_ws/build/sdv_serial'
[0.179s] gmake[2]: Nothing to be done for 'CMakeFiles/sdv_serial__rosidl_generator_c.dir/build'.
[0.179s] gmake[2]: Leaving directory '/home/cafsanchezdi/ros2_ws/build/sdv_serial'
[0.188s] [  2%] Built target sdv_serial__cpp
[0.188s] gmake[2]: Leaving directory '/home/cafsanchezdi/ros2_ws/build/sdv_serial'
[0.189s] /usr/bin/gmake  -f CMakeFiles/ament_cmake_python_build_sdv_serial_egg.dir/build.make CMakeFiles/ament_cmake_python_build_sdv_serial_egg.dir/build
[0.191s] gmake[2]: Entering directory '/home/cafsanchezdi/ros2_ws/build/sdv_serial'
[0.191s] cd /home/cafsanchezdi/ros2_ws/build/sdv_serial/ament_cmake_python/sdv_serial && /usr/bin/python3 setup.py egg_info
[0.197s] [ 25%] Built target sdv_serial__rosidl_generator_c
[0.200s] /usr/bin/gmake  -f CMakeFiles/sdv_serial__rosidl_typesupport_cpp.dir/build.make CMakeFiles/sdv_serial__rosidl_typesupport_cpp.dir/depend
[0.202s] /usr/bin/gmake  -f CMakeFiles/sdv_serial__rosidl_typesupport_fastrtps_c.dir/build.make CMakeFiles/sdv_serial__rosidl_typesupport_fastrtps_c.dir/depend
[0.206s] /usr/bin/gmake  -f CMakeFiles/sdv_serial__rosidl_typesupport_fastrtps_cpp.dir/build.make CMakeFiles/sdv_serial__rosidl_typesupport_fastrtps_cpp.dir/depend
[0.211s] gmake[2]: Entering directory '/home/cafsanchezdi/ros2_ws/build/sdv_serial'
[0.211s] cd /home/cafsanchezdi/ros2_ws/build/sdv_serial && /usr/bin/cmake -E cmake_depends "Unix Makefiles" /home/cafsanchezdi/ros2_ws/src/sdv_un_ros/sdv_serial /home/cafsanchezdi/ros2_ws/src/sdv_un_ros/sdv_serial /home/cafsanchezdi/ros2_ws/build/sdv_serial /home/cafsanchezdi/ros2_ws/build/sdv_serial /home/cafsanchezdi/ros2_ws/build/sdv_serial/CMakeFiles/sdv_serial__rosidl_typesupport_cpp.dir/DependInfo.cmake "--color="
[0.215s] gmake[2]: Entering directory '/home/cafsanchezdi/ros2_ws/build/sdv_serial'
[0.215s] cd /home/cafsanchezdi/ros2_ws/build/sdv_serial && /usr/bin/cmake -E cmake_depends "Unix Makefiles" /home/cafsanchezdi/ros2_ws/src/sdv_un_ros/sdv_serial /home/cafsanchezdi/ros2_ws/src/sdv_un_ros/sdv_serial /home/cafsanchezdi/ros2_ws/build/sdv_serial /home/cafsanchezdi/ros2_ws/build/sdv_serial /home/cafsanchezdi/ros2_ws/build/sdv_serial/CMakeFiles/sdv_serial__rosidl_typesupport_fastrtps_c.dir/DependInfo.cmake "--color="
[0.217s] gmake[2]: Entering directory '/home/cafsanchezdi/ros2_ws/build/sdv_serial'
[0.218s] cd /home/cafsanchezdi/ros2_ws/build/sdv_serial && /usr/bin/cmake -E cmake_depends "Unix Makefiles" /home/cafsanchezdi/ros2_ws/src/sdv_un_ros/sdv_serial /home/cafsanchezdi/ros2_ws/src/sdv_un_ros/sdv_serial /home/cafsanchezdi/ros2_ws/build/sdv_serial /home/cafsanchezdi/ros2_ws/build/sdv_serial /home/cafsanchezdi/ros2_ws/build/sdv_serial/CMakeFiles/sdv_serial__rosidl_typesupport_fastrtps_cpp.dir/DependInfo.cmake "--color="
[0.237s] gmake[2]: Leaving directory '/home/cafsanchezdi/ros2_ws/build/sdv_serial'
[0.238s] /usr/bin/gmake  -f CMakeFiles/sdv_serial__rosidl_typesupport_cpp.dir/build.make CMakeFiles/sdv_serial__rosidl_typesupport_cpp.dir/build
[0.241s] gmake[2]: Leaving directory '/home/cafsanchezdi/ros2_ws/build/sdv_serial'
[0.241s] /usr/bin/gmake  -f CMakeFiles/sdv_serial__rosidl_typesupport_fastrtps_c.dir/build.make CMakeFiles/sdv_serial__rosidl_typesupport_fastrtps_c.dir/build
[0.246s] gmake[2]: Leaving directory '/home/cafsanchezdi/ros2_ws/build/sdv_serial'
[0.246s] /usr/bin/gmake  -f CMakeFiles/sdv_serial__rosidl_typesupport_fastrtps_cpp.dir/build.make CMakeFiles/sdv_serial__rosidl_typesupport_fastrtps_cpp.dir/build
[0.248s] gmake[2]: Entering directory '/home/cafsanchezdi/ros2_ws/build/sdv_serial'
[0.248s] gmake[2]: Nothing to be done for 'CMakeFiles/sdv_serial__rosidl_typesupport_cpp.dir/build'.
[0.248s] gmake[2]: Leaving directory '/home/cafsanchezdi/ros2_ws/build/sdv_serial'
[0.253s] gmake[2]: Entering directory '/home/cafsanchezdi/ros2_ws/build/sdv_serial'
[0.253s] gmake[2]: Nothing to be done for 'CMakeFiles/sdv_serial__rosidl_typesupport_fastrtps_c.dir/build'.
[0.255s] gmake[2]: Leaving directory '/home/cafsanchezdi/ros2_ws/build/sdv_serial'
[0.255s] gmake[2]: Entering directory '/home/cafsanchezdi/ros2_ws/build/sdv_serial'
[0.256s] gmake[2]: Nothing to be done for 'CMakeFiles/sdv_serial__rosidl_typesupport_fastrtps_cpp.dir/build'.
[0.256s] gmake[2]: Leaving directory '/home/cafsanchezdi/ros2_ws/build/sdv_serial'
[0.272s] [ 35%] Built target sdv_serial__rosidl_typesupport_cpp
[0.277s] /usr/bin/gmake  -f CMakeFiles/sdv_serial__rosidl_typesupport_introspection_c.dir/build.make CMakeFiles/sdv_serial__rosidl_typesupport_introspection_c.dir/depend
[0.277s] [ 44%] Built target sdv_serial__rosidl_typesupport_fastrtps_c
[0.278s] [ 53%] Built target sdv_serial__rosidl_typesupport_fastrtps_cpp
[0.280s] /usr/bin/gmake  -f CMakeFiles/sdv_serial__rosidl_typesupport_c.dir/build.make CMakeFiles/sdv_serial__rosidl_typesupport_c.dir/depend
[0.280s] /usr/bin/gmake  -f CMakeFiles/sdv_serial__rosidl_typesupport_introspection_cpp.dir/build.make CMakeFiles/sdv_serial__rosidl_typesupport_introspection_cpp.dir/depend
[0.281s] gmake[2]: Entering directory '/home/cafsanchezdi/ros2_ws/build/sdv_serial'
[0.281s] cd /home/cafsanchezdi/ros2_ws/build/sdv_serial && /usr/bin/cmake -E cmake_depends "Unix Makefiles" /home/cafsanchezdi/ros2_ws/src/sdv_un_ros/sdv_serial /home/cafsanchezdi/ros2_ws/src/sdv_un_ros/sdv_serial /home/cafsanchezdi/ros2_ws/build/sdv_serial /home/cafsanchezdi/ros2_ws/build/sdv_serial /home/cafsanchezdi/ros2_ws/build/sdv_serial/CMakeFiles/sdv_serial__rosidl_typesupport_introspection_c.dir/DependInfo.cmake "--color="
[0.287s] gmake[2]: Entering directory '/home/cafsanchezdi/ros2_ws/build/sdv_serial'
[0.287s] cd /home/cafsanchezdi/ros2_ws/build/sdv_serial && /usr/bin/cmake -E cmake_depends "Unix Makefiles" /home/cafsanchezdi/ros2_ws/src/sdv_un_ros/sdv_serial /home/cafsanchezdi/ros2_ws/src/sdv_un_ros/sdv_serial /home/cafsanchezdi/ros2_ws/build/sdv_serial /home/cafsanchezdi/ros2_ws/build/sdv_serial /home/cafsanchezdi/ros2_ws/build/sdv_serial/CMakeFiles/sdv_serial__rosidl_typesupport_c.dir/DependInfo.cmake "--color="
[0.289s] gmake[2]: Entering directory '/home/cafsanchezdi/ros2_ws/build/sdv_serial'
[0.290s] cd /home/cafsanchezdi/ros2_ws/build/sdv_serial && /usr/bin/cmake -E cmake_depends "Unix Makefiles" /home/cafsanchezdi/ros2_ws/src/sdv_un_ros/sdv_serial /home/cafsanchezdi/ros2_ws/src/sdv_un_ros/sdv_serial /home/cafsanchezdi/ros2_ws/build/sdv_serial /home/cafsanchezdi/ros2_ws/build/sdv_serial /home/cafsanchezdi/ros2_ws/build/sdv_serial/CMakeFiles/sdv_serial__rosidl_typesupport_introspection_cpp.dir/DependInfo.cmake "--color="
[0.310s] gmake[2]: Leaving directory '/home/cafsanchezdi/ros2_ws/build/sdv_serial'
[0.310s] /usr/bin/gmake  -f CMakeFiles/sdv_serial__rosidl_typesupport_introspection_c.dir/build.make CMakeFiles/sdv_serial__rosidl_typesupport_introspection_c.dir/build
[0.315s] gmake[2]: Entering directory '/home/cafsanchezdi/ros2_ws/build/sdv_serial'
[0.315s] gmake[2]: Leaving directory '/home/cafsanchezdi/ros2_ws/build/sdv_serial'
[0.319s] gmake[2]: Nothing to be done for 'CMakeFiles/sdv_serial__rosidl_typesupport_introspection_c.dir/build'.
[0.319s] gmake[2]: Leaving directory '/home/cafsanchezdi/ros2_ws/build/sdv_serial'
[0.320s] /usr/bin/gmake  -f CMakeFiles/sdv_serial__rosidl_typesupport_introspection_cpp.dir/build.make CMakeFiles/sdv_serial__rosidl_typesupport_introspection_cpp.dir/build
[0.325s] gmake[2]: Leaving directory '/home/cafsanchezdi/ros2_ws/build/sdv_serial'
[0.329s] /usr/bin/gmake  -f CMakeFiles/sdv_serial__rosidl_typesupport_c.dir/build.make CMakeFiles/sdv_serial__rosidl_typesupport_c.dir/build
[0.329s] gmake[2]: Entering directory '/home/cafsanchezdi/ros2_ws/build/sdv_serial'
[0.330s] gmake[2]: Nothing to be done for 'CMakeFiles/sdv_serial__rosidl_typesupport_introspection_cpp.dir/build'.
[0.330s] gmake[2]: Leaving directory '/home/cafsanchezdi/ros2_ws/build/sdv_serial'
[0.333s] gmake[2]: Entering directory '/home/cafsanchezdi/ros2_ws/build/sdv_serial'
[0.333s] gmake[2]: Nothing to be done for 'CMakeFiles/sdv_serial__rosidl_typesupport_c.dir/build'.
[0.334s] gmake[2]: Leaving directory '/home/cafsanchezdi/ros2_ws/build/sdv_serial'
[0.342s] [ 62%] Built target sdv_serial__rosidl_typesupport_introspection_c
[0.353s] [ 72%] Built target sdv_serial__rosidl_typesupport_introspection_cpp
[0.355s] [ 81%] Built target sdv_serial__rosidl_typesupport_c
[0.357s] /usr/bin/gmake  -f CMakeFiles/sdv_serial.dir/build.make CMakeFiles/sdv_serial.dir/depend
[0.359s] gmake[2]: Entering directory '/home/cafsanchezdi/ros2_ws/build/sdv_serial'
[0.360s] cd /home/cafsanchezdi/ros2_ws/build/sdv_serial && /usr/bin/cmake -E cmake_depends "Unix Makefiles" /home/cafsanchezdi/ros2_ws/src/sdv_un_ros/sdv_serial /home/cafsanchezdi/ros2_ws/src/sdv_un_ros/sdv_serial /home/cafsanchezdi/ros2_ws/build/sdv_serial /home/cafsanchezdi/ros2_ws/build/sdv_serial /home/cafsanchezdi/ros2_ws/build/sdv_serial/CMakeFiles/sdv_serial.dir/DependInfo.cmake "--color="
[0.375s] gmake[2]: Leaving directory '/home/cafsanchezdi/ros2_ws/build/sdv_serial'
[0.375s] /usr/bin/gmake  -f CMakeFiles/sdv_serial.dir/build.make CMakeFiles/sdv_serial.dir/build
[0.378s] gmake[2]: Entering directory '/home/cafsanchezdi/ros2_ws/build/sdv_serial'
[0.378s] gmake[2]: Nothing to be done for 'CMakeFiles/sdv_serial.dir/build'.
[0.378s] gmake[2]: Leaving directory '/home/cafsanchezdi/ros2_ws/build/sdv_serial'
[0.391s] [ 81%] Built target sdv_serial
[0.394s] /usr/bin/gmake  -f /home/cafsanchezdi/ros2_ws/build/sdv_serial/sdv_serial__py/CMakeFiles/sdv_serial__py.dir/build.make /home/cafsanchezdi/ros2_ws/build/sdv_serial/sdv_serial__py/CMakeFiles/sdv_serial__py.dir/depend
[0.394s] /usr/bin/gmake  -f CMakeFiles/sdv_serial_node2.dir/build.make CMakeFiles/sdv_serial_node2.dir/depend
[0.397s] gmake[2]: Entering directory '/home/cafsanchezdi/ros2_ws/build/sdv_serial'
[0.397s] cd /home/cafsanchezdi/ros2_ws/build/sdv_serial && /usr/bin/cmake -E cmake_depends "Unix Makefiles" /home/cafsanchezdi/ros2_ws/src/sdv_un_ros/sdv_serial /home/cafsanchezdi/ros2_ws/build/sdv_serial/sdv_serial__py /home/cafsanchezdi/ros2_ws/build/sdv_serial /home/cafsanchezdi/ros2_ws/build/sdv_serial/sdv_serial__py /home/cafsanchezdi/ros2_ws/build/sdv_serial/sdv_serial__py/CMakeFiles/sdv_serial__py.dir/DependInfo.cmake "--color="
[0.408s] gmake[2]: Entering directory '/home/cafsanchezdi/ros2_ws/build/sdv_serial'
[0.409s] cd /home/cafsanchezdi/ros2_ws/build/sdv_serial && /usr/bin/cmake -E cmake_depends "Unix Makefiles" /home/cafsanchezdi/ros2_ws/src/sdv_un_ros/sdv_serial /home/cafsanchezdi/ros2_ws/src/sdv_un_ros/sdv_serial /home/cafsanchezdi/ros2_ws/build/sdv_serial /home/cafsanchezdi/ros2_ws/build/sdv_serial /home/cafsanchezdi/ros2_ws/build/sdv_serial/CMakeFiles/sdv_serial_node2.dir/DependInfo.cmake "--color="
[0.422s] gmake[2]: Leaving directory '/home/cafsanchezdi/ros2_ws/build/sdv_serial'
[0.423s] /usr/bin/gmake  -f /home/cafsanchezdi/ros2_ws/build/sdv_serial/sdv_serial__py/CMakeFiles/sdv_serial__py.dir/build.make /home/cafsanchezdi/ros2_ws/build/sdv_serial/sdv_serial__py/CMakeFiles/sdv_serial__py.dir/build
[0.426s] gmake[2]: Entering directory '/home/cafsanchezdi/ros2_ws/build/sdv_serial'
[0.427s] gmake[2]: Nothing to be done for '/home/cafsanchezdi/ros2_ws/build/sdv_serial/sdv_serial__py/CMakeFiles/sdv_serial__py.dir/build'.
[0.427s] gmake[2]: Leaving directory '/home/cafsanchezdi/ros2_ws/build/sdv_serial'
[0.431s] Dependencies file "CMakeFiles/sdv_serial_node2.dir/src/sdv_serial_node2.cpp.o.d" is newer than depends file "/home/cafsanchezdi/ros2_ws/build/sdv_serial/CMakeFiles/sdv_serial_node2.dir/compiler_depend.internal".
[0.435s] [35m[1mConsolidate compiler generated dependencies of target sdv_serial_node2[0m
[0.449s] [ 82%] Built target sdv_serial__py
[0.451s] /usr/bin/gmake  -f CMakeFiles/sdv_serial__rosidl_generator_py.dir/build.make CMakeFiles/sdv_serial__rosidl_generator_py.dir/depend
[0.455s] gmake[2]: Leaving directory '/home/cafsanchezdi/ros2_ws/build/sdv_serial'
[0.455s] /usr/bin/gmake  -f CMakeFiles/sdv_serial_node2.dir/build.make CMakeFiles/sdv_serial_node2.dir/build
[0.458s] gmake[2]: Entering directory '/home/cafsanchezdi/ros2_ws/build/sdv_serial'
[0.458s] cd /home/cafsanchezdi/ros2_ws/build/sdv_serial && /usr/bin/cmake -E cmake_depends "Unix Makefiles" /home/cafsanchezdi/ros2_ws/src/sdv_un_ros/sdv_serial /home/cafsanchezdi/ros2_ws/src/sdv_un_ros/sdv_serial /home/cafsanchezdi/ros2_ws/build/sdv_serial /home/cafsanchezdi/ros2_ws/build/sdv_serial /home/cafsanchezdi/ros2_ws/build/sdv_serial/CMakeFiles/sdv_serial__rosidl_generator_py.dir/DependInfo.cmake "--color="
[0.479s] gmake[2]: Entering directory '/home/cafsanchezdi/ros2_ws/build/sdv_serial'
[0.482s] gmake[2]: Leaving directory '/home/cafsanchezdi/ros2_ws/build/sdv_serial'
[0.482s] /usr/bin/gmake  -f CMakeFiles/sdv_serial__rosidl_generator_py.dir/build.make CMakeFiles/sdv_serial__rosidl_generator_py.dir/build
[0.491s] gmake[2]: Entering directory '/home/cafsanchezdi/ros2_ws/build/sdv_serial'
[0.492s] gmake[2]: Nothing to be done for 'CMakeFiles/sdv_serial__rosidl_generator_py.dir/build'.
[0.492s] gmake[2]: Leaving directory '/home/cafsanchezdi/ros2_ws/build/sdv_serial'
[0.499s] [ 83%] [32mBuilding CXX object CMakeFiles/sdv_serial_node2.dir/src/sdv_serial_node2.cpp.o[0m
[0.504s] /usr/bin/c++ -DDEFAULT_RMW_IMPLEMENTATION=rmw_fastrtps_cpp -DFASTCDR_DYN_LINK -DROS_PACKAGE_NAME=\"sdv_serial\" -I/home/cafsanchezdi/ros2_ws/src/sdv_un_ros/sdv_serial/include -I/home/cafsanchezdi/ros2_ws/build/sdv_serial/rosidl_generator_cpp -I/opt/ros/jazzy/include -I/opt/ros/jazzy/include/rclcpp_components -I/opt/ros/jazzy/include/rclcpp_lifecycle -I/home/cafsanchezdi/ros2_ws/build/sdv_serial/rosidl_generator_c -isystem /opt/ros/jazzy/include/rclcpp -isystem /opt/ros/jazzy/include/std_msgs -isystem /opt/ros/jazzy/include/sensor_msgs -isystem /opt/ros/jazzy/include/geometry_msgs -isystem /opt/ros/jazzy/include/rcutils -isystem /opt/ros/jazzy/include/rosidl_typesupport_interface -isystem /opt/ros/jazzy/include/rosidl_runtime_c -isystem /opt/ros/jazzy/include/rosidl_runtime_cpp -isystem /opt/ros/jazzy/include/rcpputils -isystem /opt/ros/jazzy/include/rosidl_typesupport_c -isystem /opt/ros/jazzy/include/rosidl_typesupport_cpp -isystem /opt/ros/jazzy/include/rosidl_typesupport_introspection_c -isystem /opt/ros/jazzy/include/rosidl_typesupport_introspection_cpp -isystem /opt/ros/jazzy/include/udp_msgs -isystem /opt/ros/jazzy/include/builtin_interfaces -isystem /opt/ros/jazzy/include/fastcdr -isystem /opt/ros/jazzy/include/rosidl_typesupport_fastrtps_cpp -isystem /opt/ros/jazzy/include/rmw -isystem /opt/ros/jazzy/include/rosidl_dynamic_typesupport -isystem /opt/ros/jazzy/include/rosidl_typesupport_fastrtps_c -isystem /opt/ros/jazzy/include/libstatistics_collector -isystem /opt/ros/jazzy/include/rcl -isystem /opt/ros/jazzy/include/rcl_interfaces -isystem /opt/ros/jazzy/include/service_msgs -isystem /opt/ros/jazzy/include/rcl_logging_interface -isystem /opt/ros/jazzy/include/rcl_yaml_param_parser -isystem /opt/ros/jazzy/include/type_description_interfaces -isystem /opt/ros/jazzy/include/statistics_msgs -isystem /opt/ros/jazzy/include/rosgraph_msgs -isystem /opt/ros/jazzy/include/tracetools -isystem /opt/ros/jazzy/include/class_loader -isystem /opt/ros/jazzy/include/composition_interfaces -isystem /opt/ros/jazzy/include/lifecycle_msgs -isystem /opt/ros/jazzy/include/rcl_lifecycle -std=gnu++17 -MD -MT CMakeFiles/sdv_serial_node2.dir/src/sdv_serial_node2.cpp.o -MF CMakeFiles/sdv_serial_node2.dir/src/sdv_serial_node2.cpp.o.d -o CMakeFiles/sdv_serial_node2.dir/src/sdv_serial_node2.cpp.o -c /home/cafsanchezdi/ros2_ws/src/sdv_un_ros/sdv_serial/src/sdv_serial_node2.cpp
[0.515s] [ 91%] Built target sdv_serial__rosidl_generator_py
[0.517s] /usr/bin/gmake  -f CMakeFiles/sdv_serial_s__rosidl_typesupport_fastrtps_c.dir/build.make CMakeFiles/sdv_serial_s__rosidl_typesupport_fastrtps_c.dir/depend
[0.523s] /usr/bin/gmake  -f CMakeFiles/sdv_serial_s__rosidl_typesupport_introspection_c.dir/build.make CMakeFiles/sdv_serial_s__rosidl_typesupport_introspection_c.dir/depend
[0.523s] gmake[2]: Entering directory '/home/cafsanchezdi/ros2_ws/build/sdv_serial'
[0.524s] cd /home/cafsanchezdi/ros2_ws/build/sdv_serial && /usr/bin/cmake -E cmake_depends "Unix Makefiles" /home/cafsanchezdi/ros2_ws/src/sdv_un_ros/sdv_serial /home/cafsanchezdi/ros2_ws/src/sdv_un_ros/sdv_serial /home/cafsanchezdi/ros2_ws/build/sdv_serial /home/cafsanchezdi/ros2_ws/build/sdv_serial /home/cafsanchezdi/ros2_ws/build/sdv_serial/CMakeFiles/sdv_serial_s__rosidl_typesupport_fastrtps_c.dir/DependInfo.cmake "--color="
[0.526s] gmake[2]: Entering directory '/home/cafsanchezdi/ros2_ws/build/sdv_serial'
[0.526s] cd /home/cafsanchezdi/ros2_ws/build/sdv_serial && /usr/bin/cmake -E cmake_depends "Unix Makefiles" /home/cafsanchezdi/ros2_ws/src/sdv_un_ros/sdv_serial /home/cafsanchezdi/ros2_ws/src/sdv_un_ros/sdv_serial /home/cafsanchezdi/ros2_ws/build/sdv_serial /home/cafsanchezdi/ros2_ws/build/sdv_serial /home/cafsanchezdi/ros2_ws/build/sdv_serial/CMakeFiles/sdv_serial_s__rosidl_typesupport_introspection_c.dir/DependInfo.cmake "--color="
[0.549s] gmake[2]: Leaving directory '/home/cafsanchezdi/ros2_ws/build/sdv_serial'
[0.550s] /usr/bin/gmake  -f CMakeFiles/sdv_serial_s__rosidl_typesupport_introspection_c.dir/build.make CMakeFiles/sdv_serial_s__rosidl_typesupport_introspection_c.dir/build
[0.550s] gmake[2]: Leaving directory '/home/cafsanchezdi/ros2_ws/build/sdv_serial'
[0.551s] /usr/bin/gmake  -f CMakeFiles/sdv_serial_s__rosidl_typesupport_fastrtps_c.dir/build.make CMakeFiles/sdv_serial_s__rosidl_typesupport_fastrtps_c.dir/build
[0.557s] gmake[2]: Entering directory '/home/cafsanchezdi/ros2_ws/build/sdv_serial'
[0.558s] gmake[2]: Nothing to be done for 'CMakeFiles/sdv_serial_s__rosidl_typesupport_fastrtps_c.dir/build'.
[0.558s] gmake[2]: Leaving directory '/home/cafsanchezdi/ros2_ws/build/sdv_serial'
[0.559s] gmake[2]: Entering directory '/home/cafsanchezdi/ros2_ws/build/sdv_serial'
[0.559s] gmake[2]: Nothing to be done for 'CMakeFiles/sdv_serial_s__rosidl_typesupport_introspection_c.dir/build'.
[0.559s] gmake[2]: Leaving directory '/home/cafsanchezdi/ros2_ws/build/sdv_serial'
[0.582s] [ 93%] Built target sdv_serial_s__rosidl_typesupport_fastrtps_c
[0.583s] /usr/bin/gmake  -f CMakeFiles/sdv_serial_s__rosidl_typesupport_c.dir/build.make CMakeFiles/sdv_serial_s__rosidl_typesupport_c.dir/depend
[0.588s] gmake[2]: Entering directory '/home/cafsanchezdi/ros2_ws/build/sdv_serial'
[0.589s] cd /home/cafsanchezdi/ros2_ws/build/sdv_serial && /usr/bin/cmake -E cmake_depends "Unix Makefiles" /home/cafsanchezdi/ros2_ws/src/sdv_un_ros/sdv_serial /home/cafsanchezdi/ros2_ws/src/sdv_un_ros/sdv_serial /home/cafsanchezdi/ros2_ws/build/sdv_serial /home/cafsanchezdi/ros2_ws/build/sdv_serial /home/cafsanchezdi/ros2_ws/build/sdv_serial/CMakeFiles/sdv_serial_s__rosidl_typesupport_c.dir/DependInfo.cmake "--color="
[0.590s] [ 95%] Built target sdv_serial_s__rosidl_typesupport_introspection_c
[0.614s] gmake[2]: Leaving directory '/home/cafsanchezdi/ros2_ws/build/sdv_serial'
[0.615s] /usr/bin/gmake  -f CMakeFiles/sdv_serial_s__rosidl_typesupport_c.dir/build.make CMakeFiles/sdv_serial_s__rosidl_typesupport_c.dir/build
[0.621s] gmake[2]: Entering directory '/home/cafsanchezdi/ros2_ws/build/sdv_serial'
[0.621s] gmake[2]: Nothing to be done for 'CMakeFiles/sdv_serial_s__rosidl_typesupport_c.dir/build'.
[0.621s] gmake[2]: Leaving directory '/home/cafsanchezdi/ros2_ws/build/sdv_serial'
[0.642s] [ 97%] Built target sdv_serial_s__rosidl_typesupport_c
[0.725s] running egg_info
[0.767s] writing sdv_serial.egg-info/PKG-INFO
[0.767s] writing dependency_links to sdv_serial.egg-info/dependency_links.txt
[0.768s] writing top-level names to sdv_serial.egg-info/top_level.txt
[0.894s] reading manifest file 'sdv_serial.egg-info/SOURCES.txt'
[0.895s] writing manifest file 'sdv_serial.egg-info/SOURCES.txt'
[0.940s] gmake[2]: Leaving directory '/home/cafsanchezdi/ros2_ws/build/sdv_serial'
[0.953s] [ 97%] Built target ament_cmake_python_build_sdv_serial_egg
[6.062s] [01m[K/home/cafsanchezdi/ros2_ws/src/sdv_un_ros/sdv_serial/src/sdv_serial_node2.cpp:101:28:[m[K [01;31m[Kerror: [m[Kâ€˜[01m[KIoContext[m[Kâ€™ is not a member of â€˜[01m[Kdrivers[m[Kâ€™
[6.062s]   101 |   std::shared_ptr<drivers::[01;31m[KIoContext[m[K> io_context_;
[6.062s]       |                            [01;31m[K^~~~~~~~~[m[K
[6.062s] [01m[K/home/cafsanchezdi/ros2_ws/src/sdv_un_ros/sdv_serial/src/sdv_serial_node2.cpp:101:28:[m[K [01;36m[Knote: [m[Ksuggested alternatives:
[6.062s] In file included from [01m[K/opt/ros/jazzy/include/serial_driver/serial_driver.hpp:21[m[K,
[6.062s]                  from [01m[K/home/cafsanchezdi/ros2_ws/src/sdv_un_ros/sdv_serial/src/sdv_serial_node2.cpp:23[m[K:
[6.063s] [01m[K/opt/ros/jazzy/include/io_context/io_context.hpp:59:7:[m[K [01;36m[Knote: [m[K  â€˜[01m[Kdrivers::common::IoContext[m[Kâ€™
[6.063s]    59 | class [01;36m[KIoContext[m[K
[6.063s]       |       [01;36m[K^~~~~~~~~[m[K
[6.063s] [01m[K/opt/ros/jazzy/include/io_context/io_context.hpp:59:7:[m[K [01;36m[Knote: [m[K  â€˜[01m[Kdrivers::common::IoContext[m[Kâ€™
[6.063s] [01m[K/home/cafsanchezdi/ros2_ws/src/sdv_un_ros/sdv_serial/src/sdv_serial_node2.cpp:101:37:[m[K [01;31m[Kerror: [m[Ktemplate argument 1 is invalid
[6.063s]   101 |   std::shared_ptr<drivers::IoContext[01;31m[K>[m[K io_context_;
[6.063s]       |                                     [01;31m[K^[m[K
[6.184s] [01m[K/home/cafsanchezdi/ros2_ws/src/sdv_un_ros/sdv_serial/src/sdv_serial_node2.cpp:[m[K In constructor â€˜[01m[KSDVSerialNode::[01;32m[KSDVSerialNode[m[K()[m[Kâ€™:
[6.184s] [01m[K/home/cafsanchezdi/ros2_ws/src/sdv_un_ros/sdv_serial/src/sdv_serial_node2.cpp:43:59:[m[K [01;31m[Kerror: [m[Kâ€˜[01m[KIoContext[m[Kâ€™ is not a member of â€˜[01m[Kdrivers[m[Kâ€™
[6.184s]    43 |                     io_context_(std::make_shared<drivers::[01;31m[KIoContext[m[K>())
[6.184s]       |                                                           [01;31m[K^~~~~~~~~[m[K
[6.184s] [01m[K/home/cafsanchezdi/ros2_ws/src/sdv_un_ros/sdv_serial/src/sdv_serial_node2.cpp:43:59:[m[K [01;36m[Knote: [m[Ksuggested alternatives:
[6.185s] [01m[K/opt/ros/jazzy/include/io_context/io_context.hpp:59:7:[m[K [01;36m[Knote: [m[K  â€˜[01m[Kdrivers::common::IoContext[m[Kâ€™
[6.185s]    59 | class [01;36m[KIoContext[m[K
[6.185s]       |       [01;36m[K^~~~~~~~~[m[K
[6.185s] [01m[K/opt/ros/jazzy/include/io_context/io_context.hpp:59:7:[m[K [01;36m[Knote: [m[K  â€˜[01m[Kdrivers::common::IoContext[m[Kâ€™
[6.185s] [01m[K/home/cafsanchezdi/ros2_ws/src/sdv_un_ros/sdv_serial/src/sdv_serial_node2.cpp:43:69:[m[K [01;31m[Kerror: [m[Kno matching function for call to â€˜[01m[Kmake_shared<<expression error> >()[m[Kâ€™
[6.185s]    43 |                     io_context_([01;31m[Kstd::make_shared<drivers::IoContext>()[m[K)
[6.185s]       |                                 [01;31m[K~~~~~~~~~~~~~~~~~~~~~~~~~~~~~~~~~~~~^~[m[K
[6.186s] In file included from [01m[K/usr/include/c++/13/memory:80[m[K,
[6.186s]                  from [01m[K/opt/ros/jazzy/include/std_msgs/std_msgs/msg/detail/string__struct.hpp:13[m[K,
[6.186s]                  from [01m[K/opt/ros/jazzy/include/std_msgs/std_msgs/msg/string.hpp:7[m[K,
[6.186s]                  from [01m[K/home/cafsanchezdi/ros2_ws/src/sdv_un_ros/sdv_serial/src/sdv_serial_node2.cpp:1[m[K:
[6.186s] [01m[K/usr/include/c++/13/bits/shared_ptr.h:1005:5:[m[K [01;36m[Knote: [m[Kcandidate: â€˜[01m[Ktemplate<class _Tp, class ... _Args> std::shared_ptr<typename std::enable_if<(! std::is_array< <template-parameter-1-1> >::value), _Tp>::type> std::[01;32m[Kmake_shared[m[K(_Args&& ...)[m[Kâ€™
[6.186s]  1005 |     [01;36m[Kmake_shared[m[K(_Args&&... __args)
[6.186s]       |     [01;36m[K^~~~~~~~~~~[m[K
[6.186s] [01m[K/usr/include/c++/13/bits/shared_ptr.h:1005:5:[m[K [01;36m[Knote: [m[K  template argument deduction/substitution failed:
[6.187s] [01m[K/home/cafsanchezdi/ros2_ws/src/sdv_un_ros/sdv_serial/src/sdv_serial_node2.cpp:43:69:[m[K [01;31m[Kerror: [m[Ktemplate argument 1 is invalid
[6.187s]    43 |                     io_context_([01;31m[Kstd::make_shared<drivers::IoContext>()[m[K)
[6.187s]       |                                 [01;31m[K~~~~~~~~~~~~~~~~~~~~~~~~~~~~~~~~~~~~^~[m[K
[6.203s] [01m[K/home/cafsanchezdi/ros2_ws/src/sdv_un_ros/sdv_serial/src/sdv_serial_node2.cpp:71:77:[m[K [01;31m[Kerror: [m[Kinvalid type argument of unary â€˜[01m[K*[m[Kâ€™ (have â€˜[01m[Kint[m[Kâ€™)
[6.203s]    71 |     serial_driver_ = std::make_shared<drivers::serial_driver::SerialDriver>([01;31m[K*io_context_[m[K);
[6.203s]       |                                                                             [01;31m[K^~~~~~~~~~~~[m[K
[6.203s] [01m[K/home/cafsanchezdi/ros2_ws/src/sdv_un_ros/sdv_serial/src/sdv_serial_node2.cpp:74:46:[m[K [01;31m[Kerror: [m[Kno matching function for call to â€˜[01m[Kdrivers::serial_driver::SerialPortConfig::SerialPortConfig()[m[Kâ€™
[6.203s]    74 |     drivers::serial_driver::SerialPortConfig [01;31m[Kconfig[m[K;
[6.204s]       |                                              [01;31m[K^~~~~~[m[K
[6.204s] In file included from [01m[K/opt/ros/jazzy/include/serial_driver/serial_driver.hpp:22[m[K:
[6.204s] [01m[K/opt/ros/jazzy/include/serial_driver/serial_port.hpp:61:3:[m[K [01;36m[Knote: [m[Kcandidate: â€˜[01m[Kdrivers::serial_driver::SerialPortConfig::[01;32m[KSerialPortConfig[m[K(uint32_t, drivers::serial_driver::FlowControl, drivers::serial_driver::Parity, drivers::serial_driver::StopBits)[m[Kâ€™
[6.204s]    61 |   [01;36m[KSerialPortConfig[m[K(
[6.204s]       |   [01;36m[K^~~~~~~~~~~~~~~~[m[K
[6.204s] [01m[K/opt/ros/jazzy/include/serial_driver/serial_port.hpp:61:3:[m[K [01;36m[Knote: [m[K  candidate expects 4 arguments, 0 provided
[6.205s] [01m[K/opt/ros/jazzy/include/serial_driver/serial_port.hpp:57:7:[m[K [01;36m[Knote: [m[Kcandidate: â€˜[01m[Kconstexpr drivers::serial_driver::SerialPortConfig::[01;32m[KSerialPortConfig[m[K(const drivers::serial_driver::SerialPortConfig&)[m[Kâ€™
[6.205s]    57 | class [01;36m[KSerialPortConfig[m[K
[6.205s]       |       [01;36m[K^~~~~~~~~~~~~~~~[m[K
[6.205s] [01m[K/opt/ros/jazzy/include/serial_driver/serial_port.hpp:57:7:[m[K [01;36m[Knote: [m[K  candidate expects 1 argument, 0 provided
[6.205s] [01m[K/opt/ros/jazzy/include/serial_driver/serial_port.hpp:57:7:[m[K [01;36m[Knote: [m[Kcandidate: â€˜[01m[Kconstexpr drivers::serial_driver::SerialPortConfig::[01;32m[KSerialPortConfig[m[K(drivers::serial_driver::SerialPortConfig&&)[m[Kâ€™
[6.205s] [01m[K/opt/ros/jazzy/include/serial_driver/serial_port.hpp:57:7:[m[K [01;36m[Knote: [m[K  candidate expects 1 argument, 0 provided
[6.205s] [01m[K/home/cafsanchezdi/ros2_ws/src/sdv_un_ros/sdv_serial/src/sdv_serial_node2.cpp:75:25:[m[K [01;31m[Kerror: [m[Klvalue required as left operand of assignment
[6.206s]    75 |     [01;31m[Kconfig.get_baud_rate()[m[K = baudrate_;
[6.206s]       |     [01;31m[K~~~~~~~~~~~~~~~~~~~~^~[m[K
[6.239s] [01m[K/home/cafsanchezdi/ros2_ws/src/sdv_un_ros/sdv_serial/src/sdv_serial_node2.cpp:[m[K In member function â€˜[01m[Kint SDVSerialNode::[01;32m[Kopen_serial_port[m[K(const std::string&)[m[Kâ€™:
[6.239s] [01m[K/home/cafsanchezdi/ros2_ws/src/sdv_un_ros/sdv_serial/src/sdv_serial_node2.cpp:179:7:[m[K [01;31m[Kerror: [m[Kâ€˜[01m[Kser_[m[Kâ€™ was not declared in this scope
[6.239s]   179 |       [01;31m[Kser_[m[K.setPort(portx);
[6.239s]       |       [01;31m[K^~~~[m[K
[6.239s] [01m[K/home/cafsanchezdi/ros2_ws/src/sdv_un_ros/sdv_serial/src/sdv_serial_node2.cpp:181:7:[m[K [01;31m[Kerror: [m[Kâ€˜[01m[Kserial[m[Kâ€™ has not been declared
[6.239s]   181 |       [01;31m[Kserial[m[K::Timeout to = serial::Timeout::simpleTimeout(10);
[6.239s]       |       [01;31m[K^~~~~~[m[K
[6.247s] [01m[K/home/cafsanchezdi/ros2_ws/src/sdv_un_ros/sdv_serial/src/sdv_serial_node2.cpp:182:23:[m[K [01;31m[Kerror: [m[Kâ€˜[01m[Kto[m[Kâ€™ was not declared in this scope; did you mean â€˜[01m[Ktm[m[Kâ€™?
[6.247s]   182 |       ser_.setTimeout([01;31m[Kto[m[K);
[6.247s]       |                       [01;31m[K^~[m[K
[6.247s]       |                       [32m[Ktm[m[K
[6.250s] [01m[K/home/cafsanchezdi/ros2_ws/src/sdv_un_ros/sdv_serial/src/sdv_serial_node2.cpp:184:14:[m[K [01;31m[Kerror: [m[Kâ€˜[01m[Kserial[m[Kâ€™ does not name a type
[6.250s]   184 |     } catch ([01;31m[Kserial[m[K::IOException &e) {
[6.250s]       |              [01;31m[K^~~~~~[m[K
[6.250s] [01m[K/home/cafsanchezdi/ros2_ws/src/sdv_un_ros/sdv_serial/src/sdv_serial_node2.cpp:184:34:[m[K [01;31m[Kerror: [m[Kexpected unqualified-id before â€˜[01m[K&[m[Kâ€™ token
[6.251s]   184 |     } catch (serial::IOException [01;31m[K&[m[Ke) {
[6.251s]       |                                  [01;31m[K^[m[K
[6.251s] [01m[K/home/cafsanchezdi/ros2_ws/src/sdv_un_ros/sdv_serial/src/sdv_serial_node2.cpp:184:34:[m[K [01;31m[Kerror: [m[Kexpected â€˜[01m[K)[m[Kâ€™ before â€˜[01m[K&[m[Kâ€™ token
[6.251s] [01m[K/home/cafsanchezdi/ros2_ws/src/sdv_un_ros/sdv_serial/src/sdv_serial_node2.cpp:184:13:[m[K [01;36m[Knote: [m[Kto match this â€˜[01m[K([m[Kâ€™
[6.251s]   184 |     } catch [01;36m[K([m[Kserial::IOException &e) {
[6.251s]       |             [01;36m[K^[m[K
[6.251s] [01m[K/home/cafsanchezdi/ros2_ws/src/sdv_un_ros/sdv_serial/src/sdv_serial_node2.cpp:184:34:[m[K [01;31m[Kerror: [m[Kexpected â€˜[01m[K{[m[Kâ€™ before â€˜[01m[K&[m[Kâ€™ token
[6.252s]   184 |     } catch (serial::IOException [01;31m[K&[m[Ke) {
[6.252s]       |                                  [01;31m[K^[m[K
[6.258s] [01m[K/home/cafsanchezdi/ros2_ws/src/sdv_un_ros/sdv_serial/src/sdv_serial_node2.cpp:184:35:[m[K [01;31m[Kerror: [m[Kâ€˜[01m[Ke[m[Kâ€™ was not declared in this scope
[6.258s]   184 |     } catch (serial::IOException &[01;31m[Ke[m[K) {
[6.258s]       |                                   [01;31m[K^[m[K
[6.267s] [01m[K/home/cafsanchezdi/ros2_ws/src/sdv_un_ros/sdv_serial/src/sdv_serial_node2.cpp:[m[K In member function â€˜[01m[Kvoid SDVSerialNode::[01;32m[Kstart_serial_communication[m[K()[m[Kâ€™:
[6.268s] [01m[K/home/cafsanchezdi/ros2_ws/src/sdv_un_ros/sdv_serial/src/sdv_serial_node2.cpp:195:5:[m[K [01;31m[Kerror: [m[Kâ€˜[01m[Kser_[m[Kâ€™ was not declared in this scope
[6.268s]   195 |     [01;31m[Kser_[m[K.write("if 0\r");
[6.268s]       |     [01;31m[K^~~~[m[K
[6.285s] [01m[K/home/cafsanchezdi/ros2_ws/src/sdv_un_ros/sdv_serial/src/sdv_serial_node2.cpp:[m[K In member function â€˜[01m[Kvoid SDVSerialNode::[01;32m[Kprocess_serial[m[K()[m[Kâ€™:
[6.285s] [01m[K/home/cafsanchezdi/ros2_ws/src/sdv_un_ros/sdv_serial/src/sdv_serial_node2.cpp:266:9:[m[K [01;31m[Kerror: [m[Kâ€˜[01m[Kser_[m[Kâ€™ was not declared in this scope
[6.285s]   266 |     if ([01;31m[Kser_[m[K.available()) {
[6.286s]       |         [01;31m[K^~~~[m[K
[6.297s] [01m[K/home/cafsanchezdi/ros2_ws/src/sdv_un_ros/sdv_serial/src/sdv_serial_node2.cpp:303:9:[m[K [01;31m[Kerror: [m[Kâ€˜[01m[Kser_[m[Kâ€™ was not declared in this scope
[6.297s]   303 |         [01;31m[Kser_[m[K.write(msg);
[6.297s]       |         [01;31m[K^~~~[m[K
[13.118s] gmake[2]: *** [CMakeFiles/sdv_serial_node2.dir/build.make:79: CMakeFiles/sdv_serial_node2.dir/src/sdv_serial_node2.cpp.o] Error 1
[13.119s] gmake[2]: Leaving directory '/home/cafsanchezdi/ros2_ws/build/sdv_serial'
[13.120s] gmake[1]: *** [CMakeFiles/Makefile2:629: CMakeFiles/sdv_serial_node2.dir/all] Error 2
[13.120s] gmake: *** [Makefile:149: all] Error 2
[13.120s] gmake[1]: Leaving directory '/home/cafsanchezdi/ros2_ws/build/sdv_serial'
[13.122s] 
[13.125s] Invoked command in '/home/cafsanchezdi/ros2_ws/build/sdv_serial' returned '2': DEBUGINFOD_URLS=https://debuginfod.ubuntu.com /usr/bin/cmake --build /home/cafsanchezdi/ros2_ws/build/sdv_serial -- -j4 -l4
