[01m[K/home/cafsanchezdi/ros2_ws/src/sdv_un_ros/sdv_serial/src/sdv_serial_node2.cpp:98:12:[m[K [01;31m[Kerror: [m[Kâ€˜[01m[KSerialDriver[m[Kâ€™ in namespace â€˜[01m[Kdrivers[m[Kâ€™ does not name a type; did you mean â€˜[01m[Kserial_driver[m[Kâ€™?
   98 |   drivers::[01;31m[KSerialDriver[m[K ser_;  // Updated for ROS2
      |            [01;31m[K^~~~~~~~~~~~[m[K
      |            [32m[Kserial_driver[m[K
[01m[K/home/cafsanchezdi/ros2_ws/src/sdv_un_ros/sdv_serial/src/sdv_serial_node2.cpp:[m[K In constructor â€˜[01m[KSDVSerialNode::[01;32m[KSDVSerialNode[m[K()[m[Kâ€™:
[01m[K/home/cafsanchezdi/ros2_ws/src/sdv_un_ros/sdv_serial/src/sdv_serial_node2.cpp:77:10:[m[K [01;31m[Kerror: [m[Kâ€˜[01m[Kser_[m[Kâ€™ was not declared in this scope
   77 |       if([01;31m[Kser_[m[K.isOpen())
      |          [01;31m[K^~~~[m[K
[01m[K/home/cafsanchezdi/ros2_ws/src/sdv_un_ros/sdv_serial/src/sdv_serial_node2.cpp:[m[K In member function â€˜[01m[Kint SDVSerialNode::[01;32m[Kopen_serial_port[m[K(const std::string&)[m[Kâ€™:
[01m[K/home/cafsanchezdi/ros2_ws/src/sdv_un_ros/sdv_serial/src/sdv_serial_node2.cpp:175:7:[m[K [01;31m[Kerror: [m[Kâ€˜[01m[Kser_[m[Kâ€™ was not declared in this scope
  175 |       [01;31m[Kser_[m[K.setPort(portx);
      |       [01;31m[K^~~~[m[K
[01m[K/home/cafsanchezdi/ros2_ws/src/sdv_un_ros/sdv_serial/src/sdv_serial_node2.cpp:177:7:[m[K [01;31m[Kerror: [m[Kâ€˜[01m[Kserial[m[Kâ€™ has not been declared
  177 |       [01;31m[Kserial[m[K::Timeout to = serial::Timeout::simpleTimeout(10);
      |       [01;31m[K^~~~~~[m[K
[01m[K/home/cafsanchezdi/ros2_ws/src/sdv_un_ros/sdv_serial/src/sdv_serial_node2.cpp:178:23:[m[K [01;31m[Kerror: [m[Kâ€˜[01m[Kto[m[Kâ€™ was not declared in this scope; did you mean â€˜[01m[Ktm[m[Kâ€™?
  178 |       ser_.setTimeout([01;31m[Kto[m[K);
      |                       [01;31m[K^~[m[K
      |                       [32m[Ktm[m[K
[01m[K/home/cafsanchezdi/ros2_ws/src/sdv_un_ros/sdv_serial/src/sdv_serial_node2.cpp:180:14:[m[K [01;31m[Kerror: [m[Kâ€˜[01m[Kserial[m[Kâ€™ does not name a type
  180 |     } catch ([01;31m[Kserial[m[K::IOException &e) {
      |              [01;31m[K^~~~~~[m[K
[01m[K/home/cafsanchezdi/ros2_ws/src/sdv_un_ros/sdv_serial/src/sdv_serial_node2.cpp:180:34:[m[K [01;31m[Kerror: [m[Kexpected unqualified-id before â€˜[01m[K&[m[Kâ€™ token
  180 |     } catch (serial::IOException [01;31m[K&[m[Ke) {
      |                                  [01;31m[K^[m[K
[01m[K/home/cafsanchezdi/ros2_ws/src/sdv_un_ros/sdv_serial/src/sdv_serial_node2.cpp:180:34:[m[K [01;31m[Kerror: [m[Kexpected â€˜[01m[K)[m[Kâ€™ before â€˜[01m[K&[m[Kâ€™ token
[01m[K/home/cafsanchezdi/ros2_ws/src/sdv_un_ros/sdv_serial/src/sdv_serial_node2.cpp:180:13:[m[K [01;36m[Knote: [m[Kto match this â€˜[01m[K([m[Kâ€™
  180 |     } catch [01;36m[K([m[Kserial::IOException &e) {
      |             [01;36m[K^[m[K
[01m[K/home/cafsanchezdi/ros2_ws/src/sdv_un_ros/sdv_serial/src/sdv_serial_node2.cpp:180:34:[m[K [01;31m[Kerror: [m[Kexpected â€˜[01m[K{[m[Kâ€™ before â€˜[01m[K&[m[Kâ€™ token
  180 |     } catch (serial::IOException [01;31m[K&[m[Ke) {
      |                                  [01;31m[K^[m[K
[01m[K/home/cafsanchezdi/ros2_ws/src/sdv_un_ros/sdv_serial/src/sdv_serial_node2.cpp:180:35:[m[K [01;31m[Kerror: [m[Kâ€˜[01m[Ke[m[Kâ€™ was not declared in this scope
  180 |     } catch (serial::IOException &[01;31m[Ke[m[K) {
      |                                   [01;31m[K^[m[K
[01m[K/home/cafsanchezdi/ros2_ws/src/sdv_un_ros/sdv_serial/src/sdv_serial_node2.cpp:[m[K In member function â€˜[01m[Kvoid SDVSerialNode::[01;32m[Kstart_serial_communication[m[K()[m[Kâ€™:
[01m[K/home/cafsanchezdi/ros2_ws/src/sdv_un_ros/sdv_serial/src/sdv_serial_node2.cpp:191:5:[m[K [01;31m[Kerror: [m[Kâ€˜[01m[Kser_[m[Kâ€™ was not declared in this scope
  191 |     [01;31m[Kser_[m[K.write("if 0\r");
      |     [01;31m[K^~~~[m[K
[01m[K/home/cafsanchezdi/ros2_ws/src/sdv_un_ros/sdv_serial/src/sdv_serial_node2.cpp:[m[K In member function â€˜[01m[Kvoid SDVSerialNode::[01;32m[Kprocess_serial[m[K()[m[Kâ€™:
[01m[K/home/cafsanchezdi/ros2_ws/src/sdv_un_ros/sdv_serial/src/sdv_serial_node2.cpp:262:9:[m[K [01;31m[Kerror: [m[Kâ€˜[01m[Kser_[m[Kâ€™ was not declared in this scope
  262 |     if ([01;31m[Kser_[m[K.available()) {
      |         [01;31m[K^~~~[m[K
[01m[K/home/cafsanchezdi/ros2_ws/src/sdv_un_ros/sdv_serial/src/sdv_serial_node2.cpp:299:9:[m[K [01;31m[Kerror: [m[Kâ€˜[01m[Kser_[m[Kâ€™ was not declared in this scope
  299 |         [01;31m[Kser_[m[K.write(msg);
      |         [01;31m[K^~~~[m[K
gmake[2]: *** [CMakeFiles/sdv_serial_node2.dir/build.make:79: CMakeFiles/sdv_serial_node2.dir/src/sdv_serial_node2.cpp.o] Error 1
gmake[1]: *** [CMakeFiles/Makefile2:629: CMakeFiles/sdv_serial_node2.dir/all] Error 2
gmake: *** [Makefile:149: all] Error 2
