[0.032s] Invoking command in '/home/cafsanchezdi/ros2_ws/build/sdv_serial': DEBUGINFOD_URLS=https://debuginfod.ubuntu.com /usr/bin/cmake --build /home/cafsanchezdi/ros2_ws/build/sdv_serial -- -j4 -l4
[0.045s] Change Dir: '/home/cafsanchezdi/ros2_ws/build/sdv_serial'
[0.046s] 
[0.046s] Run Build Command(s): /usr/bin/cmake -E env VERBOSE=1 /usr/bin/gmake -f Makefile -j4 -l4
[0.064s] /usr/bin/cmake -S/home/cafsanchezdi/ros2_ws/src/sdv_un_ros/sdv_serial -B/home/cafsanchezdi/ros2_ws/build/sdv_serial --check-build-system CMakeFiles/Makefile.cmake 0
[0.098s] /usr/bin/cmake -E cmake_progress_start /home/cafsanchezdi/ros2_ws/build/sdv_serial/CMakeFiles /home/cafsanchezdi/ros2_ws/build/sdv_serial//CMakeFiles/progress.marks
[0.119s] /usr/bin/gmake  -f CMakeFiles/Makefile2 all
[0.122s] gmake[1]: Entering directory '/home/cafsanchezdi/ros2_ws/build/sdv_serial'
[0.122s] /usr/bin/gmake  -f CMakeFiles/sdv_serial__rosidl_generator_type_description.dir/build.make CMakeFiles/sdv_serial__rosidl_generator_type_description.dir/depend
[0.123s] /usr/bin/gmake  -f CMakeFiles/ament_cmake_python_copy_sdv_serial.dir/build.make CMakeFiles/ament_cmake_python_copy_sdv_serial.dir/depend
[0.124s] gmake[2]: Entering directory '/home/cafsanchezdi/ros2_ws/build/sdv_serial'
[0.124s] cd /home/cafsanchezdi/ros2_ws/build/sdv_serial && /usr/bin/cmake -E cmake_depends "Unix Makefiles" /home/cafsanchezdi/ros2_ws/src/sdv_un_ros/sdv_serial /home/cafsanchezdi/ros2_ws/src/sdv_un_ros/sdv_serial /home/cafsanchezdi/ros2_ws/build/sdv_serial /home/cafsanchezdi/ros2_ws/build/sdv_serial /home/cafsanchezdi/ros2_ws/build/sdv_serial/CMakeFiles/sdv_serial__rosidl_generator_type_description.dir/DependInfo.cmake "--color="
[0.125s] gmake[2]: Entering directory '/home/cafsanchezdi/ros2_ws/build/sdv_serial'
[0.125s] cd /home/cafsanchezdi/ros2_ws/build/sdv_serial && /usr/bin/cmake -E cmake_depends "Unix Makefiles" /home/cafsanchezdi/ros2_ws/src/sdv_un_ros/sdv_serial /home/cafsanchezdi/ros2_ws/src/sdv_un_ros/sdv_serial /home/cafsanchezdi/ros2_ws/build/sdv_serial /home/cafsanchezdi/ros2_ws/build/sdv_serial /home/cafsanchezdi/ros2_ws/build/sdv_serial/CMakeFiles/ament_cmake_python_copy_sdv_serial.dir/DependInfo.cmake "--color="
[0.140s] gmake[2]: Leaving directory '/home/cafsanchezdi/ros2_ws/build/sdv_serial'
[0.140s] gmake[2]: Leaving directory '/home/cafsanchezdi/ros2_ws/build/sdv_serial'
[0.141s] /usr/bin/gmake  -f CMakeFiles/sdv_serial__rosidl_generator_type_description.dir/build.make CMakeFiles/sdv_serial__rosidl_generator_type_description.dir/build
[0.141s] /usr/bin/gmake  -f CMakeFiles/ament_cmake_python_copy_sdv_serial.dir/build.make CMakeFiles/ament_cmake_python_copy_sdv_serial.dir/build
[0.142s] gmake[2]: Entering directory '/home/cafsanchezdi/ros2_ws/build/sdv_serial'
[0.143s] gmake[2]: Nothing to be done for 'CMakeFiles/sdv_serial__rosidl_generator_type_description.dir/build'.
[0.143s] gmake[2]: Leaving directory '/home/cafsanchezdi/ros2_ws/build/sdv_serial'
[0.143s] gmake[2]: Entering directory '/home/cafsanchezdi/ros2_ws/build/sdv_serial'
[0.144s] /usr/bin/cmake -E copy_directory /home/cafsanchezdi/ros2_ws/build/sdv_serial/rosidl_generator_py/sdv_serial /home/cafsanchezdi/ros2_ws/build/sdv_serial/ament_cmake_python/sdv_serial/sdv_serial
[0.156s] [  1%] Built target sdv_serial__rosidl_generator_type_description
[0.158s] /usr/bin/gmake  -f CMakeFiles/sdv_serial__cpp.dir/build.make CMakeFiles/sdv_serial__cpp.dir/depend
[0.158s] /usr/bin/gmake  -f CMakeFiles/sdv_serial__rosidl_generator_c.dir/build.make CMakeFiles/sdv_serial__rosidl_generator_c.dir/depend
[0.160s] gmake[2]: Entering directory '/home/cafsanchezdi/ros2_ws/build/sdv_serial'
[0.161s] cd /home/cafsanchezdi/ros2_ws/build/sdv_serial && /usr/bin/cmake -E cmake_depends "Unix Makefiles" /home/cafsanchezdi/ros2_ws/src/sdv_un_ros/sdv_serial /home/cafsanchezdi/ros2_ws/src/sdv_un_ros/sdv_serial /home/cafsanchezdi/ros2_ws/build/sdv_serial /home/cafsanchezdi/ros2_ws/build/sdv_serial /home/cafsanchezdi/ros2_ws/build/sdv_serial/CMakeFiles/sdv_serial__cpp.dir/DependInfo.cmake "--color="
[0.161s] gmake[2]: Leaving directory '/home/cafsanchezdi/ros2_ws/build/sdv_serial'
[0.167s] gmake[2]: Entering directory '/home/cafsanchezdi/ros2_ws/build/sdv_serial'
[0.167s] cd /home/cafsanchezdi/ros2_ws/build/sdv_serial && /usr/bin/cmake -E cmake_depends "Unix Makefiles" /home/cafsanchezdi/ros2_ws/src/sdv_un_ros/sdv_serial /home/cafsanchezdi/ros2_ws/src/sdv_un_ros/sdv_serial /home/cafsanchezdi/ros2_ws/build/sdv_serial /home/cafsanchezdi/ros2_ws/build/sdv_serial /home/cafsanchezdi/ros2_ws/build/sdv_serial/CMakeFiles/sdv_serial__rosidl_generator_c.dir/DependInfo.cmake "--color="
[0.178s] [  1%] Built target ament_cmake_python_copy_sdv_serial
[0.179s] gmake[2]: Leaving directory '/home/cafsanchezdi/ros2_ws/build/sdv_serial'
[0.179s] /usr/bin/gmake  -f CMakeFiles/sdv_serial__cpp.dir/build.make CMakeFiles/sdv_serial__cpp.dir/build
[0.180s] /usr/bin/gmake  -f CMakeFiles/ament_cmake_python_build_sdv_serial_egg.dir/build.make CMakeFiles/ament_cmake_python_build_sdv_serial_egg.dir/depend
[0.182s] gmake[2]: Entering directory '/home/cafsanchezdi/ros2_ws/build/sdv_serial'
[0.183s] gmake[2]: Nothing to be done for 'CMakeFiles/sdv_serial__cpp.dir/build'.
[0.183s] gmake[2]: Leaving directory '/home/cafsanchezdi/ros2_ws/build/sdv_serial'
[0.183s] gmake[2]: Entering directory '/home/cafsanchezdi/ros2_ws/build/sdv_serial'
[0.184s] cd /home/cafsanchezdi/ros2_ws/build/sdv_serial && /usr/bin/cmake -E cmake_depends "Unix Makefiles" /home/cafsanchezdi/ros2_ws/src/sdv_un_ros/sdv_serial /home/cafsanchezdi/ros2_ws/src/sdv_un_ros/sdv_serial /home/cafsanchezdi/ros2_ws/build/sdv_serial /home/cafsanchezdi/ros2_ws/build/sdv_serial /home/cafsanchezdi/ros2_ws/build/sdv_serial/CMakeFiles/ament_cmake_python_build_sdv_serial_egg.dir/DependInfo.cmake "--color="
[0.190s] gmake[2]: Leaving directory '/home/cafsanchezdi/ros2_ws/build/sdv_serial'
[0.190s] /usr/bin/gmake  -f CMakeFiles/sdv_serial__rosidl_generator_c.dir/build.make CMakeFiles/sdv_serial__rosidl_generator_c.dir/build
[0.197s] gmake[2]: Entering directory '/home/cafsanchezdi/ros2_ws/build/sdv_serial'
[0.197s] gmake[2]: Nothing to be done for 'CMakeFiles/sdv_serial__rosidl_generator_c.dir/build'.
[0.197s] gmake[2]: Leaving directory '/home/cafsanchezdi/ros2_ws/build/sdv_serial'
[0.205s] [  2%] Built target sdv_serial__cpp
[0.207s] gmake[2]: Leaving directory '/home/cafsanchezdi/ros2_ws/build/sdv_serial'
[0.207s] /usr/bin/gmake  -f CMakeFiles/ament_cmake_python_build_sdv_serial_egg.dir/build.make CMakeFiles/ament_cmake_python_build_sdv_serial_egg.dir/build
[0.210s] gmake[2]: Entering directory '/home/cafsanchezdi/ros2_ws/build/sdv_serial'
[0.210s] cd /home/cafsanchezdi/ros2_ws/build/sdv_serial/ament_cmake_python/sdv_serial && /usr/bin/python3 setup.py egg_info
[0.219s] [ 25%] Built target sdv_serial__rosidl_generator_c
[0.221s] /usr/bin/gmake  -f CMakeFiles/sdv_serial__rosidl_typesupport_cpp.dir/build.make CMakeFiles/sdv_serial__rosidl_typesupport_cpp.dir/depend
[0.221s] /usr/bin/gmake  -f CMakeFiles/sdv_serial__rosidl_typesupport_fastrtps_c.dir/build.make CMakeFiles/sdv_serial__rosidl_typesupport_fastrtps_c.dir/depend
[0.224s] /usr/bin/gmake  -f CMakeFiles/sdv_serial__rosidl_typesupport_fastrtps_cpp.dir/build.make CMakeFiles/sdv_serial__rosidl_typesupport_fastrtps_cpp.dir/depend
[0.229s] gmake[2]: Entering directory '/home/cafsanchezdi/ros2_ws/build/sdv_serial'
[0.229s] cd /home/cafsanchezdi/ros2_ws/build/sdv_serial && /usr/bin/cmake -E cmake_depends "Unix Makefiles" /home/cafsanchezdi/ros2_ws/src/sdv_un_ros/sdv_serial /home/cafsanchezdi/ros2_ws/src/sdv_un_ros/sdv_serial /home/cafsanchezdi/ros2_ws/build/sdv_serial /home/cafsanchezdi/ros2_ws/build/sdv_serial /home/cafsanchezdi/ros2_ws/build/sdv_serial/CMakeFiles/sdv_serial__rosidl_typesupport_cpp.dir/DependInfo.cmake "--color="
[0.230s] gmake[2]: Entering directory '/home/cafsanchezdi/ros2_ws/build/sdv_serial'
[0.231s] cd /home/cafsanchezdi/ros2_ws/build/sdv_serial && /usr/bin/cmake -E cmake_depends "Unix Makefiles" /home/cafsanchezdi/ros2_ws/src/sdv_un_ros/sdv_serial /home/cafsanchezdi/ros2_ws/src/sdv_un_ros/sdv_serial /home/cafsanchezdi/ros2_ws/build/sdv_serial /home/cafsanchezdi/ros2_ws/build/sdv_serial /home/cafsanchezdi/ros2_ws/build/sdv_serial/CMakeFiles/sdv_serial__rosidl_typesupport_fastrtps_c.dir/DependInfo.cmake "--color="
[0.232s] gmake[2]: Entering directory '/home/cafsanchezdi/ros2_ws/build/sdv_serial'
[0.233s] cd /home/cafsanchezdi/ros2_ws/build/sdv_serial && /usr/bin/cmake -E cmake_depends "Unix Makefiles" /home/cafsanchezdi/ros2_ws/src/sdv_un_ros/sdv_serial /home/cafsanchezdi/ros2_ws/src/sdv_un_ros/sdv_serial /home/cafsanchezdi/ros2_ws/build/sdv_serial /home/cafsanchezdi/ros2_ws/build/sdv_serial /home/cafsanchezdi/ros2_ws/build/sdv_serial/CMakeFiles/sdv_serial__rosidl_typesupport_fastrtps_cpp.dir/DependInfo.cmake "--color="
[0.255s] gmake[2]: Leaving directory '/home/cafsanchezdi/ros2_ws/build/sdv_serial'
[0.258s] /usr/bin/gmake  -f CMakeFiles/sdv_serial__rosidl_typesupport_fastrtps_c.dir/build.make CMakeFiles/sdv_serial__rosidl_typesupport_fastrtps_c.dir/build
[0.258s] gmake[2]: Leaving directory '/home/cafsanchezdi/ros2_ws/build/sdv_serial'
[0.259s] /usr/bin/gmake  -f CMakeFiles/sdv_serial__rosidl_typesupport_cpp.dir/build.make CMakeFiles/sdv_serial__rosidl_typesupport_cpp.dir/build
[0.260s] gmake[2]: Leaving directory '/home/cafsanchezdi/ros2_ws/build/sdv_serial'
[0.261s] /usr/bin/gmake  -f CMakeFiles/sdv_serial__rosidl_typesupport_fastrtps_cpp.dir/build.make CMakeFiles/sdv_serial__rosidl_typesupport_fastrtps_cpp.dir/build
[0.266s] gmake[2]: Entering directory '/home/cafsanchezdi/ros2_ws/build/sdv_serial'
[0.267s] gmake[2]: Nothing to be done for 'CMakeFiles/sdv_serial__rosidl_typesupport_cpp.dir/build'.
[0.267s] gmake[2]: Leaving directory '/home/cafsanchezdi/ros2_ws/build/sdv_serial'
[0.268s] gmake[2]: Entering directory '/home/cafsanchezdi/ros2_ws/build/sdv_serial'
[0.268s] gmake[2]: Nothing to be done for 'CMakeFiles/sdv_serial__rosidl_typesupport_fastrtps_c.dir/build'.
[0.268s] gmake[2]: Leaving directory '/home/cafsanchezdi/ros2_ws/build/sdv_serial'
[0.269s] gmake[2]: Entering directory '/home/cafsanchezdi/ros2_ws/build/sdv_serial'
[0.270s] gmake[2]: Nothing to be done for 'CMakeFiles/sdv_serial__rosidl_typesupport_fastrtps_cpp.dir/build'.
[0.270s] gmake[2]: Leaving directory '/home/cafsanchezdi/ros2_ws/build/sdv_serial'
[0.290s] [ 35%] Built target sdv_serial__rosidl_typesupport_cpp
[0.291s] [ 44%] Built target sdv_serial__rosidl_typesupport_fastrtps_cpp
[0.292s] [ 53%] Built target sdv_serial__rosidl_typesupport_fastrtps_c
[0.293s] /usr/bin/gmake  -f CMakeFiles/sdv_serial__rosidl_typesupport_introspection_c.dir/build.make CMakeFiles/sdv_serial__rosidl_typesupport_introspection_c.dir/depend
[0.293s] /usr/bin/gmake  -f CMakeFiles/sdv_serial__rosidl_typesupport_c.dir/build.make CMakeFiles/sdv_serial__rosidl_typesupport_c.dir/depend
[0.294s] /usr/bin/gmake  -f CMakeFiles/sdv_serial__rosidl_typesupport_introspection_cpp.dir/build.make CMakeFiles/sdv_serial__rosidl_typesupport_introspection_cpp.dir/depend
[0.298s] gmake[2]: Entering directory '/home/cafsanchezdi/ros2_ws/build/sdv_serial'
[0.299s] cd /home/cafsanchezdi/ros2_ws/build/sdv_serial && /usr/bin/cmake -E cmake_depends "Unix Makefiles" /home/cafsanchezdi/ros2_ws/src/sdv_un_ros/sdv_serial /home/cafsanchezdi/ros2_ws/src/sdv_un_ros/sdv_serial /home/cafsanchezdi/ros2_ws/build/sdv_serial /home/cafsanchezdi/ros2_ws/build/sdv_serial /home/cafsanchezdi/ros2_ws/build/sdv_serial/CMakeFiles/sdv_serial__rosidl_typesupport_introspection_c.dir/DependInfo.cmake "--color="
[0.304s] gmake[2]: Entering directory '/home/cafsanchezdi/ros2_ws/build/sdv_serial'
[0.304s] cd /home/cafsanchezdi/ros2_ws/build/sdv_serial && /usr/bin/cmake -E cmake_depends "Unix Makefiles" /home/cafsanchezdi/ros2_ws/src/sdv_un_ros/sdv_serial /home/cafsanchezdi/ros2_ws/src/sdv_un_ros/sdv_serial /home/cafsanchezdi/ros2_ws/build/sdv_serial /home/cafsanchezdi/ros2_ws/build/sdv_serial /home/cafsanchezdi/ros2_ws/build/sdv_serial/CMakeFiles/sdv_serial__rosidl_typesupport_c.dir/DependInfo.cmake "--color="
[0.311s] gmake[2]: Entering directory '/home/cafsanchezdi/ros2_ws/build/sdv_serial'
[0.311s] cd /home/cafsanchezdi/ros2_ws/build/sdv_serial && /usr/bin/cmake -E cmake_depends "Unix Makefiles" /home/cafsanchezdi/ros2_ws/src/sdv_un_ros/sdv_serial /home/cafsanchezdi/ros2_ws/src/sdv_un_ros/sdv_serial /home/cafsanchezdi/ros2_ws/build/sdv_serial /home/cafsanchezdi/ros2_ws/build/sdv_serial /home/cafsanchezdi/ros2_ws/build/sdv_serial/CMakeFiles/sdv_serial__rosidl_typesupport_introspection_cpp.dir/DependInfo.cmake "--color="
[0.325s] gmake[2]: Leaving directory '/home/cafsanchezdi/ros2_ws/build/sdv_serial'
[0.326s] /usr/bin/gmake  -f CMakeFiles/sdv_serial__rosidl_typesupport_introspection_c.dir/build.make CMakeFiles/sdv_serial__rosidl_typesupport_introspection_c.dir/build
[0.327s] gmake[2]: Leaving directory '/home/cafsanchezdi/ros2_ws/build/sdv_serial'
[0.328s] /usr/bin/gmake  -f CMakeFiles/sdv_serial__rosidl_typesupport_c.dir/build.make CMakeFiles/sdv_serial__rosidl_typesupport_c.dir/build
[0.332s] gmake[2]: Entering directory '/home/cafsanchezdi/ros2_ws/build/sdv_serial'
[0.334s] gmake[2]: Nothing to be done for 'CMakeFiles/sdv_serial__rosidl_typesupport_introspection_c.dir/build'.
[0.334s] gmake[2]: Leaving directory '/home/cafsanchezdi/ros2_ws/build/sdv_serial'
[0.336s] gmake[2]: Entering directory '/home/cafsanchezdi/ros2_ws/build/sdv_serial'
[0.336s] gmake[2]: Nothing to be done for 'CMakeFiles/sdv_serial__rosidl_typesupport_c.dir/build'.
[0.336s] gmake[2]: Leaving directory '/home/cafsanchezdi/ros2_ws/build/sdv_serial'
[0.346s] gmake[2]: Leaving directory '/home/cafsanchezdi/ros2_ws/build/sdv_serial'
[0.347s] /usr/bin/gmake  -f CMakeFiles/sdv_serial__rosidl_typesupport_introspection_cpp.dir/build.make CMakeFiles/sdv_serial__rosidl_typesupport_introspection_cpp.dir/build
[0.355s] [ 62%] Built target sdv_serial__rosidl_typesupport_introspection_c
[0.357s] [ 72%] Built target sdv_serial__rosidl_typesupport_c
[0.359s] gmake[2]: Entering directory '/home/cafsanchezdi/ros2_ws/build/sdv_serial'
[0.359s] gmake[2]: Nothing to be done for 'CMakeFiles/sdv_serial__rosidl_typesupport_introspection_cpp.dir/build'.
[0.359s] gmake[2]: Leaving directory '/home/cafsanchezdi/ros2_ws/build/sdv_serial'
[0.374s] [ 81%] Built target sdv_serial__rosidl_typesupport_introspection_cpp
[0.376s] /usr/bin/gmake  -f CMakeFiles/sdv_serial.dir/build.make CMakeFiles/sdv_serial.dir/depend
[0.379s] gmake[2]: Entering directory '/home/cafsanchezdi/ros2_ws/build/sdv_serial'
[0.379s] cd /home/cafsanchezdi/ros2_ws/build/sdv_serial && /usr/bin/cmake -E cmake_depends "Unix Makefiles" /home/cafsanchezdi/ros2_ws/src/sdv_un_ros/sdv_serial /home/cafsanchezdi/ros2_ws/src/sdv_un_ros/sdv_serial /home/cafsanchezdi/ros2_ws/build/sdv_serial /home/cafsanchezdi/ros2_ws/build/sdv_serial /home/cafsanchezdi/ros2_ws/build/sdv_serial/CMakeFiles/sdv_serial.dir/DependInfo.cmake "--color="
[0.394s] gmake[2]: Leaving directory '/home/cafsanchezdi/ros2_ws/build/sdv_serial'
[0.394s] /usr/bin/gmake  -f CMakeFiles/sdv_serial.dir/build.make CMakeFiles/sdv_serial.dir/build
[0.396s] gmake[2]: Entering directory '/home/cafsanchezdi/ros2_ws/build/sdv_serial'
[0.397s] gmake[2]: Nothing to be done for 'CMakeFiles/sdv_serial.dir/build'.
[0.397s] gmake[2]: Leaving directory '/home/cafsanchezdi/ros2_ws/build/sdv_serial'
[0.414s] [ 81%] Built target sdv_serial
[0.417s] /usr/bin/gmake  -f /home/cafsanchezdi/ros2_ws/build/sdv_serial/sdv_serial__py/CMakeFiles/sdv_serial__py.dir/build.make /home/cafsanchezdi/ros2_ws/build/sdv_serial/sdv_serial__py/CMakeFiles/sdv_serial__py.dir/depend
[0.417s] /usr/bin/gmake  -f CMakeFiles/sdv_serial_node2.dir/build.make CMakeFiles/sdv_serial_node2.dir/depend
[0.419s] gmake[2]: Entering directory '/home/cafsanchezdi/ros2_ws/build/sdv_serial'
[0.420s] cd /home/cafsanchezdi/ros2_ws/build/sdv_serial && /usr/bin/cmake -E cmake_depends "Unix Makefiles" /home/cafsanchezdi/ros2_ws/src/sdv_un_ros/sdv_serial /home/cafsanchezdi/ros2_ws/build/sdv_serial/sdv_serial__py /home/cafsanchezdi/ros2_ws/build/sdv_serial /home/cafsanchezdi/ros2_ws/build/sdv_serial/sdv_serial__py /home/cafsanchezdi/ros2_ws/build/sdv_serial/sdv_serial__py/CMakeFiles/sdv_serial__py.dir/DependInfo.cmake "--color="
[0.432s] gmake[2]: Entering directory '/home/cafsanchezdi/ros2_ws/build/sdv_serial'
[0.432s] cd /home/cafsanchezdi/ros2_ws/build/sdv_serial && /usr/bin/cmake -E cmake_depends "Unix Makefiles" /home/cafsanchezdi/ros2_ws/src/sdv_un_ros/sdv_serial /home/cafsanchezdi/ros2_ws/src/sdv_un_ros/sdv_serial /home/cafsanchezdi/ros2_ws/build/sdv_serial /home/cafsanchezdi/ros2_ws/build/sdv_serial /home/cafsanchezdi/ros2_ws/build/sdv_serial/CMakeFiles/sdv_serial_node2.dir/DependInfo.cmake "--color="
[0.436s] gmake[2]: Leaving directory '/home/cafsanchezdi/ros2_ws/build/sdv_serial'
[0.437s] /usr/bin/gmake  -f /home/cafsanchezdi/ros2_ws/build/sdv_serial/sdv_serial__py/CMakeFiles/sdv_serial__py.dir/build.make /home/cafsanchezdi/ros2_ws/build/sdv_serial/sdv_serial__py/CMakeFiles/sdv_serial__py.dir/build
[0.439s] gmake[2]: Entering directory '/home/cafsanchezdi/ros2_ws/build/sdv_serial'
[0.440s] gmake[2]: Nothing to be done for '/home/cafsanchezdi/ros2_ws/build/sdv_serial/sdv_serial__py/CMakeFiles/sdv_serial__py.dir/build'.
[0.440s] gmake[2]: Leaving directory '/home/cafsanchezdi/ros2_ws/build/sdv_serial'
[0.453s] [ 82%] Built target sdv_serial__py
[0.454s] Dependencies file "CMakeFiles/sdv_serial_node2.dir/src/sdv_serial_node2.cpp.o.d" is newer than depends file "/home/cafsanchezdi/ros2_ws/build/sdv_serial/CMakeFiles/sdv_serial_node2.dir/compiler_depend.internal".
[0.455s] /usr/bin/gmake  -f CMakeFiles/sdv_serial__rosidl_generator_py.dir/build.make CMakeFiles/sdv_serial__rosidl_generator_py.dir/depend
[0.458s] [35m[1mConsolidate compiler generated dependencies of target sdv_serial_node2[0m
[0.460s] gmake[2]: Entering directory '/home/cafsanchezdi/ros2_ws/build/sdv_serial'
[0.461s] cd /home/cafsanchezdi/ros2_ws/build/sdv_serial && /usr/bin/cmake -E cmake_depends "Unix Makefiles" /home/cafsanchezdi/ros2_ws/src/sdv_un_ros/sdv_serial /home/cafsanchezdi/ros2_ws/src/sdv_un_ros/sdv_serial /home/cafsanchezdi/ros2_ws/build/sdv_serial /home/cafsanchezdi/ros2_ws/build/sdv_serial /home/cafsanchezdi/ros2_ws/build/sdv_serial/CMakeFiles/sdv_serial__rosidl_generator_py.dir/DependInfo.cmake "--color="
[0.477s] gmake[2]: Leaving directory '/home/cafsanchezdi/ros2_ws/build/sdv_serial'
[0.478s] /usr/bin/gmake  -f CMakeFiles/sdv_serial__rosidl_generator_py.dir/build.make CMakeFiles/sdv_serial__rosidl_generator_py.dir/build
[0.478s] gmake[2]: Leaving directory '/home/cafsanchezdi/ros2_ws/build/sdv_serial'
[0.479s] /usr/bin/gmake  -f CMakeFiles/sdv_serial_node2.dir/build.make CMakeFiles/sdv_serial_node2.dir/build
[0.484s] gmake[2]: Entering directory '/home/cafsanchezdi/ros2_ws/build/sdv_serial'
[0.484s] gmake[2]: Nothing to be done for 'CMakeFiles/sdv_serial__rosidl_generator_py.dir/build'.
[0.485s] gmake[2]: Leaving directory '/home/cafsanchezdi/ros2_ws/build/sdv_serial'
[0.498s] [ 90%] Built target sdv_serial__rosidl_generator_py
[0.505s] /usr/bin/gmake  -f CMakeFiles/sdv_serial_s__rosidl_typesupport_fastrtps_c.dir/build.make CMakeFiles/sdv_serial_s__rosidl_typesupport_fastrtps_c.dir/depend
[0.505s] gmake[2]: Entering directory '/home/cafsanchezdi/ros2_ws/build/sdv_serial'
[0.511s] /usr/bin/gmake  -f CMakeFiles/sdv_serial_s__rosidl_typesupport_introspection_c.dir/build.make CMakeFiles/sdv_serial_s__rosidl_typesupport_introspection_c.dir/depend
[0.512s] gmake[2]: Entering directory '/home/cafsanchezdi/ros2_ws/build/sdv_serial'
[0.512s] cd /home/cafsanchezdi/ros2_ws/build/sdv_serial && /usr/bin/cmake -E cmake_depends "Unix Makefiles" /home/cafsanchezdi/ros2_ws/src/sdv_un_ros/sdv_serial /home/cafsanchezdi/ros2_ws/src/sdv_un_ros/sdv_serial /home/cafsanchezdi/ros2_ws/build/sdv_serial /home/cafsanchezdi/ros2_ws/build/sdv_serial /home/cafsanchezdi/ros2_ws/build/sdv_serial/CMakeFiles/sdv_serial_s__rosidl_typesupport_fastrtps_c.dir/DependInfo.cmake "--color="
[0.516s] gmake[2]: Entering directory '/home/cafsanchezdi/ros2_ws/build/sdv_serial'
[0.517s] cd /home/cafsanchezdi/ros2_ws/build/sdv_serial && /usr/bin/cmake -E cmake_depends "Unix Makefiles" /home/cafsanchezdi/ros2_ws/src/sdv_un_ros/sdv_serial /home/cafsanchezdi/ros2_ws/src/sdv_un_ros/sdv_serial /home/cafsanchezdi/ros2_ws/build/sdv_serial /home/cafsanchezdi/ros2_ws/build/sdv_serial /home/cafsanchezdi/ros2_ws/build/sdv_serial/CMakeFiles/sdv_serial_s__rosidl_typesupport_introspection_c.dir/DependInfo.cmake "--color="
[0.525s] [ 91%] [32mBuilding CXX object CMakeFiles/sdv_serial_node2.dir/src/sdv_serial_node2.cpp.o[0m
[0.529s] /usr/bin/c++ -DDEFAULT_RMW_IMPLEMENTATION=rmw_fastrtps_cpp -DFASTCDR_DYN_LINK -DROS_PACKAGE_NAME=\"sdv_serial\" -I/home/cafsanchezdi/ros2_ws/src/sdv_un_ros/sdv_serial/include -I/home/cafsanchezdi/ros2_ws/build/sdv_serial/rosidl_generator_cpp -I/opt/ros/jazzy/include -I/opt/ros/jazzy/include/rclcpp_components -I/opt/ros/jazzy/include/rclcpp_lifecycle -I/home/cafsanchezdi/ros2_ws/build/sdv_serial/rosidl_generator_c -isystem /opt/ros/jazzy/include/rclcpp -isystem /opt/ros/jazzy/include/std_msgs -isystem /opt/ros/jazzy/include/sensor_msgs -isystem /opt/ros/jazzy/include/geometry_msgs -isystem /opt/ros/jazzy/include/rcutils -isystem /opt/ros/jazzy/include/rosidl_typesupport_interface -isystem /opt/ros/jazzy/include/rosidl_runtime_c -isystem /opt/ros/jazzy/include/rosidl_runtime_cpp -isystem /opt/ros/jazzy/include/rcpputils -isystem /opt/ros/jazzy/include/rosidl_typesupport_c -isystem /opt/ros/jazzy/include/rosidl_typesupport_cpp -isystem /opt/ros/jazzy/include/rosidl_typesupport_introspection_c -isystem /opt/ros/jazzy/include/rosidl_typesupport_introspection_cpp -isystem /opt/ros/jazzy/include/udp_msgs -isystem /opt/ros/jazzy/include/builtin_interfaces -isystem /opt/ros/jazzy/include/fastcdr -isystem /opt/ros/jazzy/include/rosidl_typesupport_fastrtps_cpp -isystem /opt/ros/jazzy/include/rmw -isystem /opt/ros/jazzy/include/rosidl_dynamic_typesupport -isystem /opt/ros/jazzy/include/rosidl_typesupport_fastrtps_c -isystem /opt/ros/jazzy/include/libstatistics_collector -isystem /opt/ros/jazzy/include/rcl -isystem /opt/ros/jazzy/include/rcl_interfaces -isystem /opt/ros/jazzy/include/service_msgs -isystem /opt/ros/jazzy/include/rcl_logging_interface -isystem /opt/ros/jazzy/include/rcl_yaml_param_parser -isystem /opt/ros/jazzy/include/type_description_interfaces -isystem /opt/ros/jazzy/include/statistics_msgs -isystem /opt/ros/jazzy/include/rosgraph_msgs -isystem /opt/ros/jazzy/include/tracetools -isystem /opt/ros/jazzy/include/class_loader -isystem /opt/ros/jazzy/include/composition_interfaces -isystem /opt/ros/jazzy/include/lifecycle_msgs -isystem /opt/ros/jazzy/include/rcl_lifecycle -std=gnu++17 -MD -MT CMakeFiles/sdv_serial_node2.dir/src/sdv_serial_node2.cpp.o -MF CMakeFiles/sdv_serial_node2.dir/src/sdv_serial_node2.cpp.o.d -o CMakeFiles/sdv_serial_node2.dir/src/sdv_serial_node2.cpp.o -c /home/cafsanchezdi/ros2_ws/src/sdv_un_ros/sdv_serial/src/sdv_serial_node2.cpp
[0.533s] gmake[2]: Leaving directory '/home/cafsanchezdi/ros2_ws/build/sdv_serial'
[0.534s] /usr/bin/gmake  -f CMakeFiles/sdv_serial_s__rosidl_typesupport_fastrtps_c.dir/build.make CMakeFiles/sdv_serial_s__rosidl_typesupport_fastrtps_c.dir/build
[0.539s] gmake[2]: Entering directory '/home/cafsanchezdi/ros2_ws/build/sdv_serial'
[0.539s] gmake[2]: Nothing to be done for 'CMakeFiles/sdv_serial_s__rosidl_typesupport_fastrtps_c.dir/build'.
[0.539s] gmake[2]: Leaving directory '/home/cafsanchezdi/ros2_ws/build/sdv_serial'
[0.548s] gmake[2]: Leaving directory '/home/cafsanchezdi/ros2_ws/build/sdv_serial'
[0.553s] /usr/bin/gmake  -f CMakeFiles/sdv_serial_s__rosidl_typesupport_introspection_c.dir/build.make CMakeFiles/sdv_serial_s__rosidl_typesupport_introspection_c.dir/build
[0.560s] gmake[2]: Entering directory '/home/cafsanchezdi/ros2_ws/build/sdv_serial'
[0.561s] gmake[2]: Nothing to be done for 'CMakeFiles/sdv_serial_s__rosidl_typesupport_introspection_c.dir/build'.
[0.561s] gmake[2]: Leaving directory '/home/cafsanchezdi/ros2_ws/build/sdv_serial'
[0.566s] [ 93%] Built target sdv_serial_s__rosidl_typesupport_fastrtps_c
[0.568s] /usr/bin/gmake  -f CMakeFiles/sdv_serial_s__rosidl_typesupport_c.dir/build.make CMakeFiles/sdv_serial_s__rosidl_typesupport_c.dir/depend
[0.574s] gmake[2]: Entering directory '/home/cafsanchezdi/ros2_ws/build/sdv_serial'
[0.575s] cd /home/cafsanchezdi/ros2_ws/build/sdv_serial && /usr/bin/cmake -E cmake_depends "Unix Makefiles" /home/cafsanchezdi/ros2_ws/src/sdv_un_ros/sdv_serial /home/cafsanchezdi/ros2_ws/src/sdv_un_ros/sdv_serial /home/cafsanchezdi/ros2_ws/build/sdv_serial /home/cafsanchezdi/ros2_ws/build/sdv_serial /home/cafsanchezdi/ros2_ws/build/sdv_serial/CMakeFiles/sdv_serial_s__rosidl_typesupport_c.dir/DependInfo.cmake "--color="
[0.582s] [ 95%] Built target sdv_serial_s__rosidl_typesupport_introspection_c
[0.597s] gmake[2]: Leaving directory '/home/cafsanchezdi/ros2_ws/build/sdv_serial'
[0.597s] /usr/bin/gmake  -f CMakeFiles/sdv_serial_s__rosidl_typesupport_c.dir/build.make CMakeFiles/sdv_serial_s__rosidl_typesupport_c.dir/build
[0.607s] gmake[2]: Entering directory '/home/cafsanchezdi/ros2_ws/build/sdv_serial'
[0.608s] gmake[2]: Nothing to be done for 'CMakeFiles/sdv_serial_s__rosidl_typesupport_c.dir/build'.
[0.608s] gmake[2]: Leaving directory '/home/cafsanchezdi/ros2_ws/build/sdv_serial'
[0.628s] [ 97%] Built target sdv_serial_s__rosidl_typesupport_c
[0.765s] running egg_info
[0.811s] writing sdv_serial.egg-info/PKG-INFO
[0.811s] writing dependency_links to sdv_serial.egg-info/dependency_links.txt
[0.812s] writing top-level names to sdv_serial.egg-info/top_level.txt
[0.939s] reading manifest file 'sdv_serial.egg-info/SOURCES.txt'
[0.941s] writing manifest file 'sdv_serial.egg-info/SOURCES.txt'
[0.978s] gmake[2]: Leaving directory '/home/cafsanchezdi/ros2_ws/build/sdv_serial'
[0.991s] [ 97%] Built target ament_cmake_python_build_sdv_serial_egg
[6.078s] [01m[K/home/cafsanchezdi/ros2_ws/src/sdv_un_ros/sdv_serial/src/sdv_serial_node2.cpp:98:12:[m[K [01;31m[Kerror: [m[Kâ€˜[01m[KSerialDriver[m[Kâ€™ in namespace â€˜[01m[Kdrivers[m[Kâ€™ does not name a type; did you mean â€˜[01m[Kserial_driver[m[Kâ€™?
[6.079s]    98 |   drivers::[01;31m[KSerialDriver[m[K ser_;  // Updated for ROS2
[6.079s]       |            [01;31m[K^~~~~~~~~~~~[m[K
[6.079s]       |            [32m[Kserial_driver[m[K
[6.226s] [01m[K/home/cafsanchezdi/ros2_ws/src/sdv_un_ros/sdv_serial/src/sdv_serial_node2.cpp:[m[K In constructor â€˜[01m[KSDVSerialNode::[01;32m[KSDVSerialNode[m[K()[m[Kâ€™:
[6.226s] [01m[K/home/cafsanchezdi/ros2_ws/src/sdv_un_ros/sdv_serial/src/sdv_serial_node2.cpp:77:10:[m[K [01;31m[Kerror: [m[Kâ€˜[01m[Kser_[m[Kâ€™ was not declared in this scope
[6.227s]    77 |       if([01;31m[Kser_[m[K.isOpen())
[6.227s]       |          [01;31m[K^~~~[m[K
[6.260s] [01m[K/home/cafsanchezdi/ros2_ws/src/sdv_un_ros/sdv_serial/src/sdv_serial_node2.cpp:[m[K In member function â€˜[01m[Kint SDVSerialNode::[01;32m[Kopen_serial_port[m[K(const std::string&)[m[Kâ€™:
[6.260s] [01m[K/home/cafsanchezdi/ros2_ws/src/sdv_un_ros/sdv_serial/src/sdv_serial_node2.cpp:175:7:[m[K [01;31m[Kerror: [m[Kâ€˜[01m[Kser_[m[Kâ€™ was not declared in this scope
[6.260s]   175 |       [01;31m[Kser_[m[K.setPort(portx);
[6.260s]       |       [01;31m[K^~~~[m[K
[6.261s] [01m[K/home/cafsanchezdi/ros2_ws/src/sdv_un_ros/sdv_serial/src/sdv_serial_node2.cpp:177:7:[m[K [01;31m[Kerror: [m[Kâ€˜[01m[Kserial[m[Kâ€™ has not been declared
[6.261s]   177 |       [01;31m[Kserial[m[K::Timeout to = serial::Timeout::simpleTimeout(10);
[6.261s]       |       [01;31m[K^~~~~~[m[K
[6.268s] [01m[K/home/cafsanchezdi/ros2_ws/src/sdv_un_ros/sdv_serial/src/sdv_serial_node2.cpp:178:23:[m[K [01;31m[Kerror: [m[Kâ€˜[01m[Kto[m[Kâ€™ was not declared in this scope; did you mean â€˜[01m[Ktm[m[Kâ€™?
[6.268s]   178 |       ser_.setTimeout([01;31m[Kto[m[K);
[6.268s]       |                       [01;31m[K^~[m[K
[6.268s]       |                       [32m[Ktm[m[K
[6.271s] [01m[K/home/cafsanchezdi/ros2_ws/src/sdv_un_ros/sdv_serial/src/sdv_serial_node2.cpp:180:14:[m[K [01;31m[Kerror: [m[Kâ€˜[01m[Kserial[m[Kâ€™ does not name a type
[6.271s]   180 |     } catch ([01;31m[Kserial[m[K::IOException &e) {
[6.271s]       |              [01;31m[K^~~~~~[m[K
[6.272s] [01m[K/home/cafsanchezdi/ros2_ws/src/sdv_un_ros/sdv_serial/src/sdv_serial_node2.cpp:180:34:[m[K [01;31m[Kerror: [m[Kexpected unqualified-id before â€˜[01m[K&[m[Kâ€™ token
[6.272s]   180 |     } catch (serial::IOException [01;31m[K&[m[Ke) {
[6.272s]       |                                  [01;31m[K^[m[K
[6.272s] [01m[K/home/cafsanchezdi/ros2_ws/src/sdv_un_ros/sdv_serial/src/sdv_serial_node2.cpp:180:34:[m[K [01;31m[Kerror: [m[Kexpected â€˜[01m[K)[m[Kâ€™ before â€˜[01m[K&[m[Kâ€™ token
[6.272s] [01m[K/home/cafsanchezdi/ros2_ws/src/sdv_un_ros/sdv_serial/src/sdv_serial_node2.cpp:180:13:[m[K [01;36m[Knote: [m[Kto match this â€˜[01m[K([m[Kâ€™
[6.272s]   180 |     } catch [01;36m[K([m[Kserial::IOException &e) {
[6.273s]       |             [01;36m[K^[m[K
[6.273s] [01m[K/home/cafsanchezdi/ros2_ws/src/sdv_un_ros/sdv_serial/src/sdv_serial_node2.cpp:180:34:[m[K [01;31m[Kerror: [m[Kexpected â€˜[01m[K{[m[Kâ€™ before â€˜[01m[K&[m[Kâ€™ token
[6.273s]   180 |     } catch (serial::IOException [01;31m[K&[m[Ke) {
[6.273s]       |                                  [01;31m[K^[m[K
[6.280s] [01m[K/home/cafsanchezdi/ros2_ws/src/sdv_un_ros/sdv_serial/src/sdv_serial_node2.cpp:180:35:[m[K [01;31m[Kerror: [m[Kâ€˜[01m[Ke[m[Kâ€™ was not declared in this scope
[6.280s]   180 |     } catch (serial::IOException &[01;31m[Ke[m[K) {
[6.280s]       |                                   [01;31m[K^[m[K
[6.289s] [01m[K/home/cafsanchezdi/ros2_ws/src/sdv_un_ros/sdv_serial/src/sdv_serial_node2.cpp:[m[K In member function â€˜[01m[Kvoid SDVSerialNode::[01;32m[Kstart_serial_communication[m[K()[m[Kâ€™:
[6.289s] [01m[K/home/cafsanchezdi/ros2_ws/src/sdv_un_ros/sdv_serial/src/sdv_serial_node2.cpp:191:5:[m[K [01;31m[Kerror: [m[Kâ€˜[01m[Kser_[m[Kâ€™ was not declared in this scope
[6.289s]   191 |     [01;31m[Kser_[m[K.write("if 0\r");
[6.290s]       |     [01;31m[K^~~~[m[K
[6.307s] [01m[K/home/cafsanchezdi/ros2_ws/src/sdv_un_ros/sdv_serial/src/sdv_serial_node2.cpp:[m[K In member function â€˜[01m[Kvoid SDVSerialNode::[01;32m[Kprocess_serial[m[K()[m[Kâ€™:
[6.307s] [01m[K/home/cafsanchezdi/ros2_ws/src/sdv_un_ros/sdv_serial/src/sdv_serial_node2.cpp:262:9:[m[K [01;31m[Kerror: [m[Kâ€˜[01m[Kser_[m[Kâ€™ was not declared in this scope
[6.307s]   262 |     if ([01;31m[Kser_[m[K.available()) {
[6.307s]       |         [01;31m[K^~~~[m[K
[6.318s] [01m[K/home/cafsanchezdi/ros2_ws/src/sdv_un_ros/sdv_serial/src/sdv_serial_node2.cpp:299:9:[m[K [01;31m[Kerror: [m[Kâ€˜[01m[Kser_[m[Kâ€™ was not declared in this scope
[6.319s]   299 |         [01;31m[Kser_[m[K.write(msg);
[6.319s]       |         [01;31m[K^~~~[m[K
[13.172s] gmake[2]: *** [CMakeFiles/sdv_serial_node2.dir/build.make:79: CMakeFiles/sdv_serial_node2.dir/src/sdv_serial_node2.cpp.o] Error 1
[13.172s] gmake[2]: Leaving directory '/home/cafsanchezdi/ros2_ws/build/sdv_serial'
[13.173s] gmake[1]: *** [CMakeFiles/Makefile2:629: CMakeFiles/sdv_serial_node2.dir/all] Error 2
[13.173s] gmake[1]: Leaving directory '/home/cafsanchezdi/ros2_ws/build/sdv_serial'
[13.174s] gmake: *** [Makefile:149: all] Error 2
[13.177s] 
[13.180s] Invoked command in '/home/cafsanchezdi/ros2_ws/build/sdv_serial' returned '2': DEBUGINFOD_URLS=https://debuginfod.ubuntu.com /usr/bin/cmake --build /home/cafsanchezdi/ros2_ws/build/sdv_serial -- -j4 -l4
