[01m[K/home/cafsanchezdi/ros2_ws/src/sdv_un_ros/sdv_serial/src/sdv_serial_node2.cpp:101:28:[m[K [01;31m[Kerror: [m[Kâ€˜[01m[KIoContext[m[Kâ€™ is not a member of â€˜[01m[Kdrivers[m[Kâ€™
  101 |   std::shared_ptr<drivers::[01;31m[KIoContext[m[K> io_context_;
      |                            [01;31m[K^~~~~~~~~[m[K
[01m[K/home/cafsanchezdi/ros2_ws/src/sdv_un_ros/sdv_serial/src/sdv_serial_node2.cpp:101:28:[m[K [01;36m[Knote: [m[Ksuggested alternatives:
In file included from [01m[K/opt/ros/jazzy/include/serial_driver/serial_driver.hpp:21[m[K,
                 from [01m[K/home/cafsanchezdi/ros2_ws/src/sdv_un_ros/sdv_serial/src/sdv_serial_node2.cpp:23[m[K:
[01m[K/opt/ros/jazzy/include/io_context/io_context.hpp:59:7:[m[K [01;36m[Knote: [m[K  â€˜[01m[Kdrivers::common::IoContext[m[Kâ€™
   59 | class [01;36m[KIoContext[m[K
      |       [01;36m[K^~~~~~~~~[m[K
[01m[K/opt/ros/jazzy/include/io_context/io_context.hpp:59:7:[m[K [01;36m[Knote: [m[K  â€˜[01m[Kdrivers::common::IoContext[m[Kâ€™
[01m[K/home/cafsanchezdi/ros2_ws/src/sdv_un_ros/sdv_serial/src/sdv_serial_node2.cpp:101:37:[m[K [01;31m[Kerror: [m[Ktemplate argument 1 is invalid
  101 |   std::shared_ptr<drivers::IoContext[01;31m[K>[m[K io_context_;
      |                                     [01;31m[K^[m[K
[01m[K/home/cafsanchezdi/ros2_ws/src/sdv_un_ros/sdv_serial/src/sdv_serial_node2.cpp:[m[K In constructor â€˜[01m[KSDVSerialNode::[01;32m[KSDVSerialNode[m[K()[m[Kâ€™:
[01m[K/home/cafsanchezdi/ros2_ws/src/sdv_un_ros/sdv_serial/src/sdv_serial_node2.cpp:43:59:[m[K [01;31m[Kerror: [m[Kâ€˜[01m[KIoContext[m[Kâ€™ is not a member of â€˜[01m[Kdrivers[m[Kâ€™
   43 |                     io_context_(std::make_shared<drivers::[01;31m[KIoContext[m[K>())
      |                                                           [01;31m[K^~~~~~~~~[m[K
[01m[K/home/cafsanchezdi/ros2_ws/src/sdv_un_ros/sdv_serial/src/sdv_serial_node2.cpp:43:59:[m[K [01;36m[Knote: [m[Ksuggested alternatives:
[01m[K/opt/ros/jazzy/include/io_context/io_context.hpp:59:7:[m[K [01;36m[Knote: [m[K  â€˜[01m[Kdrivers::common::IoContext[m[Kâ€™
   59 | class [01;36m[KIoContext[m[K
      |       [01;36m[K^~~~~~~~~[m[K
[01m[K/opt/ros/jazzy/include/io_context/io_context.hpp:59:7:[m[K [01;36m[Knote: [m[K  â€˜[01m[Kdrivers::common::IoContext[m[Kâ€™
[01m[K/home/cafsanchezdi/ros2_ws/src/sdv_un_ros/sdv_serial/src/sdv_serial_node2.cpp:43:69:[m[K [01;31m[Kerror: [m[Kno matching function for call to â€˜[01m[Kmake_shared<<expression error> >()[m[Kâ€™
   43 |                     io_context_([01;31m[Kstd::make_shared<drivers::IoContext>()[m[K)
      |                                 [01;31m[K~~~~~~~~~~~~~~~~~~~~~~~~~~~~~~~~~~~~^~[m[K
In file included from [01m[K/usr/include/c++/13/memory:80[m[K,
                 from [01m[K/opt/ros/jazzy/include/std_msgs/std_msgs/msg/detail/string__struct.hpp:13[m[K,
                 from [01m[K/opt/ros/jazzy/include/std_msgs/std_msgs/msg/string.hpp:7[m[K,
                 from [01m[K/home/cafsanchezdi/ros2_ws/src/sdv_un_ros/sdv_serial/src/sdv_serial_node2.cpp:1[m[K:
[01m[K/usr/include/c++/13/bits/shared_ptr.h:1005:5:[m[K [01;36m[Knote: [m[Kcandidate: â€˜[01m[Ktemplate<class _Tp, class ... _Args> std::shared_ptr<typename std::enable_if<(! std::is_array< <template-parameter-1-1> >::value), _Tp>::type> std::[01;32m[Kmake_shared[m[K(_Args&& ...)[m[Kâ€™
 1005 |     [01;36m[Kmake_shared[m[K(_Args&&... __args)
      |     [01;36m[K^~~~~~~~~~~[m[K
[01m[K/usr/include/c++/13/bits/shared_ptr.h:1005:5:[m[K [01;36m[Knote: [m[K  template argument deduction/substitution failed:
[01m[K/home/cafsanchezdi/ros2_ws/src/sdv_un_ros/sdv_serial/src/sdv_serial_node2.cpp:43:69:[m[K [01;31m[Kerror: [m[Ktemplate argument 1 is invalid
   43 |                     io_context_([01;31m[Kstd::make_shared<drivers::IoContext>()[m[K)
      |                                 [01;31m[K~~~~~~~~~~~~~~~~~~~~~~~~~~~~~~~~~~~~^~[m[K
[01m[K/home/cafsanchezdi/ros2_ws/src/sdv_un_ros/sdv_serial/src/sdv_serial_node2.cpp:71:77:[m[K [01;31m[Kerror: [m[Kinvalid type argument of unary â€˜[01m[K*[m[Kâ€™ (have â€˜[01m[Kint[m[Kâ€™)
   71 |     serial_driver_ = std::make_shared<drivers::serial_driver::SerialDriver>([01;31m[K*io_context_[m[K);
      |                                                                             [01;31m[K^~~~~~~~~~~~[m[K
[01m[K/home/cafsanchezdi/ros2_ws/src/sdv_un_ros/sdv_serial/src/sdv_serial_node2.cpp:74:46:[m[K [01;31m[Kerror: [m[Kno matching function for call to â€˜[01m[Kdrivers::serial_driver::SerialPortConfig::SerialPortConfig()[m[Kâ€™
   74 |     drivers::serial_driver::SerialPortConfig [01;31m[Kconfig[m[K;
      |                                              [01;31m[K^~~~~~[m[K
In file included from [01m[K/opt/ros/jazzy/include/serial_driver/serial_driver.hpp:22[m[K:
[01m[K/opt/ros/jazzy/include/serial_driver/serial_port.hpp:61:3:[m[K [01;36m[Knote: [m[Kcandidate: â€˜[01m[Kdrivers::serial_driver::SerialPortConfig::[01;32m[KSerialPortConfig[m[K(uint32_t, drivers::serial_driver::FlowControl, drivers::serial_driver::Parity, drivers::serial_driver::StopBits)[m[Kâ€™
   61 |   [01;36m[KSerialPortConfig[m[K(
      |   [01;36m[K^~~~~~~~~~~~~~~~[m[K
[01m[K/opt/ros/jazzy/include/serial_driver/serial_port.hpp:61:3:[m[K [01;36m[Knote: [m[K  candidate expects 4 arguments, 0 provided
[01m[K/opt/ros/jazzy/include/serial_driver/serial_port.hpp:57:7:[m[K [01;36m[Knote: [m[Kcandidate: â€˜[01m[Kconstexpr drivers::serial_driver::SerialPortConfig::[01;32m[KSerialPortConfig[m[K(const drivers::serial_driver::SerialPortConfig&)[m[Kâ€™
   57 | class [01;36m[KSerialPortConfig[m[K
      |       [01;36m[K^~~~~~~~~~~~~~~~[m[K
[01m[K/opt/ros/jazzy/include/serial_driver/serial_port.hpp:57:7:[m[K [01;36m[Knote: [m[K  candidate expects 1 argument, 0 provided
[01m[K/opt/ros/jazzy/include/serial_driver/serial_port.hpp:57:7:[m[K [01;36m[Knote: [m[Kcandidate: â€˜[01m[Kconstexpr drivers::serial_driver::SerialPortConfig::[01;32m[KSerialPortConfig[m[K(drivers::serial_driver::SerialPortConfig&&)[m[Kâ€™
[01m[K/opt/ros/jazzy/include/serial_driver/serial_port.hpp:57:7:[m[K [01;36m[Knote: [m[K  candidate expects 1 argument, 0 provided
[01m[K/home/cafsanchezdi/ros2_ws/src/sdv_un_ros/sdv_serial/src/sdv_serial_node2.cpp:75:12:[m[K [01;31m[Kerror: [m[Kâ€˜[01m[Kclass drivers::serial_driver::SerialPortConfig[m[Kâ€™ has no member named â€˜[01m[Kbaud_rate[m[Kâ€™; did you mean â€˜[01m[Kuint32_t drivers::serial_driver::SerialPortConfig::m_baud_rate[m[Kâ€™? (accessible via â€˜[01m[Kuint32_t drivers::serial_driver::SerialPortConfig::[01;32m[Kget_baud_rate[m[K() const[m[Kâ€™)
   75 |     config.[01;31m[Kbaud_rate[m[K = baudrate_;
      |            [01;31m[K^~~~~~~~~[m[K
      |            [32m[Kget_baud_rate()[m[K
[01m[K/home/cafsanchezdi/ros2_ws/src/sdv_un_ros/sdv_serial/src/sdv_serial_node2.cpp:[m[K In member function â€˜[01m[Kint SDVSerialNode::[01;32m[Kopen_serial_port[m[K(const std::string&)[m[Kâ€™:
[01m[K/home/cafsanchezdi/ros2_ws/src/sdv_un_ros/sdv_serial/src/sdv_serial_node2.cpp:179:7:[m[K [01;31m[Kerror: [m[Kâ€˜[01m[Kser_[m[Kâ€™ was not declared in this scope
  179 |       [01;31m[Kser_[m[K.setPort(portx);
      |       [01;31m[K^~~~[m[K
[01m[K/home/cafsanchezdi/ros2_ws/src/sdv_un_ros/sdv_serial/src/sdv_serial_node2.cpp:181:7:[m[K [01;31m[Kerror: [m[Kâ€˜[01m[Kserial[m[Kâ€™ has not been declared
  181 |       [01;31m[Kserial[m[K::Timeout to = serial::Timeout::simpleTimeout(10);
      |       [01;31m[K^~~~~~[m[K
[01m[K/home/cafsanchezdi/ros2_ws/src/sdv_un_ros/sdv_serial/src/sdv_serial_node2.cpp:182:23:[m[K [01;31m[Kerror: [m[Kâ€˜[01m[Kto[m[Kâ€™ was not declared in this scope; did you mean â€˜[01m[Ktm[m[Kâ€™?
  182 |       ser_.setTimeout([01;31m[Kto[m[K);
      |                       [01;31m[K^~[m[K
      |                       [32m[Ktm[m[K
[01m[K/home/cafsanchezdi/ros2_ws/src/sdv_un_ros/sdv_serial/src/sdv_serial_node2.cpp:184:14:[m[K [01;31m[Kerror: [m[Kâ€˜[01m[Kserial[m[Kâ€™ does not name a type
  184 |     } catch ([01;31m[Kserial[m[K::IOException &e) {
      |              [01;31m[K^~~~~~[m[K
[01m[K/home/cafsanchezdi/ros2_ws/src/sdv_un_ros/sdv_serial/src/sdv_serial_node2.cpp:184:34:[m[K [01;31m[Kerror: [m[Kexpected unqualified-id before â€˜[01m[K&[m[Kâ€™ token
  184 |     } catch (serial::IOException [01;31m[K&[m[Ke) {
      |                                  [01;31m[K^[m[K
[01m[K/home/cafsanchezdi/ros2_ws/src/sdv_un_ros/sdv_serial/src/sdv_serial_node2.cpp:184:34:[m[K [01;31m[Kerror: [m[Kexpected â€˜[01m[K)[m[Kâ€™ before â€˜[01m[K&[m[Kâ€™ token
[01m[K/home/cafsanchezdi/ros2_ws/src/sdv_un_ros/sdv_serial/src/sdv_serial_node2.cpp:184:13:[m[K [01;36m[Knote: [m[Kto match this â€˜[01m[K([m[Kâ€™
  184 |     } catch [01;36m[K([m[Kserial::IOException &e) {
      |             [01;36m[K^[m[K
[01m[K/home/cafsanchezdi/ros2_ws/src/sdv_un_ros/sdv_serial/src/sdv_serial_node2.cpp:184:34:[m[K [01;31m[Kerror: [m[Kexpected â€˜[01m[K{[m[Kâ€™ before â€˜[01m[K&[m[Kâ€™ token
  184 |     } catch (serial::IOException [01;31m[K&[m[Ke) {
      |                                  [01;31m[K^[m[K
[01m[K/home/cafsanchezdi/ros2_ws/src/sdv_un_ros/sdv_serial/src/sdv_serial_node2.cpp:184:35:[m[K [01;31m[Kerror: [m[Kâ€˜[01m[Ke[m[Kâ€™ was not declared in this scope
  184 |     } catch (serial::IOException &[01;31m[Ke[m[K) {
      |                                   [01;31m[K^[m[K
[01m[K/home/cafsanchezdi/ros2_ws/src/sdv_un_ros/sdv_serial/src/sdv_serial_node2.cpp:[m[K In member function â€˜[01m[Kvoid SDVSerialNode::[01;32m[Kstart_serial_communication[m[K()[m[Kâ€™:
[01m[K/home/cafsanchezdi/ros2_ws/src/sdv_un_ros/sdv_serial/src/sdv_serial_node2.cpp:195:5:[m[K [01;31m[Kerror: [m[Kâ€˜[01m[Kser_[m[Kâ€™ was not declared in this scope
  195 |     [01;31m[Kser_[m[K.write("if 0\r");
      |     [01;31m[K^~~~[m[K
[01m[K/home/cafsanchezdi/ros2_ws/src/sdv_un_ros/sdv_serial/src/sdv_serial_node2.cpp:[m[K In member function â€˜[01m[Kvoid SDVSerialNode::[01;32m[Kprocess_serial[m[K()[m[Kâ€™:
[01m[K/home/cafsanchezdi/ros2_ws/src/sdv_un_ros/sdv_serial/src/sdv_serial_node2.cpp:266:9:[m[K [01;31m[Kerror: [m[Kâ€˜[01m[Kser_[m[Kâ€™ was not declared in this scope
  266 |     if ([01;31m[Kser_[m[K.available()) {
      |         [01;31m[K^~~~[m[K
[01m[K/home/cafsanchezdi/ros2_ws/src/sdv_un_ros/sdv_serial/src/sdv_serial_node2.cpp:303:9:[m[K [01;31m[Kerror: [m[Kâ€˜[01m[Kser_[m[Kâ€™ was not declared in this scope
  303 |         [01;31m[Kser_[m[K.write(msg);
      |         [01;31m[K^~~~[m[K
gmake[2]: *** [CMakeFiles/sdv_serial_node2.dir/build.make:79: CMakeFiles/sdv_serial_node2.dir/src/sdv_serial_node2.cpp.o] Error 1
gmake[1]: *** [CMakeFiles/Makefile2:629: CMakeFiles/sdv_serial_node2.dir/all] Error 2
gmake: *** [Makefile:149: all] Error 2
