[01m[K/home/cafsanchezdi/ros2_ws/src/sdv_un_ros/sdv_serial/src/sdv_serial_node2.cpp:97:3:[m[K [01;31m[Kerror: [m[Kâ€˜[01m[Kserial_driver[m[Kâ€™ does not name a type
   97 |   [01;31m[Kserial_driver[m[K::SerialDriver ser_;
      |   [01;31m[K^~~~~~~~~~~~~[m[K
[01m[K/home/cafsanchezdi/ros2_ws/src/sdv_un_ros/sdv_serial/src/sdv_serial_node2.cpp:[m[K In constructor â€˜[01m[KSDVSerialNode::[01;32m[KSDVSerialNode[m[K()[m[Kâ€™:
[01m[K/home/cafsanchezdi/ros2_ws/src/sdv_un_ros/sdv_serial/src/sdv_serial_node2.cpp:77:10:[m[K [01;31m[Kerror: [m[Kâ€˜[01m[Kser_[m[Kâ€™ was not declared in this scope
   77 |       if([01;31m[Kser_[m[K.isOpen())
      |          [01;31m[K^~~~[m[K
[01m[K/home/cafsanchezdi/ros2_ws/src/sdv_un_ros/sdv_serial/src/sdv_serial_node2.cpp:[m[K In member function â€˜[01m[Kint SDVSerialNode::[01;32m[Kopen_serial_port[m[K(const std::string&)[m[Kâ€™:
[01m[K/home/cafsanchezdi/ros2_ws/src/sdv_un_ros/sdv_serial/src/sdv_serial_node2.cpp:174:7:[m[K [01;31m[Kerror: [m[Kâ€˜[01m[Kser_[m[Kâ€™ was not declared in this scope
  174 |       [01;31m[Kser_[m[K.setPort(portx);
      |       [01;31m[K^~~~[m[K
[01m[K/home/cafsanchezdi/ros2_ws/src/sdv_un_ros/sdv_serial/src/sdv_serial_node2.cpp:176:7:[m[K [01;31m[Kerror: [m[Kâ€˜[01m[Kserial[m[Kâ€™ has not been declared
  176 |       [01;31m[Kserial[m[K::Timeout to = serial::Timeout::simpleTimeout(10);
      |       [01;31m[K^~~~~~[m[K
[01m[K/home/cafsanchezdi/ros2_ws/src/sdv_un_ros/sdv_serial/src/sdv_serial_node2.cpp:177:23:[m[K [01;31m[Kerror: [m[Kâ€˜[01m[Kto[m[Kâ€™ was not declared in this scope; did you mean â€˜[01m[Ktm[m[Kâ€™?
  177 |       ser_.setTimeout([01;31m[Kto[m[K);
      |                       [01;31m[K^~[m[K
      |                       [32m[Ktm[m[K
[01m[K/home/cafsanchezdi/ros2_ws/src/sdv_un_ros/sdv_serial/src/sdv_serial_node2.cpp:179:14:[m[K [01;31m[Kerror: [m[Kâ€˜[01m[Kserial[m[Kâ€™ does not name a type
  179 |     } catch ([01;31m[Kserial[m[K::IOException &e) {
      |              [01;31m[K^~~~~~[m[K
[01m[K/home/cafsanchezdi/ros2_ws/src/sdv_un_ros/sdv_serial/src/sdv_serial_node2.cpp:179:34:[m[K [01;31m[Kerror: [m[Kexpected unqualified-id before â€˜[01m[K&[m[Kâ€™ token
  179 |     } catch (serial::IOException [01;31m[K&[m[Ke) {
      |                                  [01;31m[K^[m[K
[01m[K/home/cafsanchezdi/ros2_ws/src/sdv_un_ros/sdv_serial/src/sdv_serial_node2.cpp:179:34:[m[K [01;31m[Kerror: [m[Kexpected â€˜[01m[K)[m[Kâ€™ before â€˜[01m[K&[m[Kâ€™ token
[01m[K/home/cafsanchezdi/ros2_ws/src/sdv_un_ros/sdv_serial/src/sdv_serial_node2.cpp:179:13:[m[K [01;36m[Knote: [m[Kto match this â€˜[01m[K([m[Kâ€™
  179 |     } catch [01;36m[K([m[Kserial::IOException &e) {
      |             [01;36m[K^[m[K
[01m[K/home/cafsanchezdi/ros2_ws/src/sdv_un_ros/sdv_serial/src/sdv_serial_node2.cpp:179:34:[m[K [01;31m[Kerror: [m[Kexpected â€˜[01m[K{[m[Kâ€™ before â€˜[01m[K&[m[Kâ€™ token
  179 |     } catch (serial::IOException [01;31m[K&[m[Ke) {
      |                                  [01;31m[K^[m[K
[01m[K/home/cafsanchezdi/ros2_ws/src/sdv_un_ros/sdv_serial/src/sdv_serial_node2.cpp:179:35:[m[K [01;31m[Kerror: [m[Kâ€˜[01m[Ke[m[Kâ€™ was not declared in this scope
  179 |     } catch (serial::IOException &[01;31m[Ke[m[K) {
      |                                   [01;31m[K^[m[K
[01m[K/home/cafsanchezdi/ros2_ws/src/sdv_un_ros/sdv_serial/src/sdv_serial_node2.cpp:[m[K In member function â€˜[01m[Kvoid SDVSerialNode::[01;32m[Kstart_serial_communication[m[K()[m[Kâ€™:
[01m[K/home/cafsanchezdi/ros2_ws/src/sdv_un_ros/sdv_serial/src/sdv_serial_node2.cpp:190:5:[m[K [01;31m[Kerror: [m[Kâ€˜[01m[Kser_[m[Kâ€™ was not declared in this scope
  190 |     [01;31m[Kser_[m[K.write("if 0\r");
      |     [01;31m[K^~~~[m[K
[01m[K/home/cafsanchezdi/ros2_ws/src/sdv_un_ros/sdv_serial/src/sdv_serial_node2.cpp:[m[K In member function â€˜[01m[Kvoid SDVSerialNode::[01;32m[Kprocess_serial[m[K()[m[Kâ€™:
[01m[K/home/cafsanchezdi/ros2_ws/src/sdv_un_ros/sdv_serial/src/sdv_serial_node2.cpp:261:9:[m[K [01;31m[Kerror: [m[Kâ€˜[01m[Kser_[m[Kâ€™ was not declared in this scope
  261 |     if ([01;31m[Kser_[m[K.available()) {
      |         [01;31m[K^~~~[m[K
[01m[K/home/cafsanchezdi/ros2_ws/src/sdv_un_ros/sdv_serial/src/sdv_serial_node2.cpp:298:9:[m[K [01;31m[Kerror: [m[Kâ€˜[01m[Kser_[m[Kâ€™ was not declared in this scope
  298 |         [01;31m[Kser_[m[K.write(msg);
      |         [01;31m[K^~~~[m[K
gmake[2]: *** [CMakeFiles/sdv_serial_node2.dir/build.make:79: CMakeFiles/sdv_serial_node2.dir/src/sdv_serial_node2.cpp.o] Error 1
gmake[1]: *** [CMakeFiles/Makefile2:629: CMakeFiles/sdv_serial_node2.dir/all] Error 2
gmake: *** [Makefile:149: all] Error 2
